[ 2012-06-06T00:17:42+08:00 ] /admin.php | DEBUG: Tag[ app_begin ] --START--
[ 2012-06-06T00:17:42+08:00 ] /admin.php | DEBUG: Run ReadHtmlCache Behavior [ RunTime:0.004970s ]
[ 2012-06-06T00:17:42+08:00 ] /admin.php | DEBUG: Run CheckTemplate Behavior [ RunTime:0.003223s ]
[ 2012-06-06T00:17:42+08:00 ] /admin.php | DEBUG: Tag[ app_begin ] --END-- [ RunTime:0.033375s ]
[ 2012-06-06T00:17:42+08:00 ] /admin.php | DEBUG: Tag[ view_template ] --START--
[ 2012-06-06T00:17:42+08:00 ] /admin.php | DEBUG: Run LocationTemplate Behavior [ RunTime:0.020976s ]
[ 2012-06-06T00:17:42+08:00 ] /admin.php | DEBUG: Tag[ view_template ] --END-- [ RunTime:0.021118s ]
[ 2012-06-06T00:17:42+08:00 ] /admin.php | DEBUG: Tag[ view_parse ] --START--
[ 2012-06-06T00:17:42+08:00 ] /admin.php | DEBUG: Run ParseTemplate Behavior [ RunTime:0.036656s ]
[ 2012-06-06T00:17:42+08:00 ] /admin.php | DEBUG: Tag[ view_parse ] --END-- [ RunTime:0.036793s ]
[ 2012-06-06T00:17:42+08:00 ] /admin.php | DEBUG: Tag[ view_filter ] --START--
[ 2012-06-06T00:17:42+08:00 ] /admin.php | DEBUG: Run ContentReplace Behavior [ RunTime:0.002413s ]
[ 2012-06-06T00:17:42+08:00 ] /admin.php | DEBUG: Run TokenBuild Behavior [ RunTime:0.012598s ]
[ 2012-06-06T00:17:42+08:00 ] /admin.php | DEBUG: Run WriteHtmlCache Behavior [ RunTime:0.002185s ]
[ 2012-06-06T00:17:42+08:00 ] /admin.php | DEBUG: Run ShowRuntime Behavior [ RunTime:0.002195s ]
[ 2012-06-06T00:17:42+08:00 ] /admin.php | DEBUG: Tag[ view_filter ] --END-- [ RunTime:0.019646s ]
[ 2012-06-06T00:17:42+08:00 ] /admin.php | DEBUG: Tag[ view_end ] --START--
[ 2012-06-06T00:17:42+08:00 ] /admin.php | DEBUG: Run ShowPageTrace Behavior [ RunTime:0.020729s ]
[ 2012-06-06T00:17:42+08:00 ] /admin.php | DEBUG: Tag[ view_end ] --END-- [ RunTime:0.020874s ]
[ 2012-06-06T00:17:43+08:00 ] /admin.php/Index/verify/ | DEBUG: Tag[ route_check ] --START--
[ 2012-06-06T00:17:43+08:00 ] /admin.php/Index/verify/ | DEBUG: Run CheckRoute Behavior [ RunTime:0.002592s ]
[ 2012-06-06T00:17:43+08:00 ] /admin.php/Index/verify/ | DEBUG: Tag[ route_check ] --END-- [ RunTime:0.002727s ]
[ 2012-06-06T00:17:43+08:00 ] /admin.php/Index/verify/ | DEBUG: Tag[ app_begin ] --START--
[ 2012-06-06T00:17:43+08:00 ] /admin.php/Index/verify/ | DEBUG: Run ReadHtmlCache Behavior [ RunTime:0.002849s ]
[ 2012-06-06T00:17:43+08:00 ] /admin.php/Index/verify/ | DEBUG: Run CheckTemplate Behavior [ RunTime:0.003032s ]
[ 2012-06-06T00:17:43+08:00 ] /admin.php/Index/verify/ | DEBUG: Tag[ app_begin ] --END-- [ RunTime:0.006136s ]
[ 2012-06-06T00:18:01+08:00 ] /admin.php/Home/login.shtml | DEBUG: Tag[ route_check ] --START--
[ 2012-06-06T00:18:01+08:00 ] /admin.php/Home/login.shtml | DEBUG: Run CheckRoute Behavior [ RunTime:0.002251s ]
[ 2012-06-06T00:18:01+08:00 ] /admin.php/Home/login.shtml | DEBUG: Tag[ route_check ] --END-- [ RunTime:0.002407s ]
[ 2012-06-06T00:18:01+08:00 ] /admin.php/Home/login.shtml | DEBUG: Tag[ app_begin ] --START--
[ 2012-06-06T00:18:01+08:00 ] /admin.php/Home/login.shtml | DEBUG: Run ReadHtmlCache Behavior [ RunTime:0.001783s ]
[ 2012-06-06T00:18:01+08:00 ] /admin.php/Home/login.shtml | DEBUG: Run CheckTemplate Behavior [ RunTime:0.001383s ]
[ 2012-06-06T00:18:01+08:00 ] /admin.php/Home/login.shtml | DEBUG: Tag[ app_begin ] --END-- [ RunTime:0.003288s ]
[ 2012-06-06T00:18:04+08:00 ] /admin.php/Home/login.shtml | SQL: SHOW COLUMNS FROM `qilihai_admin` [ RunTime:0.817369s ]
[ 2012-06-06T00:18:04+08:00 ] /admin.php/Home/login.shtml | SQL: SELECT * FROM `qilihai_admin` WHERE ( `username` = 'gg' ) AND ( `password` = '73c18c59a39b18382081ec00bb456d43' ) LIMIT 1   [ RunTime:0.110424s ]
[ 2012-06-06T00:18:04+08:00 ] /admin.php/Home/login.shtml | SQL: UPDATE `qilihai_admin` SET `last_login_time`=1338913084 WHERE ( `username` = 'gg' ) AND ( `password` = '73c18c59a39b18382081ec00bb456d43' ) [ RunTime:0.004080s ]
[ 2012-06-06T00:18:04+08:00 ] /admin.php/Home/login.shtml | DEBUG: Tag[ view_template ] --START--
[ 2012-06-06T00:18:04+08:00 ] /admin.php/Home/login.shtml | DEBUG: Run LocationTemplate Behavior [ RunTime:0.014864s ]
[ 2012-06-06T00:18:04+08:00 ] /admin.php/Home/login.shtml | DEBUG: Tag[ view_template ] --END-- [ RunTime:0.015062s ]
[ 2012-06-06T00:18:04+08:00 ] /admin.php/Home/login.shtml | DEBUG: Tag[ view_parse ] --START--
[ 2012-06-06T00:18:04+08:00 ] /admin.php/Home/login.shtml | NOTIC: [8] Undefined variable: title fdb8b4c06fba2ac11ecc127c153c19ce.php 第 88 行.
[ 2012-06-06T00:18:04+08:00 ] /admin.php/Home/login.shtml | DEBUG: Run ParseTemplate Behavior [ RunTime:0.023908s ]
[ 2012-06-06T00:18:04+08:00 ] /admin.php/Home/login.shtml | DEBUG: Tag[ view_parse ] --END-- [ RunTime:0.024071s ]
[ 2012-06-06T00:18:04+08:00 ] /admin.php/Home/login.shtml | DEBUG: Tag[ view_filter ] --START--
[ 2012-06-06T00:18:04+08:00 ] /admin.php/Home/login.shtml | DEBUG: Run ContentReplace Behavior [ RunTime:0.004950s ]
[ 2012-06-06T00:18:04+08:00 ] /admin.php/Home/login.shtml | DEBUG: Run TokenBuild Behavior [ RunTime:0.003332s ]
[ 2012-06-06T00:18:04+08:00 ] /admin.php/Home/login.shtml | DEBUG: Run WriteHtmlCache Behavior [ RunTime:0.002902s ]
[ 2012-06-06T00:18:04+08:00 ] /admin.php/Home/login.shtml | DEBUG: Run ShowRuntime Behavior [ RunTime:0.003260s ]
[ 2012-06-06T00:18:04+08:00 ] /admin.php/Home/login.shtml | DEBUG: Tag[ view_filter ] --END-- [ RunTime:0.014869s ]
[ 2012-06-06T00:18:04+08:00 ] /admin.php/Home/login.shtml | DEBUG: Tag[ view_end ] --START--
[ 2012-06-06T00:18:04+08:00 ] /admin.php/Home/login.shtml | DEBUG: Run ShowPageTrace Behavior [ RunTime:0.021991s ]
[ 2012-06-06T00:18:04+08:00 ] /admin.php/Home/login.shtml | DEBUG: Tag[ view_end ] --END-- [ RunTime:0.022149s ]
[ 2012-06-06T00:18:05+08:00 ] /admin.php/js/jquery-1.4.1.js | ERR: (ThinkException) 无法加载模块js
[ 2012-06-06T00:18:10+08:00 ] /admin.php/Notice/noticeList | DEBUG: Tag[ route_check ] --START--
[ 2012-06-06T00:18:10+08:00 ] /admin.php/Notice/noticeList | DEBUG: Run CheckRoute Behavior [ RunTime:0.000887s ]
[ 2012-06-06T00:18:10+08:00 ] /admin.php/Notice/noticeList | DEBUG: Tag[ route_check ] --END-- [ RunTime:0.001015s ]
[ 2012-06-06T00:18:10+08:00 ] /admin.php/Notice/noticeList | DEBUG: Tag[ app_begin ] --START--
[ 2012-06-06T00:18:10+08:00 ] /admin.php/Notice/noticeList | DEBUG: Run ReadHtmlCache Behavior [ RunTime:0.000851s ]
[ 2012-06-06T00:18:10+08:00 ] /admin.php/Notice/noticeList | DEBUG: Run CheckTemplate Behavior [ RunTime:0.000520s ]
[ 2012-06-06T00:18:10+08:00 ] /admin.php/Notice/noticeList | DEBUG: Tag[ app_begin ] --END-- [ RunTime:0.002858s ]
[ 2012-06-06T00:18:11+08:00 ] /admin.php/Notice/noticeList | SQL: SHOW COLUMNS FROM `qilihai_notice` [ RunTime:0.050154s ]
[ 2012-06-06T00:18:11+08:00 ] /admin.php/Notice/noticeList | SQL: SELECT COUNT(*) AS tp_count FROM `qilihai_notice` LIMIT 1   [ RunTime:0.012827s ]
[ 2012-06-06T00:18:11+08:00 ] /admin.php/Notice/noticeList | SQL: SELECT * FROM `qilihai_notice` ORDER BY id LIMIT 0,20   [ RunTime:0.020174s ]
[ 2012-06-06T00:18:11+08:00 ] /admin.php/Notice/noticeList | DEBUG: Tag[ view_template ] --START--
[ 2012-06-06T00:18:11+08:00 ] /admin.php/Notice/noticeList | DEBUG: Run LocationTemplate Behavior [ RunTime:0.004384s ]
[ 2012-06-06T00:18:11+08:00 ] /admin.php/Notice/noticeList | DEBUG: Tag[ view_template ] --END-- [ RunTime:0.004491s ]
[ 2012-06-06T00:18:11+08:00 ] /admin.php/Notice/noticeList | DEBUG: Tag[ view_parse ] --START--
[ 2012-06-06T00:18:11+08:00 ] /admin.php/Notice/noticeList | DEBUG: Run ParseTemplate Behavior [ RunTime:0.068359s ]
[ 2012-06-06T00:18:11+08:00 ] /admin.php/Notice/noticeList | DEBUG: Tag[ view_parse ] --END-- [ RunTime:0.068508s ]
[ 2012-06-06T00:18:11+08:00 ] /admin.php/Notice/noticeList | DEBUG: Tag[ view_filter ] --START--
[ 2012-06-06T00:18:11+08:00 ] /admin.php/Notice/noticeList | DEBUG: Run ContentReplace Behavior [ RunTime:0.003103s ]
[ 2012-06-06T00:18:11+08:00 ] /admin.php/Notice/noticeList | DEBUG: Run TokenBuild Behavior [ RunTime:0.002244s ]
[ 2012-06-06T00:18:11+08:00 ] /admin.php/Notice/noticeList | DEBUG: Run WriteHtmlCache Behavior [ RunTime:0.002368s ]
[ 2012-06-06T00:18:11+08:00 ] /admin.php/Notice/noticeList | DEBUG: Run ShowRuntime Behavior [ RunTime:0.002291s ]
[ 2012-06-06T00:18:11+08:00 ] /admin.php/Notice/noticeList | DEBUG: Tag[ view_filter ] --END-- [ RunTime:0.010335s ]
[ 2012-06-06T00:18:11+08:00 ] /admin.php/Notice/noticeList | DEBUG: Tag[ view_end ] --START--
[ 2012-06-06T00:18:11+08:00 ] /admin.php/Notice/noticeList | DEBUG: Run ShowPageTrace Behavior [ RunTime:0.006533s ]
[ 2012-06-06T00:18:11+08:00 ] /admin.php/Notice/noticeList | DEBUG: Tag[ view_end ] --END-- [ RunTime:0.006694s ]
[ 2012-06-06T00:19:32+08:00 ] /admin.php/js/jquery-1.4.1.js | ERR: (ThinkException) 无法加载模块js
[ 2012-06-06T00:19:33+08:00 ] /admin.php/Index/verify/ | DEBUG: Tag[ route_check ] --START--
[ 2012-06-06T00:19:33+08:00 ] /admin.php/Index/verify/ | DEBUG: Run CheckRoute Behavior [ RunTime:0.001047s ]
[ 2012-06-06T00:19:33+08:00 ] /admin.php/Index/verify/ | DEBUG: Tag[ route_check ] --END-- [ RunTime:0.001243s ]
[ 2012-06-06T00:19:33+08:00 ] /admin.php/Index/verify/ | DEBUG: Tag[ app_begin ] --START--
[ 2012-06-06T00:19:33+08:00 ] /admin.php/Index/verify/ | DEBUG: Run ReadHtmlCache Behavior [ RunTime:0.000837s ]
[ 2012-06-06T00:19:33+08:00 ] /admin.php/Index/verify/ | DEBUG: Run CheckTemplate Behavior [ RunTime:0.000614s ]
[ 2012-06-06T00:19:33+08:00 ] /admin.php/Index/verify/ | DEBUG: Tag[ app_begin ] --END-- [ RunTime:0.001589s ]
[ 2012-06-06T00:28:18+08:00 ] /admin.php | DEBUG: Tag[ app_begin ] --START--
[ 2012-06-06T00:28:18+08:00 ] /admin.php | DEBUG: Run ReadHtmlCache Behavior [ RunTime:0.001564s ]
[ 2012-06-06T00:28:18+08:00 ] /admin.php | DEBUG: Run CheckTemplate Behavior [ RunTime:0.001277s ]
[ 2012-06-06T00:28:18+08:00 ] /admin.php | DEBUG: Tag[ app_begin ] --END-- [ RunTime:0.003014s ]
[ 2012-06-06T00:28:18+08:00 ] /admin.php | DEBUG: Tag[ view_template ] --START--
[ 2012-06-06T00:28:18+08:00 ] /admin.php | DEBUG: Run LocationTemplate Behavior [ RunTime:0.002451s ]
[ 2012-06-06T00:28:18+08:00 ] /admin.php | DEBUG: Tag[ view_template ] --END-- [ RunTime:0.002546s ]
[ 2012-06-06T00:28:18+08:00 ] /admin.php | DEBUG: Tag[ view_parse ] --START--
[ 2012-06-06T00:28:18+08:00 ] /admin.php | DEBUG: Run ParseTemplate Behavior [ RunTime:0.002259s ]
[ 2012-06-06T00:28:18+08:00 ] /admin.php | DEBUG: Tag[ view_parse ] --END-- [ RunTime:0.002337s ]
[ 2012-06-06T00:28:18+08:00 ] /admin.php | DEBUG: Tag[ view_filter ] --START--
[ 2012-06-06T00:28:18+08:00 ] /admin.php | DEBUG: Run ContentReplace Behavior [ RunTime:0.001309s ]
[ 2012-06-06T00:28:18+08:00 ] /admin.php | DEBUG: Run TokenBuild Behavior [ RunTime:0.001625s ]
[ 2012-06-06T00:28:18+08:00 ] /admin.php | DEBUG: Run WriteHtmlCache Behavior [ RunTime:0.001323s ]
[ 2012-06-06T00:28:18+08:00 ] /admin.php | DEBUG: Run ShowRuntime Behavior [ RunTime:0.001367s ]
[ 2012-06-06T00:28:18+08:00 ] /admin.php | DEBUG: Tag[ view_filter ] --END-- [ RunTime:0.005847s ]
[ 2012-06-06T00:28:18+08:00 ] /admin.php | DEBUG: Tag[ view_end ] --START--
[ 2012-06-06T00:28:18+08:00 ] /admin.php | DEBUG: Run ShowPageTrace Behavior [ RunTime:0.011497s ]
[ 2012-06-06T00:28:18+08:00 ] /admin.php | DEBUG: Tag[ view_end ] --END-- [ RunTime:0.011724s ]
[ 2012-06-06T00:28:18+08:00 ] /admin.php/Index/verify/ | DEBUG: Tag[ route_check ] --START--
[ 2012-06-06T00:28:18+08:00 ] /admin.php/Index/verify/ | DEBUG: Run CheckRoute Behavior [ RunTime:0.001675s ]
[ 2012-06-06T00:28:18+08:00 ] /admin.php/Index/verify/ | DEBUG: Tag[ route_check ] --END-- [ RunTime:0.001794s ]
[ 2012-06-06T00:28:18+08:00 ] /admin.php/Index/verify/ | DEBUG: Tag[ app_begin ] --START--
[ 2012-06-06T00:28:18+08:00 ] /admin.php/Index/verify/ | DEBUG: Run ReadHtmlCache Behavior [ RunTime:0.000631s ]
[ 2012-06-06T00:28:18+08:00 ] /admin.php/Index/verify/ | DEBUG: Run CheckTemplate Behavior [ RunTime:0.000463s ]
[ 2012-06-06T00:28:18+08:00 ] /admin.php/Index/verify/ | DEBUG: Tag[ app_begin ] --END-- [ RunTime:0.001215s ]
[ 2012-06-06T00:28:27+08:00 ] /admin.php/Home/login.shtml | DEBUG: Tag[ route_check ] --START--
[ 2012-06-06T00:28:27+08:00 ] /admin.php/Home/login.shtml | DEBUG: Run CheckRoute Behavior [ RunTime:0.003786s ]
[ 2012-06-06T00:28:27+08:00 ] /admin.php/Home/login.shtml | DEBUG: Tag[ route_check ] --END-- [ RunTime:0.003942s ]
[ 2012-06-06T00:28:27+08:00 ] /admin.php/Home/login.shtml | DEBUG: Tag[ app_begin ] --START--
[ 2012-06-06T00:28:27+08:00 ] /admin.php/Home/login.shtml | DEBUG: Run ReadHtmlCache Behavior [ RunTime:0.000731s ]
[ 2012-06-06T00:28:27+08:00 ] /admin.php/Home/login.shtml | DEBUG: Run CheckTemplate Behavior [ RunTime:0.000768s ]
[ 2012-06-06T00:28:27+08:00 ] /admin.php/Home/login.shtml | DEBUG: Tag[ app_begin ] --END-- [ RunTime:0.001650s ]
[ 2012-06-06T00:28:28+08:00 ] /admin.php/Home/login.shtml | SQL: SHOW COLUMNS FROM `qilihai_admin` [ RunTime:0.004542s ]
[ 2012-06-06T00:28:28+08:00 ] /admin.php/Home/login.shtml | SQL: SELECT * FROM `qilihai_admin` WHERE ( `username` = 'gg' ) AND ( `password` = '73c18c59a39b18382081ec00bb456d43' ) LIMIT 1   [ RunTime:0.000842s ]
[ 2012-06-06T00:28:28+08:00 ] /admin.php/Home/login.shtml | SQL: UPDATE `qilihai_admin` SET `last_login_time`=1338913708 WHERE ( `username` = 'gg' ) AND ( `password` = '73c18c59a39b18382081ec00bb456d43' ) [ RunTime:0.000345s ]
[ 2012-06-06T00:28:28+08:00 ] /admin.php/Home/login.shtml | DEBUG: Tag[ view_template ] --START--
[ 2012-06-06T00:28:28+08:00 ] /admin.php/Home/login.shtml | DEBUG: Run LocationTemplate Behavior [ RunTime:0.001749s ]
[ 2012-06-06T00:28:28+08:00 ] /admin.php/Home/login.shtml | DEBUG: Tag[ view_template ] --END-- [ RunTime:0.001824s ]
[ 2012-06-06T00:28:28+08:00 ] /admin.php/Home/login.shtml | DEBUG: Tag[ view_parse ] --START--
[ 2012-06-06T00:28:28+08:00 ] /admin.php/Home/login.shtml | NOTIC: [8] Undefined variable: title fdb8b4c06fba2ac11ecc127c153c19ce.php 第 88 行.
[ 2012-06-06T00:28:28+08:00 ] /admin.php/Home/login.shtml | DEBUG: Run ParseTemplate Behavior [ RunTime:0.001514s ]
[ 2012-06-06T00:28:28+08:00 ] /admin.php/Home/login.shtml | DEBUG: Tag[ view_parse ] --END-- [ RunTime:0.001572s ]
[ 2012-06-06T00:28:28+08:00 ] /admin.php/Home/login.shtml | DEBUG: Tag[ view_filter ] --START--
[ 2012-06-06T00:28:28+08:00 ] /admin.php/Home/login.shtml | DEBUG: Run ContentReplace Behavior [ RunTime:0.000435s ]
[ 2012-06-06T00:28:28+08:00 ] /admin.php/Home/login.shtml | DEBUG: Run TokenBuild Behavior [ RunTime:0.000467s ]
[ 2012-06-06T00:28:28+08:00 ] /admin.php/Home/login.shtml | DEBUG: Run WriteHtmlCache Behavior [ RunTime:0.000321s ]
[ 2012-06-06T00:28:28+08:00 ] /admin.php/Home/login.shtml | DEBUG: Run ShowRuntime Behavior [ RunTime:0.000514s ]
[ 2012-06-06T00:28:28+08:00 ] /admin.php/Home/login.shtml | DEBUG: Tag[ view_filter ] --END-- [ RunTime:0.001906s ]
[ 2012-06-06T00:28:28+08:00 ] /admin.php/Home/login.shtml | DEBUG: Tag[ view_end ] --START--
[ 2012-06-06T00:28:28+08:00 ] /admin.php/Home/login.shtml | DEBUG: Run ShowPageTrace Behavior [ RunTime:0.002338s ]
[ 2012-06-06T00:28:28+08:00 ] /admin.php/Home/login.shtml | DEBUG: Tag[ view_end ] --END-- [ RunTime:0.002442s ]
[ 2012-06-06T00:28:28+08:00 ] /admin.php/js/jquery-1.4.1.js | ERR: (ThinkException) 无法加载模块js
[ 2012-06-06T00:28:30+08:00 ] /admin.php/Notice/noticeAdd | DEBUG: Tag[ route_check ] --START--
[ 2012-06-06T00:28:30+08:00 ] /admin.php/Notice/noticeAdd | DEBUG: Run CheckRoute Behavior [ RunTime:0.001231s ]
[ 2012-06-06T00:28:30+08:00 ] /admin.php/Notice/noticeAdd | DEBUG: Tag[ route_check ] --END-- [ RunTime:0.001372s ]
[ 2012-06-06T00:28:30+08:00 ] /admin.php/Notice/noticeAdd | DEBUG: Tag[ app_begin ] --START--
[ 2012-06-06T00:28:30+08:00 ] /admin.php/Notice/noticeAdd | DEBUG: Run ReadHtmlCache Behavior [ RunTime:0.000756s ]
[ 2012-06-06T00:28:30+08:00 ] /admin.php/Notice/noticeAdd | DEBUG: Run CheckTemplate Behavior [ RunTime:0.000586s ]
[ 2012-06-06T00:28:30+08:00 ] /admin.php/Notice/noticeAdd | DEBUG: Tag[ app_begin ] --END-- [ RunTime:0.001474s ]
[ 2012-06-06T00:28:30+08:00 ] /admin.php/Notice/noticeAdd | DEBUG: Tag[ view_template ] --START--
[ 2012-06-06T00:28:30+08:00 ] /admin.php/Notice/noticeAdd | DEBUG: Run LocationTemplate Behavior [ RunTime:0.002014s ]
[ 2012-06-06T00:28:30+08:00 ] /admin.php/Notice/noticeAdd | DEBUG: Tag[ view_template ] --END-- [ RunTime:0.002125s ]
[ 2012-06-06T00:28:30+08:00 ] /admin.php/Notice/noticeAdd | DEBUG: Tag[ view_parse ] --START--
[ 2012-06-06T00:28:30+08:00 ] /admin.php/Notice/noticeAdd | DEBUG: Run ParseTemplate Behavior [ RunTime:0.010594s ]
[ 2012-06-06T00:28:30+08:00 ] /admin.php/Notice/noticeAdd | DEBUG: Tag[ view_parse ] --END-- [ RunTime:0.010717s ]
[ 2012-06-06T00:28:30+08:00 ] /admin.php/Notice/noticeAdd | DEBUG: Tag[ view_filter ] --START--
[ 2012-06-06T00:28:30+08:00 ] /admin.php/Notice/noticeAdd | DEBUG: Run ContentReplace Behavior [ RunTime:0.000646s ]
[ 2012-06-06T00:28:30+08:00 ] /admin.php/Notice/noticeAdd | DEBUG: Run TokenBuild Behavior [ RunTime:0.000677s ]
[ 2012-06-06T00:28:30+08:00 ] /admin.php/Notice/noticeAdd | DEBUG: Run WriteHtmlCache Behavior [ RunTime:0.000363s ]
[ 2012-06-06T00:28:30+08:00 ] /admin.php/Notice/noticeAdd | DEBUG: Run ShowRuntime Behavior [ RunTime:0.000703s ]
[ 2012-06-06T00:28:30+08:00 ] /admin.php/Notice/noticeAdd | DEBUG: Tag[ view_filter ] --END-- [ RunTime:0.002592s ]
[ 2012-06-06T00:28:30+08:00 ] /admin.php/Notice/noticeAdd | DEBUG: Tag[ view_end ] --START--
[ 2012-06-06T00:28:30+08:00 ] /admin.php/Notice/noticeAdd | DEBUG: Run ShowPageTrace Behavior [ RunTime:0.002121s ]
[ 2012-06-06T00:28:30+08:00 ] /admin.php/Notice/noticeAdd | DEBUG: Tag[ view_end ] --END-- [ RunTime:0.002217s ]
[ 2012-06-06T08:16:56+08:00 ] /admin.php | DEBUG: Tag[ app_begin ] --START--
[ 2012-06-06T08:16:56+08:00 ] /admin.php | DEBUG: Run ReadHtmlCache Behavior [ RunTime:0.022771s ]
[ 2012-06-06T08:16:56+08:00 ] /admin.php | DEBUG: Run CheckTemplate Behavior [ RunTime:0.005911s ]
[ 2012-06-06T08:16:56+08:00 ] /admin.php | DEBUG: Tag[ app_begin ] --END-- [ RunTime:0.029030s ]
[ 2012-06-06T08:16:56+08:00 ] /admin.php | DEBUG: Tag[ view_template ] --START--
[ 2012-06-06T08:16:56+08:00 ] /admin.php | DEBUG: Run LocationTemplate Behavior [ RunTime:0.025702s ]
[ 2012-06-06T08:16:56+08:00 ] /admin.php | DEBUG: Tag[ view_template ] --END-- [ RunTime:0.026006s ]
[ 2012-06-06T08:16:56+08:00 ] /admin.php | DEBUG: Tag[ view_parse ] --START--
[ 2012-06-06T08:16:56+08:00 ] /admin.php | DEBUG: Run ParseTemplate Behavior [ RunTime:0.033998s ]
[ 2012-06-06T08:16:56+08:00 ] /admin.php | DEBUG: Tag[ view_parse ] --END-- [ RunTime:0.034175s ]
[ 2012-06-06T08:16:56+08:00 ] /admin.php | DEBUG: Tag[ view_filter ] --START--
[ 2012-06-06T08:16:56+08:00 ] /admin.php | DEBUG: Run ContentReplace Behavior [ RunTime:0.003773s ]
[ 2012-06-06T08:16:56+08:00 ] /admin.php | DEBUG: Run TokenBuild Behavior [ RunTime:0.003904s ]
[ 2012-06-06T08:16:56+08:00 ] /admin.php | DEBUG: Run WriteHtmlCache Behavior [ RunTime:0.003129s ]
[ 2012-06-06T08:16:56+08:00 ] /admin.php | DEBUG: Run ShowRuntime Behavior [ RunTime:0.003163s ]
[ 2012-06-06T08:16:56+08:00 ] /admin.php | DEBUG: Tag[ view_filter ] --END-- [ RunTime:0.014332s ]
[ 2012-06-06T08:16:56+08:00 ] /admin.php | DEBUG: Tag[ view_end ] --START--
[ 2012-06-06T08:16:56+08:00 ] /admin.php | DEBUG: Run ShowPageTrace Behavior [ RunTime:0.017320s ]
[ 2012-06-06T08:16:56+08:00 ] /admin.php | DEBUG: Tag[ view_end ] --END-- [ RunTime:0.017488s ]
[ 2012-06-06T08:16:56+08:00 ] /admin.php/Index/verify/ | DEBUG: Tag[ route_check ] --START--
[ 2012-06-06T08:16:56+08:00 ] /admin.php/Index/verify/ | DEBUG: Run CheckRoute Behavior [ RunTime:0.021442s ]
[ 2012-06-06T08:16:56+08:00 ] /admin.php/Index/verify/ | DEBUG: Tag[ route_check ] --END-- [ RunTime:0.021711s ]
[ 2012-06-06T08:16:56+08:00 ] /admin.php/Index/verify/ | DEBUG: Tag[ app_begin ] --START--
[ 2012-06-06T08:16:56+08:00 ] /admin.php/Index/verify/ | DEBUG: Run ReadHtmlCache Behavior [ RunTime:0.001445s ]
[ 2012-06-06T08:16:56+08:00 ] /admin.php/Index/verify/ | DEBUG: Run CheckTemplate Behavior [ RunTime:0.001862s ]
[ 2012-06-06T08:16:56+08:00 ] /admin.php/Index/verify/ | DEBUG: Tag[ app_begin ] --END-- [ RunTime:0.003538s ]
[ 2012-06-06T08:17:07+08:00 ] /admin.php/Home/login.shtml | DEBUG: Tag[ route_check ] --START--
[ 2012-06-06T08:17:07+08:00 ] /admin.php/Home/login.shtml | DEBUG: Run CheckRoute Behavior [ RunTime:0.002846s ]
[ 2012-06-06T08:17:07+08:00 ] /admin.php/Home/login.shtml | DEBUG: Tag[ route_check ] --END-- [ RunTime:0.003093s ]
[ 2012-06-06T08:17:07+08:00 ] /admin.php/Home/login.shtml | DEBUG: Tag[ app_begin ] --START--
[ 2012-06-06T08:17:07+08:00 ] /admin.php/Home/login.shtml | DEBUG: Run ReadHtmlCache Behavior [ RunTime:0.001499s ]
[ 2012-06-06T08:17:07+08:00 ] /admin.php/Home/login.shtml | DEBUG: Run CheckTemplate Behavior [ RunTime:0.001049s ]
[ 2012-06-06T08:17:07+08:00 ] /admin.php/Home/login.shtml | DEBUG: Tag[ app_begin ] --END-- [ RunTime:0.002870s ]
[ 2012-06-06T08:17:07+08:00 ] /admin.php/Home/login.shtml | SQL: SHOW COLUMNS FROM `qilihai_admin` [ RunTime:0.054353s ]
[ 2012-06-06T08:17:07+08:00 ] /admin.php/Home/login.shtml | SQL: SELECT * FROM `qilihai_admin` WHERE ( `username` = 'gg' ) AND ( `password` = '73c18c59a39b18382081ec00bb456d43' ) LIMIT 1   [ RunTime:0.057688s ]
[ 2012-06-06T08:17:07+08:00 ] /admin.php/Home/login.shtml | SQL: UPDATE `qilihai_admin` SET `last_login_time`=1338941827 WHERE ( `username` = 'gg' ) AND ( `password` = '73c18c59a39b18382081ec00bb456d43' ) [ RunTime:0.027066s ]
[ 2012-06-06T08:17:07+08:00 ] /admin.php/Home/login.shtml | DEBUG: Tag[ view_template ] --START--
[ 2012-06-06T08:17:07+08:00 ] /admin.php/Home/login.shtml | DEBUG: Run LocationTemplate Behavior [ RunTime:0.013024s ]
[ 2012-06-06T08:17:07+08:00 ] /admin.php/Home/login.shtml | DEBUG: Tag[ view_template ] --END-- [ RunTime:0.013186s ]
[ 2012-06-06T08:17:07+08:00 ] /admin.php/Home/login.shtml | DEBUG: Tag[ view_parse ] --START--
[ 2012-06-06T08:17:07+08:00 ] /admin.php/Home/login.shtml | NOTIC: [8] Undefined variable: title fdb8b4c06fba2ac11ecc127c153c19ce.php 第 88 行.
[ 2012-06-06T08:17:07+08:00 ] /admin.php/Home/login.shtml | DEBUG: Run ParseTemplate Behavior [ RunTime:0.024862s ]
[ 2012-06-06T08:17:07+08:00 ] /admin.php/Home/login.shtml | DEBUG: Tag[ view_parse ] --END-- [ RunTime:0.024993s ]
[ 2012-06-06T08:17:07+08:00 ] /admin.php/Home/login.shtml | DEBUG: Tag[ view_filter ] --START--
[ 2012-06-06T08:17:07+08:00 ] /admin.php/Home/login.shtml | DEBUG: Run ContentReplace Behavior [ RunTime:0.000913s ]
[ 2012-06-06T08:17:07+08:00 ] /admin.php/Home/login.shtml | DEBUG: Run TokenBuild Behavior [ RunTime:0.001232s ]
[ 2012-06-06T08:17:07+08:00 ] /admin.php/Home/login.shtml | DEBUG: Run WriteHtmlCache Behavior [ RunTime:0.000674s ]
[ 2012-06-06T08:17:07+08:00 ] /admin.php/Home/login.shtml | DEBUG: Run ShowRuntime Behavior [ RunTime:0.001140s ]
[ 2012-06-06T08:17:07+08:00 ] /admin.php/Home/login.shtml | DEBUG: Tag[ view_filter ] --END-- [ RunTime:0.004340s ]
[ 2012-06-06T08:17:07+08:00 ] /admin.php/Home/login.shtml | DEBUG: Tag[ view_end ] --START--
[ 2012-06-06T08:17:07+08:00 ] /admin.php/Home/login.shtml | DEBUG: Run ShowPageTrace Behavior [ RunTime:0.003974s ]
[ 2012-06-06T08:17:07+08:00 ] /admin.php/Home/login.shtml | DEBUG: Tag[ view_end ] --END-- [ RunTime:0.004173s ]
[ 2012-06-06T08:17:07+08:00 ] /admin.php/js/jquery-1.4.1.js | ERR: (ThinkException) 无法加载模块js
[ 2012-06-06T16:08:40+08:00 ] /admin.php | DEBUG: Tag[ app_begin ] --START--
[ 2012-06-06T16:08:40+08:00 ] /admin.php | DEBUG: Run ReadHtmlCache Behavior [ RunTime:0.002487s ]
[ 2012-06-06T16:08:40+08:00 ] /admin.php | DEBUG: Run CheckTemplate Behavior [ RunTime:0.002337s ]
[ 2012-06-06T16:08:40+08:00 ] /admin.php | DEBUG: Tag[ app_begin ] --END-- [ RunTime:0.005031s ]
[ 2012-06-06T16:08:40+08:00 ] /admin.php | DEBUG: Tag[ view_template ] --START--
[ 2012-06-06T16:08:40+08:00 ] /admin.php | DEBUG: Run LocationTemplate Behavior [ RunTime:0.014399s ]
[ 2012-06-06T16:08:40+08:00 ] /admin.php | DEBUG: Tag[ view_template ] --END-- [ RunTime:0.014552s ]
[ 2012-06-06T16:08:40+08:00 ] /admin.php | DEBUG: Tag[ view_parse ] --START--
[ 2012-06-06T16:08:40+08:00 ] /admin.php | DEBUG: Run ParseTemplate Behavior [ RunTime:0.023613s ]
[ 2012-06-06T16:08:40+08:00 ] /admin.php | DEBUG: Tag[ view_parse ] --END-- [ RunTime:0.023746s ]
[ 2012-06-06T16:08:40+08:00 ] /admin.php | DEBUG: Tag[ view_filter ] --START--
[ 2012-06-06T16:08:40+08:00 ] /admin.php | DEBUG: Run ContentReplace Behavior [ RunTime:0.002210s ]
[ 2012-06-06T16:08:40+08:00 ] /admin.php | DEBUG: Run TokenBuild Behavior [ RunTime:0.002347s ]
[ 2012-06-06T16:08:40+08:00 ] /admin.php | DEBUG: Run WriteHtmlCache Behavior [ RunTime:0.001997s ]
[ 2012-06-06T16:08:40+08:00 ] /admin.php | DEBUG: Run ShowRuntime Behavior [ RunTime:0.002124s ]
[ 2012-06-06T16:08:40+08:00 ] /admin.php | DEBUG: Tag[ view_filter ] --END-- [ RunTime:0.008926s ]
[ 2012-06-06T16:08:40+08:00 ] /admin.php | DEBUG: Tag[ view_end ] --START--
[ 2012-06-06T16:08:40+08:00 ] /admin.php | DEBUG: Run ShowPageTrace Behavior [ RunTime:0.003767s ]
[ 2012-06-06T16:08:40+08:00 ] /admin.php | DEBUG: Tag[ view_end ] --END-- [ RunTime:0.003855s ]
[ 2012-06-06T16:08:40+08:00 ] /admin.php/Index/verify/ | DEBUG: Tag[ route_check ] --START--
[ 2012-06-06T16:08:40+08:00 ] /admin.php/Index/verify/ | DEBUG: Run CheckRoute Behavior [ RunTime:0.004032s ]
[ 2012-06-06T16:08:40+08:00 ] /admin.php/Index/verify/ | DEBUG: Tag[ route_check ] --END-- [ RunTime:0.004251s ]
[ 2012-06-06T16:08:40+08:00 ] /admin.php/Index/verify/ | DEBUG: Tag[ app_begin ] --START--
[ 2012-06-06T16:08:40+08:00 ] /admin.php/Index/verify/ | DEBUG: Run ReadHtmlCache Behavior [ RunTime:0.003608s ]
[ 2012-06-06T16:08:40+08:00 ] /admin.php/Index/verify/ | DEBUG: Run CheckTemplate Behavior [ RunTime:0.003389s ]
[ 2012-06-06T16:08:40+08:00 ] /admin.php/Index/verify/ | DEBUG: Tag[ app_begin ] --END-- [ RunTime:0.007227s ]
[ 2012-06-06T16:08:45+08:00 ] /admin.php | DEBUG: Tag[ app_begin ] --START--
[ 2012-06-06T16:08:45+08:00 ] /admin.php | DEBUG: Run ReadHtmlCache Behavior [ RunTime:0.002247s ]
[ 2012-06-06T16:08:45+08:00 ] /admin.php | DEBUG: Run CheckTemplate Behavior [ RunTime:0.002097s ]
[ 2012-06-06T16:08:45+08:00 ] /admin.php | DEBUG: Tag[ app_begin ] --END-- [ RunTime:0.004521s ]
[ 2012-06-06T16:08:45+08:00 ] /admin.php | DEBUG: Tag[ view_template ] --START--
[ 2012-06-06T16:08:45+08:00 ] /admin.php | DEBUG: Run LocationTemplate Behavior [ RunTime:0.005319s ]
[ 2012-06-06T16:08:45+08:00 ] /admin.php | DEBUG: Tag[ view_template ] --END-- [ RunTime:0.005437s ]
[ 2012-06-06T16:08:45+08:00 ] /admin.php | DEBUG: Tag[ view_parse ] --START--
[ 2012-06-06T16:08:45+08:00 ] /admin.php | DEBUG: Run ParseTemplate Behavior [ RunTime:0.004743s ]
[ 2012-06-06T16:08:45+08:00 ] /admin.php | DEBUG: Tag[ view_parse ] --END-- [ RunTime:0.004853s ]
[ 2012-06-06T16:08:45+08:00 ] /admin.php | DEBUG: Tag[ view_filter ] --START--
[ 2012-06-06T16:08:45+08:00 ] /admin.php | DEBUG: Run ContentReplace Behavior [ RunTime:0.002387s ]
[ 2012-06-06T16:08:45+08:00 ] /admin.php | DEBUG: Run TokenBuild Behavior [ RunTime:0.000949s ]
[ 2012-06-06T16:08:45+08:00 ] /admin.php | DEBUG: Run WriteHtmlCache Behavior [ RunTime:0.002011s ]
[ 2012-06-06T16:08:45+08:00 ] /admin.php | DEBUG: Run ShowRuntime Behavior [ RunTime:0.002227s ]
[ 2012-06-06T16:08:45+08:00 ] /admin.php | DEBUG: Tag[ view_filter ] --END-- [ RunTime:0.007848s ]
[ 2012-06-06T16:08:45+08:00 ] /admin.php | DEBUG: Tag[ view_end ] --START--
[ 2012-06-06T16:08:45+08:00 ] /admin.php | DEBUG: Run ShowPageTrace Behavior [ RunTime:0.003353s ]
[ 2012-06-06T16:08:45+08:00 ] /admin.php | DEBUG: Tag[ view_end ] --END-- [ RunTime:0.003441s ]
[ 2012-06-06T16:08:45+08:00 ] /admin.php/Index/verify/ | DEBUG: Tag[ route_check ] --START--
[ 2012-06-06T16:08:45+08:00 ] /admin.php/Index/verify/ | DEBUG: Run CheckRoute Behavior [ RunTime:0.002722s ]
[ 2012-06-06T16:08:45+08:00 ] /admin.php/Index/verify/ | DEBUG: Tag[ route_check ] --END-- [ RunTime:0.002878s ]
[ 2012-06-06T16:08:45+08:00 ] /admin.php/Index/verify/ | DEBUG: Tag[ app_begin ] --START--
[ 2012-06-06T16:08:45+08:00 ] /admin.php/Index/verify/ | DEBUG: Run ReadHtmlCache Behavior [ RunTime:0.002459s ]
[ 2012-06-06T16:08:45+08:00 ] /admin.php/Index/verify/ | DEBUG: Run CheckTemplate Behavior [ RunTime:0.002323s ]
[ 2012-06-06T16:08:45+08:00 ] /admin.php/Index/verify/ | DEBUG: Tag[ app_begin ] --END-- [ RunTime:0.004952s ]
[ 2012-06-06T16:08:58+08:00 ] /admin.php/Home/login.shtml | DEBUG: Tag[ route_check ] --START--
[ 2012-06-06T16:08:58+08:00 ] /admin.php/Home/login.shtml | DEBUG: Run CheckRoute Behavior [ RunTime:0.002658s ]
[ 2012-06-06T16:08:58+08:00 ] /admin.php/Home/login.shtml | DEBUG: Tag[ route_check ] --END-- [ RunTime:0.002819s ]
[ 2012-06-06T16:08:58+08:00 ] /admin.php/Home/login.shtml | DEBUG: Tag[ app_begin ] --START--
[ 2012-06-06T16:08:58+08:00 ] /admin.php/Home/login.shtml | DEBUG: Run ReadHtmlCache Behavior [ RunTime:0.002461s ]
[ 2012-06-06T16:08:58+08:00 ] /admin.php/Home/login.shtml | DEBUG: Run CheckTemplate Behavior [ RunTime:0.002089s ]
[ 2012-06-06T16:08:58+08:00 ] /admin.php/Home/login.shtml | DEBUG: Tag[ app_begin ] --END-- [ RunTime:0.004693s ]
[ 2012-06-06T16:08:58+08:00 ] /admin.php/Home/login.shtml | SQL: SHOW COLUMNS FROM `qilihai_admin` [ RunTime:0.033650s ]
[ 2012-06-06T16:08:58+08:00 ] /admin.php/Home/login.shtml | SQL: SELECT * FROM `qilihai_admin` WHERE ( `username` = 'gg' ) AND ( `password` = '73c18c59a39b18382081ec00bb456d43' ) LIMIT 1   [ RunTime:0.048037s ]
[ 2012-06-06T16:08:59+08:00 ] /admin.php/Home/login.shtml | SQL: UPDATE `qilihai_admin` SET `last_login_time`=1338970138 WHERE ( `username` = 'gg' ) AND ( `password` = '73c18c59a39b18382081ec00bb456d43' ) [ RunTime:0.047430s ]
[ 2012-06-06T16:08:59+08:00 ] /admin.php/Home/login.shtml | DEBUG: Tag[ view_template ] --START--
[ 2012-06-06T16:08:59+08:00 ] /admin.php/Home/login.shtml | DEBUG: Run LocationTemplate Behavior [ RunTime:0.003900s ]
[ 2012-06-06T16:08:59+08:00 ] /admin.php/Home/login.shtml | DEBUG: Tag[ view_template ] --END-- [ RunTime:0.004026s ]
[ 2012-06-06T16:08:59+08:00 ] /admin.php/Home/login.shtml | DEBUG: Tag[ view_parse ] --START--
[ 2012-06-06T16:08:59+08:00 ] /admin.php/Home/login.shtml | NOTIC: [8] Undefined variable: title fdb8b4c06fba2ac11ecc127c153c19ce.php 第 88 行.
[ 2012-06-06T16:08:59+08:00 ] /admin.php/Home/login.shtml | DEBUG: Run ParseTemplate Behavior [ RunTime:0.017639s ]
[ 2012-06-06T16:08:59+08:00 ] /admin.php/Home/login.shtml | DEBUG: Tag[ view_parse ] --END-- [ RunTime:0.017728s ]
[ 2012-06-06T16:08:59+08:00 ] /admin.php/Home/login.shtml | DEBUG: Tag[ view_filter ] --START--
[ 2012-06-06T16:08:59+08:00 ] /admin.php/Home/login.shtml | DEBUG: Run ContentReplace Behavior [ RunTime:0.002255s ]
[ 2012-06-06T16:08:59+08:00 ] /admin.php/Home/login.shtml | DEBUG: Run TokenBuild Behavior [ RunTime:0.000910s ]
[ 2012-06-06T16:08:59+08:00 ] /admin.php/Home/login.shtml | DEBUG: Run WriteHtmlCache Behavior [ RunTime:0.002001s ]
[ 2012-06-06T16:08:59+08:00 ] /admin.php/Home/login.shtml | DEBUG: Run ShowRuntime Behavior [ RunTime:0.002200s ]
[ 2012-06-06T16:08:59+08:00 ] /admin.php/Home/login.shtml | DEBUG: Tag[ view_filter ] --END-- [ RunTime:0.007598s ]
[ 2012-06-06T16:08:59+08:00 ] /admin.php/Home/login.shtml | DEBUG: Tag[ view_end ] --START--
[ 2012-06-06T16:08:59+08:00 ] /admin.php/Home/login.shtml | DEBUG: Run ShowPageTrace Behavior [ RunTime:0.004193s ]
[ 2012-06-06T16:08:59+08:00 ] /admin.php/Home/login.shtml | DEBUG: Tag[ view_end ] --END-- [ RunTime:0.004323s ]
[ 2012-06-06T16:08:59+08:00 ] /admin.php/js/jquery-1.4.1.js | ERR: (ThinkException) 无法加载模块js
[ 2012-06-06T16:09:02+08:00 ] /admin.php/Introduction/introAdd | DEBUG: Tag[ route_check ] --START--
[ 2012-06-06T16:09:02+08:00 ] /admin.php/Introduction/introAdd | DEBUG: Run CheckRoute Behavior [ RunTime:0.002738s ]
[ 2012-06-06T16:09:02+08:00 ] /admin.php/Introduction/introAdd | DEBUG: Tag[ route_check ] --END-- [ RunTime:0.002887s ]
[ 2012-06-06T16:09:02+08:00 ] /admin.php/Introduction/introAdd | DEBUG: Tag[ app_begin ] --START--
[ 2012-06-06T16:09:02+08:00 ] /admin.php/Introduction/introAdd | DEBUG: Run ReadHtmlCache Behavior [ RunTime:0.002564s ]
[ 2012-06-06T16:09:02+08:00 ] /admin.php/Introduction/introAdd | DEBUG: Run CheckTemplate Behavior [ RunTime:0.002156s ]
[ 2012-06-06T16:09:02+08:00 ] /admin.php/Introduction/introAdd | DEBUG: Tag[ app_begin ] --END-- [ RunTime:0.004871s ]
[ 2012-06-06T16:09:02+08:00 ] /admin.php/Introduction/introAdd | DEBUG: Tag[ view_template ] --START--
[ 2012-06-06T16:09:02+08:00 ] /admin.php/Introduction/introAdd | DEBUG: Run LocationTemplate Behavior [ RunTime:0.016372s ]
[ 2012-06-06T16:09:02+08:00 ] /admin.php/Introduction/introAdd | DEBUG: Tag[ view_template ] --END-- [ RunTime:0.016509s ]
[ 2012-06-06T16:09:02+08:00 ] /admin.php/Introduction/introAdd | DEBUG: Tag[ view_parse ] --START--
[ 2012-06-06T16:09:02+08:00 ] /admin.php/Introduction/introAdd | DEBUG: Run ParseTemplate Behavior [ RunTime:0.047522s ]
[ 2012-06-06T16:09:02+08:00 ] /admin.php/Introduction/introAdd | DEBUG: Tag[ view_parse ] --END-- [ RunTime:0.047644s ]
[ 2012-06-06T16:09:02+08:00 ] /admin.php/Introduction/introAdd | DEBUG: Tag[ view_filter ] --START--
[ 2012-06-06T16:09:02+08:00 ] /admin.php/Introduction/introAdd | DEBUG: Run ContentReplace Behavior [ RunTime:0.002204s ]
[ 2012-06-06T16:09:02+08:00 ] /admin.php/Introduction/introAdd | DEBUG: Run TokenBuild Behavior [ RunTime:0.001177s ]
[ 2012-06-06T16:09:02+08:00 ] /admin.php/Introduction/introAdd | DEBUG: Run WriteHtmlCache Behavior [ RunTime:0.002221s ]
[ 2012-06-06T16:09:02+08:00 ] /admin.php/Introduction/introAdd | DEBUG: Run ShowRuntime Behavior [ RunTime:0.002340s ]
[ 2012-06-06T16:09:02+08:00 ] /admin.php/Introduction/introAdd | DEBUG: Tag[ view_filter ] --END-- [ RunTime:0.008174s ]
[ 2012-06-06T16:09:02+08:00 ] /admin.php/Introduction/introAdd | DEBUG: Tag[ view_end ] --START--
[ 2012-06-06T16:09:02+08:00 ] /admin.php/Introduction/introAdd | DEBUG: Run ShowPageTrace Behavior [ RunTime:0.006433s ]
[ 2012-06-06T16:09:02+08:00 ] /admin.php/Introduction/introAdd | DEBUG: Tag[ view_end ] --END-- [ RunTime:0.015677s ]
[ 2012-06-06T16:09:04+08:00 ] /admin.php/Introduction/introList | DEBUG: Tag[ route_check ] --START--
[ 2012-06-06T16:09:04+08:00 ] /admin.php/Introduction/introList | DEBUG: Run CheckRoute Behavior [ RunTime:0.002484s ]
[ 2012-06-06T16:09:04+08:00 ] /admin.php/Introduction/introList | DEBUG: Tag[ route_check ] --END-- [ RunTime:0.002617s ]
[ 2012-06-06T16:09:04+08:00 ] /admin.php/Introduction/introList | DEBUG: Tag[ app_begin ] --START--
[ 2012-06-06T16:09:04+08:00 ] /admin.php/Introduction/introList | DEBUG: Run ReadHtmlCache Behavior [ RunTime:0.002191s ]
[ 2012-06-06T16:09:04+08:00 ] /admin.php/Introduction/introList | DEBUG: Run CheckTemplate Behavior [ RunTime:0.002077s ]
[ 2012-06-06T16:09:04+08:00 ] /admin.php/Introduction/introList | DEBUG: Tag[ app_begin ] --END-- [ RunTime:0.004398s ]
[ 2012-06-06T16:09:04+08:00 ] /admin.php/Introduction/introList | SQL: SHOW COLUMNS FROM `qilihai_introduction` [ RunTime:0.116242s ]
[ 2012-06-06T16:09:04+08:00 ] /admin.php/Introduction/introList | SQL: SELECT COUNT(*) AS tp_count FROM `qilihai_introduction` LIMIT 1   [ RunTime:0.048136s ]
[ 2012-06-06T16:09:04+08:00 ] /admin.php/Introduction/introList | SQL: SELECT * FROM `qilihai_introduction` ORDER BY id LIMIT 0,20   [ RunTime:0.026580s ]
[ 2012-06-06T16:09:04+08:00 ] /admin.php/Introduction/introList | DEBUG: Tag[ view_template ] --START--
[ 2012-06-06T16:09:04+08:00 ] /admin.php/Introduction/introList | DEBUG: Run LocationTemplate Behavior [ RunTime:0.012730s ]
[ 2012-06-06T16:09:04+08:00 ] /admin.php/Introduction/introList | DEBUG: Tag[ view_template ] --END-- [ RunTime:0.012837s ]
[ 2012-06-06T16:09:04+08:00 ] /admin.php/Introduction/introList | DEBUG: Tag[ view_parse ] --START--
[ 2012-06-06T16:09:04+08:00 ] /admin.php/Introduction/introList | DEBUG: Run ParseTemplate Behavior [ RunTime:0.011591s ]
[ 2012-06-06T16:09:04+08:00 ] /admin.php/Introduction/introList | DEBUG: Tag[ view_parse ] --END-- [ RunTime:0.011696s ]
[ 2012-06-06T16:09:04+08:00 ] /admin.php/Introduction/introList | DEBUG: Tag[ view_filter ] --START--
[ 2012-06-06T16:09:04+08:00 ] /admin.php/Introduction/introList | DEBUG: Run ContentReplace Behavior [ RunTime:0.002286s ]
[ 2012-06-06T16:09:04+08:00 ] /admin.php/Introduction/introList | DEBUG: Run TokenBuild Behavior [ RunTime:0.001130s ]
[ 2012-06-06T16:09:04+08:00 ] /admin.php/Introduction/introList | DEBUG: Run WriteHtmlCache Behavior [ RunTime:0.001935s ]
[ 2012-06-06T16:09:04+08:00 ] /admin.php/Introduction/introList | DEBUG: Run ShowRuntime Behavior [ RunTime:0.002121s ]
[ 2012-06-06T16:09:04+08:00 ] /admin.php/Introduction/introList | DEBUG: Tag[ view_filter ] --END-- [ RunTime:0.007705s ]
[ 2012-06-06T16:09:04+08:00 ] /admin.php/Introduction/introList | DEBUG: Tag[ view_end ] --START--
[ 2012-06-06T16:09:04+08:00 ] /admin.php/Introduction/introList | DEBUG: Run ShowPageTrace Behavior [ RunTime:0.003366s ]
[ 2012-06-06T16:09:04+08:00 ] /admin.php/Introduction/introList | DEBUG: Tag[ view_end ] --END-- [ RunTime:0.003460s ]
[ 2012-06-06T16:09:09+08:00 ] /admin.php/Notice/noticeAdd | DEBUG: Tag[ route_check ] --START--
[ 2012-06-06T16:09:09+08:00 ] /admin.php/Notice/noticeAdd | DEBUG: Run CheckRoute Behavior [ RunTime:0.002582s ]
[ 2012-06-06T16:09:09+08:00 ] /admin.php/Notice/noticeAdd | DEBUG: Tag[ route_check ] --END-- [ RunTime:0.002716s ]
[ 2012-06-06T16:09:09+08:00 ] /admin.php/Notice/noticeAdd | DEBUG: Tag[ app_begin ] --START--
[ 2012-06-06T16:09:09+08:00 ] /admin.php/Notice/noticeAdd | DEBUG: Run ReadHtmlCache Behavior [ RunTime:0.002186s ]
[ 2012-06-06T16:09:09+08:00 ] /admin.php/Notice/noticeAdd | DEBUG: Run CheckTemplate Behavior [ RunTime:0.002050s ]
[ 2012-06-06T16:09:09+08:00 ] /admin.php/Notice/noticeAdd | DEBUG: Tag[ app_begin ] --END-- [ RunTime:0.004357s ]
[ 2012-06-06T16:09:09+08:00 ] /admin.php/Notice/noticeAdd | DEBUG: Tag[ view_template ] --START--
[ 2012-06-06T16:09:09+08:00 ] /admin.php/Notice/noticeAdd | DEBUG: Run LocationTemplate Behavior [ RunTime:0.003399s ]
[ 2012-06-06T16:09:09+08:00 ] /admin.php/Notice/noticeAdd | DEBUG: Tag[ view_template ] --END-- [ RunTime:0.003516s ]
[ 2012-06-06T16:09:09+08:00 ] /admin.php/Notice/noticeAdd | DEBUG: Tag[ view_parse ] --START--
[ 2012-06-06T16:09:09+08:00 ] /admin.php/Notice/noticeAdd | DEBUG: Run ParseTemplate Behavior [ RunTime:0.009969s ]
[ 2012-06-06T16:09:09+08:00 ] /admin.php/Notice/noticeAdd | DEBUG: Tag[ view_parse ] --END-- [ RunTime:0.010105s ]
[ 2012-06-06T16:09:09+08:00 ] /admin.php/Notice/noticeAdd | DEBUG: Tag[ view_filter ] --START--
[ 2012-06-06T16:09:09+08:00 ] /admin.php/Notice/noticeAdd | DEBUG: Run ContentReplace Behavior [ RunTime:0.002177s ]
[ 2012-06-06T16:09:09+08:00 ] /admin.php/Notice/noticeAdd | DEBUG: Run TokenBuild Behavior [ RunTime:0.001175s ]
[ 2012-06-06T16:09:09+08:00 ] /admin.php/Notice/noticeAdd | DEBUG: Run WriteHtmlCache Behavior [ RunTime:0.003235s ]
[ 2012-06-06T16:09:09+08:00 ] /admin.php/Notice/noticeAdd | DEBUG: Run ShowRuntime Behavior [ RunTime:0.002725s ]
[ 2012-06-06T16:09:09+08:00 ] /admin.php/Notice/noticeAdd | DEBUG: Tag[ view_filter ] --END-- [ RunTime:0.009571s ]
[ 2012-06-06T16:09:09+08:00 ] /admin.php/Notice/noticeAdd | DEBUG: Tag[ view_end ] --START--
[ 2012-06-06T16:09:09+08:00 ] /admin.php/Notice/noticeAdd | DEBUG: Run ShowPageTrace Behavior [ RunTime:0.003965s ]
[ 2012-06-06T16:09:09+08:00 ] /admin.php/Notice/noticeAdd | DEBUG: Tag[ view_end ] --END-- [ RunTime:0.004069s ]
[ 2012-06-06T16:09:11+08:00 ] /admin.php/Notice/noticeList | DEBUG: Tag[ route_check ] --START--
[ 2012-06-06T16:09:11+08:00 ] /admin.php/Notice/noticeList | DEBUG: Run CheckRoute Behavior [ RunTime:0.002520s ]
[ 2012-06-06T16:09:11+08:00 ] /admin.php/Notice/noticeList | DEBUG: Tag[ route_check ] --END-- [ RunTime:0.002648s ]
[ 2012-06-06T16:09:11+08:00 ] /admin.php/Notice/noticeList | DEBUG: Tag[ app_begin ] --START--
[ 2012-06-06T16:09:11+08:00 ] /admin.php/Notice/noticeList | DEBUG: Run ReadHtmlCache Behavior [ RunTime:0.002222s ]
[ 2012-06-06T16:09:11+08:00 ] /admin.php/Notice/noticeList | DEBUG: Run CheckTemplate Behavior [ RunTime:0.002128s ]
[ 2012-06-06T16:09:11+08:00 ] /admin.php/Notice/noticeList | DEBUG: Tag[ app_begin ] --END-- [ RunTime:0.004470s ]
[ 2012-06-06T16:09:11+08:00 ] /admin.php/Notice/noticeList | SQL: SHOW COLUMNS FROM `qilihai_notice` [ RunTime:0.161589s ]
[ 2012-06-06T16:09:11+08:00 ] /admin.php/Notice/noticeList | SQL: SELECT COUNT(*) AS tp_count FROM `qilihai_notice` LIMIT 1   [ RunTime:0.000324s ]
[ 2012-06-06T16:09:11+08:00 ] /admin.php/Notice/noticeList | SQL: SELECT * FROM `qilihai_notice` ORDER BY id LIMIT 0,20   [ RunTime:0.000503s ]
[ 2012-06-06T16:09:11+08:00 ] /admin.php/Notice/noticeList | DEBUG: Tag[ view_template ] --START--
[ 2012-06-06T16:09:11+08:00 ] /admin.php/Notice/noticeList | DEBUG: Run LocationTemplate Behavior [ RunTime:0.003718s ]
[ 2012-06-06T16:09:11+08:00 ] /admin.php/Notice/noticeList | DEBUG: Tag[ view_template ] --END-- [ RunTime:0.003812s ]
[ 2012-06-06T16:09:11+08:00 ] /admin.php/Notice/noticeList | DEBUG: Tag[ view_parse ] --START--
[ 2012-06-06T16:09:11+08:00 ] /admin.php/Notice/noticeList | DEBUG: Run ParseTemplate Behavior [ RunTime:0.022693s ]
[ 2012-06-06T16:09:11+08:00 ] /admin.php/Notice/noticeList | DEBUG: Tag[ view_parse ] --END-- [ RunTime:0.022808s ]
[ 2012-06-06T16:09:11+08:00 ] /admin.php/Notice/noticeList | DEBUG: Tag[ view_filter ] --START--
[ 2012-06-06T16:09:11+08:00 ] /admin.php/Notice/noticeList | DEBUG: Run ContentReplace Behavior [ RunTime:0.002280s ]
[ 2012-06-06T16:09:11+08:00 ] /admin.php/Notice/noticeList | DEBUG: Run TokenBuild Behavior [ RunTime:0.001117s ]
[ 2012-06-06T16:09:11+08:00 ] /admin.php/Notice/noticeList | DEBUG: Run WriteHtmlCache Behavior [ RunTime:0.001920s ]
[ 2012-06-06T16:09:11+08:00 ] /admin.php/Notice/noticeList | DEBUG: Run ShowRuntime Behavior [ RunTime:0.002150s ]
[ 2012-06-06T16:09:11+08:00 ] /admin.php/Notice/noticeList | DEBUG: Tag[ view_filter ] --END-- [ RunTime:0.007683s ]
[ 2012-06-06T16:09:11+08:00 ] /admin.php/Notice/noticeList | DEBUG: Tag[ view_end ] --START--
[ 2012-06-06T16:09:11+08:00 ] /admin.php/Notice/noticeList | DEBUG: Run ShowPageTrace Behavior [ RunTime:0.003441s ]
[ 2012-06-06T16:09:11+08:00 ] /admin.php/Notice/noticeList | DEBUG: Tag[ view_end ] --END-- [ RunTime:0.003531s ]
[ 2012-06-06T16:09:12+08:00 ] /admin.php/Notice/noticeList | DEBUG: Tag[ route_check ] --START--
[ 2012-06-06T16:09:12+08:00 ] /admin.php/Notice/noticeList | DEBUG: Run CheckRoute Behavior [ RunTime:0.002524s ]
[ 2012-06-06T16:09:12+08:00 ] /admin.php/Notice/noticeList | DEBUG: Tag[ route_check ] --END-- [ RunTime:0.002655s ]
[ 2012-06-06T16:09:12+08:00 ] /admin.php/Notice/noticeList | DEBUG: Tag[ app_begin ] --START--
[ 2012-06-06T16:09:12+08:00 ] /admin.php/Notice/noticeList | DEBUG: Run ReadHtmlCache Behavior [ RunTime:0.002231s ]
[ 2012-06-06T16:09:12+08:00 ] /admin.php/Notice/noticeList | DEBUG: Run CheckTemplate Behavior [ RunTime:0.002102s ]
[ 2012-06-06T16:09:12+08:00 ] /admin.php/Notice/noticeList | DEBUG: Tag[ app_begin ] --END-- [ RunTime:0.004457s ]
[ 2012-06-06T16:09:12+08:00 ] /admin.php/Notice/noticeList | SQL: SHOW COLUMNS FROM `qilihai_notice` [ RunTime:0.002770s ]
[ 2012-06-06T16:09:12+08:00 ] /admin.php/Notice/noticeList | SQL: SELECT COUNT(*) AS tp_count FROM `qilihai_notice` LIMIT 1   [ RunTime:0.000355s ]
[ 2012-06-06T16:09:12+08:00 ] /admin.php/Notice/noticeList | SQL: SELECT * FROM `qilihai_notice` ORDER BY id LIMIT 0,20   [ RunTime:0.000495s ]
[ 2012-06-06T16:09:12+08:00 ] /admin.php/Notice/noticeList | DEBUG: Tag[ view_template ] --START--
[ 2012-06-06T16:09:12+08:00 ] /admin.php/Notice/noticeList | DEBUG: Run LocationTemplate Behavior [ RunTime:0.003815s ]
[ 2012-06-06T16:09:12+08:00 ] /admin.php/Notice/noticeList | DEBUG: Tag[ view_template ] --END-- [ RunTime:0.003914s ]
[ 2012-06-06T16:09:12+08:00 ] /admin.php/Notice/noticeList | DEBUG: Tag[ view_parse ] --START--
[ 2012-06-06T16:09:12+08:00 ] /admin.php/Notice/noticeList | DEBUG: Run ParseTemplate Behavior [ RunTime:0.004470s ]
[ 2012-06-06T16:09:12+08:00 ] /admin.php/Notice/noticeList | DEBUG: Tag[ view_parse ] --END-- [ RunTime:0.004553s ]
[ 2012-06-06T16:09:12+08:00 ] /admin.php/Notice/noticeList | DEBUG: Tag[ view_filter ] --START--
[ 2012-06-06T16:09:12+08:00 ] /admin.php/Notice/noticeList | DEBUG: Run ContentReplace Behavior [ RunTime:0.002653s ]
[ 2012-06-06T16:09:12+08:00 ] /admin.php/Notice/noticeList | DEBUG: Run TokenBuild Behavior [ RunTime:0.001056s ]
[ 2012-06-06T16:09:12+08:00 ] /admin.php/Notice/noticeList | DEBUG: Run WriteHtmlCache Behavior [ RunTime:0.002185s ]
[ 2012-06-06T16:09:12+08:00 ] /admin.php/Notice/noticeList | DEBUG: Run ShowRuntime Behavior [ RunTime:0.002129s ]
[ 2012-06-06T16:09:12+08:00 ] /admin.php/Notice/noticeList | DEBUG: Tag[ view_filter ] --END-- [ RunTime:0.008287s ]
[ 2012-06-06T16:09:12+08:00 ] /admin.php/Notice/noticeList | DEBUG: Tag[ view_end ] --START--
[ 2012-06-06T16:09:12+08:00 ] /admin.php/Notice/noticeList | DEBUG: Run ShowPageTrace Behavior [ RunTime:0.003819s ]
[ 2012-06-06T16:09:12+08:00 ] /admin.php/Notice/noticeList | DEBUG: Tag[ view_end ] --END-- [ RunTime:0.003996s ]
[ 2012-06-06T16:09:13+08:00 ] /admin.php/Notice/noticeAdd | DEBUG: Tag[ route_check ] --START--
[ 2012-06-06T16:09:13+08:00 ] /admin.php/Notice/noticeAdd | DEBUG: Run CheckRoute Behavior [ RunTime:0.002452s ]
[ 2012-06-06T16:09:13+08:00 ] /admin.php/Notice/noticeAdd | DEBUG: Tag[ route_check ] --END-- [ RunTime:0.002582s ]
[ 2012-06-06T16:09:13+08:00 ] /admin.php/Notice/noticeAdd | DEBUG: Tag[ app_begin ] --START--
[ 2012-06-06T16:09:14+08:00 ] /admin.php/Notice/noticeAdd | DEBUG: Run ReadHtmlCache Behavior [ RunTime:0.002214s ]
[ 2012-06-06T16:09:14+08:00 ] /admin.php/Notice/noticeAdd | DEBUG: Run CheckTemplate Behavior [ RunTime:0.002127s ]
[ 2012-06-06T16:09:14+08:00 ] /admin.php/Notice/noticeAdd | DEBUG: Tag[ app_begin ] --END-- [ RunTime:0.004464s ]
[ 2012-06-06T16:09:14+08:00 ] /admin.php/Notice/noticeAdd | DEBUG: Tag[ view_template ] --START--
[ 2012-06-06T16:09:14+08:00 ] /admin.php/Notice/noticeAdd | DEBUG: Run LocationTemplate Behavior [ RunTime:0.002779s ]
[ 2012-06-06T16:09:14+08:00 ] /admin.php/Notice/noticeAdd | DEBUG: Tag[ view_template ] --END-- [ RunTime:0.002887s ]
[ 2012-06-06T16:09:14+08:00 ] /admin.php/Notice/noticeAdd | DEBUG: Tag[ view_parse ] --START--
[ 2012-06-06T16:09:14+08:00 ] /admin.php/Notice/noticeAdd | DEBUG: Run ParseTemplate Behavior [ RunTime:0.002718s ]
[ 2012-06-06T16:09:14+08:00 ] /admin.php/Notice/noticeAdd | DEBUG: Tag[ view_parse ] --END-- [ RunTime:0.002805s ]
[ 2012-06-06T16:09:14+08:00 ] /admin.php/Notice/noticeAdd | DEBUG: Tag[ view_filter ] --START--
[ 2012-06-06T16:09:14+08:00 ] /admin.php/Notice/noticeAdd | DEBUG: Run ContentReplace Behavior [ RunTime:0.002124s ]
[ 2012-06-06T16:09:14+08:00 ] /admin.php/Notice/noticeAdd | DEBUG: Run TokenBuild Behavior [ RunTime:0.000988s ]
[ 2012-06-06T16:09:14+08:00 ] /admin.php/Notice/noticeAdd | DEBUG: Run WriteHtmlCache Behavior [ RunTime:0.001902s ]
[ 2012-06-06T16:09:14+08:00 ] /admin.php/Notice/noticeAdd | DEBUG: Run ShowRuntime Behavior [ RunTime:0.002175s ]
[ 2012-06-06T16:09:14+08:00 ] /admin.php/Notice/noticeAdd | DEBUG: Tag[ view_filter ] --END-- [ RunTime:0.007416s ]
[ 2012-06-06T16:09:14+08:00 ] /admin.php/Notice/noticeAdd | DEBUG: Tag[ view_end ] --START--
[ 2012-06-06T16:09:14+08:00 ] /admin.php/Notice/noticeAdd | DEBUG: Run ShowPageTrace Behavior [ RunTime:0.003746s ]
[ 2012-06-06T16:09:14+08:00 ] /admin.php/Notice/noticeAdd | DEBUG: Tag[ view_end ] --END-- [ RunTime:0.003870s ]
[ 2012-06-06T16:09:52+08:00 ] /admin.php/Notice/noticeList | DEBUG: Tag[ route_check ] --START--
[ 2012-06-06T16:09:52+08:00 ] /admin.php/Notice/noticeList | DEBUG: Run CheckRoute Behavior [ RunTime:0.002530s ]
[ 2012-06-06T16:09:52+08:00 ] /admin.php/Notice/noticeList | DEBUG: Tag[ route_check ] --END-- [ RunTime:0.002707s ]
[ 2012-06-06T16:09:52+08:00 ] /admin.php/Notice/noticeList | DEBUG: Tag[ app_begin ] --START--
[ 2012-06-06T16:09:52+08:00 ] /admin.php/Notice/noticeList | DEBUG: Run ReadHtmlCache Behavior [ RunTime:0.005587s ]
[ 2012-06-06T16:09:52+08:00 ] /admin.php/Notice/noticeList | DEBUG: Run CheckTemplate Behavior [ RunTime:0.016200s ]
[ 2012-06-06T16:09:52+08:00 ] /admin.php/Notice/noticeList | DEBUG: Tag[ app_begin ] --END-- [ RunTime:0.021978s ]
[ 2012-06-06T16:09:52+08:00 ] /admin.php/Notice/noticeList | SQL: SHOW COLUMNS FROM `qilihai_notice` [ RunTime:0.002774s ]
[ 2012-06-06T16:09:52+08:00 ] /admin.php/Notice/noticeList | SQL: SELECT COUNT(*) AS tp_count FROM `qilihai_notice` LIMIT 1   [ RunTime:0.002074s ]
[ 2012-06-06T16:09:52+08:00 ] /admin.php/Notice/noticeList | SQL: SELECT * FROM `qilihai_notice` ORDER BY id LIMIT 0,20   [ RunTime:0.000585s ]
[ 2012-06-06T16:09:52+08:00 ] /admin.php/Notice/noticeList | DEBUG: Tag[ view_template ] --START--
[ 2012-06-06T16:09:52+08:00 ] /admin.php/Notice/noticeList | DEBUG: Run LocationTemplate Behavior [ RunTime:0.003773s ]
[ 2012-06-06T16:09:52+08:00 ] /admin.php/Notice/noticeList | DEBUG: Tag[ view_template ] --END-- [ RunTime:0.003869s ]
[ 2012-06-06T16:09:52+08:00 ] /admin.php/Notice/noticeList | DEBUG: Tag[ view_parse ] --START--
[ 2012-06-06T16:09:52+08:00 ] /admin.php/Notice/noticeList | DEBUG: Run ParseTemplate Behavior [ RunTime:0.004526s ]
[ 2012-06-06T16:09:52+08:00 ] /admin.php/Notice/noticeList | DEBUG: Tag[ view_parse ] --END-- [ RunTime:0.004610s ]
[ 2012-06-06T16:09:52+08:00 ] /admin.php/Notice/noticeList | DEBUG: Tag[ view_filter ] --START--
[ 2012-06-06T16:09:52+08:00 ] /admin.php/Notice/noticeList | DEBUG: Run ContentReplace Behavior [ RunTime:0.002130s ]
[ 2012-06-06T16:09:52+08:00 ] /admin.php/Notice/noticeList | DEBUG: Run TokenBuild Behavior [ RunTime:0.001031s ]
[ 2012-06-06T16:09:52+08:00 ] /admin.php/Notice/noticeList | DEBUG: Run WriteHtmlCache Behavior [ RunTime:0.001886s ]
[ 2012-06-06T16:09:52+08:00 ] /admin.php/Notice/noticeList | DEBUG: Run ShowRuntime Behavior [ RunTime:0.002125s ]
[ 2012-06-06T16:09:52+08:00 ] /admin.php/Notice/noticeList | DEBUG: Tag[ view_filter ] --END-- [ RunTime:0.007388s ]
[ 2012-06-06T16:09:52+08:00 ] /admin.php/Notice/noticeList | DEBUG: Tag[ view_end ] --START--
[ 2012-06-06T16:09:52+08:00 ] /admin.php/Notice/noticeList | DEBUG: Run ShowPageTrace Behavior [ RunTime:0.003550s ]
[ 2012-06-06T16:09:52+08:00 ] /admin.php/Notice/noticeList | DEBUG: Tag[ view_end ] --END-- [ RunTime:0.003659s ]
[ 2012-06-06T16:12:44+08:00 ] /admin.php/Notice/noticeAdd | DEBUG: Tag[ route_check ] --START--
[ 2012-06-06T16:12:44+08:00 ] /admin.php/Notice/noticeAdd | DEBUG: Run CheckRoute Behavior [ RunTime:0.002495s ]
[ 2012-06-06T16:12:44+08:00 ] /admin.php/Notice/noticeAdd | DEBUG: Tag[ route_check ] --END-- [ RunTime:0.002644s ]
[ 2012-06-06T16:12:44+08:00 ] /admin.php/Notice/noticeAdd | DEBUG: Tag[ app_begin ] --START--
[ 2012-06-06T16:12:44+08:00 ] /admin.php/Notice/noticeAdd | DEBUG: Run ReadHtmlCache Behavior [ RunTime:0.002611s ]
[ 2012-06-06T16:12:44+08:00 ] /admin.php/Notice/noticeAdd | DEBUG: Run CheckTemplate Behavior [ RunTime:0.002126s ]
[ 2012-06-06T16:12:44+08:00 ] /admin.php/Notice/noticeAdd | DEBUG: Tag[ app_begin ] --END-- [ RunTime:0.004887s ]
[ 2012-06-06T16:12:44+08:00 ] /admin.php/Notice/noticeAdd | DEBUG: Tag[ view_template ] --START--
[ 2012-06-06T16:12:44+08:00 ] /admin.php/Notice/noticeAdd | DEBUG: Run LocationTemplate Behavior [ RunTime:0.003192s ]
[ 2012-06-06T16:12:44+08:00 ] /admin.php/Notice/noticeAdd | DEBUG: Tag[ view_template ] --END-- [ RunTime:0.003290s ]
[ 2012-06-06T16:12:44+08:00 ] /admin.php/Notice/noticeAdd | DEBUG: Tag[ view_parse ] --START--
[ 2012-06-06T16:12:44+08:00 ] /admin.php/Notice/noticeAdd | DEBUG: Run ParseTemplate Behavior [ RunTime:0.003195s ]
[ 2012-06-06T16:12:44+08:00 ] /admin.php/Notice/noticeAdd | DEBUG: Tag[ view_parse ] --END-- [ RunTime:0.003269s ]
[ 2012-06-06T16:12:44+08:00 ] /admin.php/Notice/noticeAdd | DEBUG: Tag[ view_filter ] --START--
[ 2012-06-06T16:12:44+08:00 ] /admin.php/Notice/noticeAdd | DEBUG: Run ContentReplace Behavior [ RunTime:0.002186s ]
[ 2012-06-06T16:12:44+08:00 ] /admin.php/Notice/noticeAdd | DEBUG: Run TokenBuild Behavior [ RunTime:0.001346s ]
[ 2012-06-06T16:12:44+08:00 ] /admin.php/Notice/noticeAdd | DEBUG: Run WriteHtmlCache Behavior [ RunTime:0.002432s ]
[ 2012-06-06T16:12:44+08:00 ] /admin.php/Notice/noticeAdd | DEBUG: Run ShowRuntime Behavior [ RunTime:0.002108s ]
[ 2012-06-06T16:12:44+08:00 ] /admin.php/Notice/noticeAdd | DEBUG: Tag[ view_filter ] --END-- [ RunTime:0.008300s ]
[ 2012-06-06T16:12:44+08:00 ] /admin.php/Notice/noticeAdd | DEBUG: Tag[ view_end ] --START--
[ 2012-06-06T16:12:44+08:00 ] /admin.php/Notice/noticeAdd | DEBUG: Run ShowPageTrace Behavior [ RunTime:0.004020s ]
[ 2012-06-06T16:12:44+08:00 ] /admin.php/Notice/noticeAdd | DEBUG: Tag[ view_end ] --END-- [ RunTime:0.004125s ]
[ 2012-06-06T16:12:56+08:00 ] /admin.php/Notice/noticeList | DEBUG: Tag[ route_check ] --START--
[ 2012-06-06T16:12:56+08:00 ] /admin.php/Notice/noticeList | DEBUG: Run CheckRoute Behavior [ RunTime:0.002662s ]
[ 2012-06-06T16:12:56+08:00 ] /admin.php/Notice/noticeList | DEBUG: Tag[ route_check ] --END-- [ RunTime:0.002820s ]
[ 2012-06-06T16:12:56+08:00 ] /admin.php/Notice/noticeList | DEBUG: Tag[ app_begin ] --START--
[ 2012-06-06T16:12:56+08:00 ] /admin.php/Notice/noticeList | DEBUG: Run ReadHtmlCache Behavior [ RunTime:0.002313s ]
[ 2012-06-06T16:12:56+08:00 ] /admin.php/Notice/noticeList | DEBUG: Run CheckTemplate Behavior [ RunTime:0.002106s ]
[ 2012-06-06T16:12:56+08:00 ] /admin.php/Notice/noticeList | DEBUG: Tag[ app_begin ] --END-- [ RunTime:0.004564s ]
[ 2012-06-06T16:12:56+08:00 ] /admin.php/Notice/noticeList | SQL: SHOW COLUMNS FROM `qilihai_notice` [ RunTime:0.002745s ]
[ 2012-06-06T16:12:56+08:00 ] /admin.php/Notice/noticeList | SQL: SELECT COUNT(*) AS tp_count FROM `qilihai_notice` LIMIT 1   [ RunTime:0.001960s ]
[ 2012-06-06T16:12:56+08:00 ] /admin.php/Notice/noticeList | SQL: SELECT * FROM `qilihai_notice` ORDER BY id LIMIT 0,20   [ RunTime:0.000474s ]
[ 2012-06-06T16:12:56+08:00 ] /admin.php/Notice/noticeList | DEBUG: Tag[ view_template ] --START--
[ 2012-06-06T16:12:56+08:00 ] /admin.php/Notice/noticeList | DEBUG: Run LocationTemplate Behavior [ RunTime:0.004073s ]
[ 2012-06-06T16:12:56+08:00 ] /admin.php/Notice/noticeList | DEBUG: Tag[ view_template ] --END-- [ RunTime:0.004187s ]
[ 2012-06-06T16:12:56+08:00 ] /admin.php/Notice/noticeList | DEBUG: Tag[ view_parse ] --START--
[ 2012-06-06T16:12:56+08:00 ] /admin.php/Notice/noticeList | DEBUG: Run ParseTemplate Behavior [ RunTime:0.004854s ]
[ 2012-06-06T16:12:56+08:00 ] /admin.php/Notice/noticeList | DEBUG: Tag[ view_parse ] --END-- [ RunTime:0.004955s ]
[ 2012-06-06T16:12:56+08:00 ] /admin.php/Notice/noticeList | DEBUG: Tag[ view_filter ] --START--
[ 2012-06-06T16:12:56+08:00 ] /admin.php/Notice/noticeList | DEBUG: Run ContentReplace Behavior [ RunTime:0.002181s ]
[ 2012-06-06T16:12:56+08:00 ] /admin.php/Notice/noticeList | DEBUG: Run TokenBuild Behavior [ RunTime:0.001009s ]
[ 2012-06-06T16:12:56+08:00 ] /admin.php/Notice/noticeList | DEBUG: Run WriteHtmlCache Behavior [ RunTime:0.001912s ]
[ 2012-06-06T16:12:56+08:00 ] /admin.php/Notice/noticeList | DEBUG: Run ShowRuntime Behavior [ RunTime:0.002114s ]
[ 2012-06-06T16:12:56+08:00 ] /admin.php/Notice/noticeList | DEBUG: Tag[ view_filter ] --END-- [ RunTime:0.007451s ]
[ 2012-06-06T16:12:56+08:00 ] /admin.php/Notice/noticeList | DEBUG: Tag[ view_end ] --START--
[ 2012-06-06T16:12:56+08:00 ] /admin.php/Notice/noticeList | DEBUG: Run ShowPageTrace Behavior [ RunTime:0.003442s ]
[ 2012-06-06T16:12:56+08:00 ] /admin.php/Notice/noticeList | DEBUG: Tag[ view_end ] --END-- [ RunTime:0.003545s ]
[ 2012-06-06T16:13:07+08:00 ] /admin.php/Notice/notice/Operate/status/0/id/11 | ERR: (ThinkException) 非法操作notice
[ 2012-06-06T16:13:07+08:00 ] /admin.php/Notice/notice/Operate/status/0/id/11 | DEBUG: Tag[ route_check ] --START--
[ 2012-06-06T16:13:07+08:00 ] /admin.php/Notice/notice/Operate/status/0/id/11 | DEBUG: Run CheckRoute Behavior [ RunTime:0.002558s ]
[ 2012-06-06T16:13:07+08:00 ] /admin.php/Notice/notice/Operate/status/0/id/11 | DEBUG: Tag[ route_check ] --END-- [ RunTime:0.002708s ]
[ 2012-06-06T16:13:07+08:00 ] /admin.php/Notice/notice/Operate/status/0/id/11 | DEBUG: Tag[ app_begin ] --START--
[ 2012-06-06T16:13:07+08:00 ] /admin.php/Notice/notice/Operate/status/0/id/11 | DEBUG: Run ReadHtmlCache Behavior [ RunTime:0.002306s ]
[ 2012-06-06T16:13:07+08:00 ] /admin.php/Notice/notice/Operate/status/0/id/11 | DEBUG: Run CheckTemplate Behavior [ RunTime:0.002136s ]
[ 2012-06-06T16:13:07+08:00 ] /admin.php/Notice/notice/Operate/status/0/id/11 | DEBUG: Tag[ app_begin ] --END-- [ RunTime:0.004586s ]
[ 2012-06-06T16:13:07+08:00 ] /admin.php/Notice/notice/Operate/status/0/id/11 | NOTIC: [8] Undefined index:  file ThinkException.class.php 第 72 行.
[ 2012-06-06T16:13:07+08:00 ] /admin.php/Notice/notice/Operate/status/0/id/11 | NOTIC: [8] Undefined index:  line ThinkException.class.php 第 73 行.
[ 2012-06-06T16:13:07+08:00 ] /admin.php/Notice/notice/Operate/status/0/id/11 | NOTIC: [8] Undefined index:  file ThinkException.class.php 第 78 行.
[ 2012-06-06T16:13:07+08:00 ] /admin.php/Notice/notice/Operate/status/0/id/11 | NOTIC: [8] Undefined index:  line ThinkException.class.php 第 78 行.
[ 2012-06-06T16:13:07+08:00 ] /admin.php/Notice/notice/Operate/status/0/id/11 | NOTIC: [8] Array to string conversion ThinkException.class.php 第 80 行.
[ 2012-06-06T16:13:07+08:00 ] /admin.php/Notice/notice/Operate/status/0/id/11 | NOTIC: [8] Undefined index:  file ThinkException.class.php 第 78 行.
[ 2012-06-06T16:13:07+08:00 ] /admin.php/Notice/notice/Operate/status/0/id/11 | NOTIC: [8] Undefined index:  line ThinkException.class.php 第 78 行.
[ 2012-06-06T16:13:07+08:00 ] /admin.php/Notice/notice/Operate/status/0/id/11 | NOTIC: [8] Undefined index:  class ThinkException.class.php 第 79 行.
[ 2012-06-06T16:13:07+08:00 ] /admin.php/Notice/notice/Operate/status/0/id/11 | NOTIC: [8] Undefined index:  type ThinkException.class.php 第 79 行.
[ 2012-06-06T16:13:07+08:00 ] /admin.php/Notice/notice/Operate/status/0/id/11 | NOTIC: [8] Array to string conversion ThinkException.class.php 第 80 行.
[ 2012-06-06T16:13:07+08:00 ] /admin.php/Notice/notice/Operate/status/0/id/11 | NOTIC: [8] Undefined index:  class ThinkException.class.php 第 79 行.
[ 2012-06-06T16:13:07+08:00 ] /admin.php/Notice/notice/Operate/status/0/id/11 | NOTIC: [8] Undefined index:  type ThinkException.class.php 第 79 行.
[ 2012-06-06T16:13:13+08:00 ] /admin.php/Notice/noticeModify/id/11 | DEBUG: Tag[ route_check ] --START--
[ 2012-06-06T16:13:13+08:00 ] /admin.php/Notice/noticeModify/id/11 | DEBUG: Run CheckRoute Behavior [ RunTime:0.002534s ]
[ 2012-06-06T16:13:13+08:00 ] /admin.php/Notice/noticeModify/id/11 | DEBUG: Tag[ route_check ] --END-- [ RunTime:0.002660s ]
[ 2012-06-06T16:13:13+08:00 ] /admin.php/Notice/noticeModify/id/11 | DEBUG: Tag[ app_begin ] --START--
[ 2012-06-06T16:13:13+08:00 ] /admin.php/Notice/noticeModify/id/11 | DEBUG: Run ReadHtmlCache Behavior [ RunTime:0.002223s ]
[ 2012-06-06T16:13:13+08:00 ] /admin.php/Notice/noticeModify/id/11 | DEBUG: Run CheckTemplate Behavior [ RunTime:0.002071s ]
[ 2012-06-06T16:13:13+08:00 ] /admin.php/Notice/noticeModify/id/11 | DEBUG: Tag[ app_begin ] --END-- [ RunTime:0.004418s ]
[ 2012-06-06T16:13:13+08:00 ] /admin.php/Notice/noticeModify/id/11 | SQL: SHOW COLUMNS FROM `qilihai_notice` [ RunTime:0.002881s ]
[ 2012-06-06T16:13:13+08:00 ] /admin.php/Notice/noticeModify/id/11 | SQL: SELECT * FROM `qilihai_notice` WHERE id = 11 LIMIT 1   [ RunTime:0.000933s ]
[ 2012-06-06T16:13:13+08:00 ] /admin.php/Notice/noticeModify/id/11 | DEBUG: Tag[ view_template ] --START--
[ 2012-06-06T16:13:13+08:00 ] /admin.php/Notice/noticeModify/id/11 | DEBUG: Run LocationTemplate Behavior [ RunTime:0.004412s ]
[ 2012-06-06T16:13:13+08:00 ] /admin.php/Notice/noticeModify/id/11 | DEBUG: Tag[ view_template ] --END-- [ RunTime:0.004519s ]
[ 2012-06-06T16:13:13+08:00 ] /admin.php/Notice/noticeModify/id/11 | DEBUG: Tag[ view_parse ] --START--
[ 2012-06-06T16:13:13+08:00 ] /admin.php/Notice/noticeModify/id/11 | NOTIC: [8] Undefined index:  map_link 0f7249c440dc5b64ee1b9f00ef8976ca.php 第 107 行.
[ 2012-06-06T16:13:13+08:00 ] /admin.php/Notice/noticeModify/id/11 | DEBUG: Run ParseTemplate Behavior [ RunTime:0.069561s ]
[ 2012-06-06T16:13:13+08:00 ] /admin.php/Notice/noticeModify/id/11 | DEBUG: Tag[ view_parse ] --END-- [ RunTime:0.069653s ]
[ 2012-06-06T16:13:13+08:00 ] /admin.php/Notice/noticeModify/id/11 | DEBUG: Tag[ view_filter ] --START--
[ 2012-06-06T16:13:13+08:00 ] /admin.php/Notice/noticeModify/id/11 | DEBUG: Run ContentReplace Behavior [ RunTime:0.002237s ]
[ 2012-06-06T16:13:13+08:00 ] /admin.php/Notice/noticeModify/id/11 | DEBUG: Run TokenBuild Behavior [ RunTime:0.001213s ]
[ 2012-06-06T16:13:13+08:00 ] /admin.php/Notice/noticeModify/id/11 | DEBUG: Run WriteHtmlCache Behavior [ RunTime:0.003098s ]
[ 2012-06-06T16:13:13+08:00 ] /admin.php/Notice/noticeModify/id/11 | DEBUG: Run ShowRuntime Behavior [ RunTime:0.002366s ]
[ 2012-06-06T16:13:13+08:00 ] /admin.php/Notice/noticeModify/id/11 | DEBUG: Tag[ view_filter ] --END-- [ RunTime:0.009180s ]
[ 2012-06-06T16:13:13+08:00 ] /admin.php/Notice/noticeModify/id/11 | DEBUG: Tag[ view_end ] --START--
[ 2012-06-06T16:13:13+08:00 ] /admin.php/Notice/noticeModify/id/11 | DEBUG: Run ShowPageTrace Behavior [ RunTime:0.004004s ]
[ 2012-06-06T16:13:13+08:00 ] /admin.php/Notice/noticeModify/id/11 | DEBUG: Tag[ view_end ] --END-- [ RunTime:0.004108s ]
[ 2012-06-06T16:13:54+08:00 ] /admin.php/FarmHouse/farmList | DEBUG: Tag[ route_check ] --START--
[ 2012-06-06T16:13:54+08:00 ] /admin.php/FarmHouse/farmList | DEBUG: Run CheckRoute Behavior [ RunTime:0.002529s ]
[ 2012-06-06T16:13:54+08:00 ] /admin.php/FarmHouse/farmList | DEBUG: Tag[ route_check ] --END-- [ RunTime:0.002682s ]
[ 2012-06-06T16:13:54+08:00 ] /admin.php/FarmHouse/farmList | DEBUG: Tag[ app_begin ] --START--
[ 2012-06-06T16:13:54+08:00 ] /admin.php/FarmHouse/farmList | DEBUG: Run ReadHtmlCache Behavior [ RunTime:0.002215s ]
[ 2012-06-06T16:13:54+08:00 ] /admin.php/FarmHouse/farmList | DEBUG: Run CheckTemplate Behavior [ RunTime:0.002526s ]
[ 2012-06-06T16:13:54+08:00 ] /admin.php/FarmHouse/farmList | DEBUG: Tag[ app_begin ] --END-- [ RunTime:0.004891s ]
[ 2012-06-06T16:13:54+08:00 ] /admin.php/FarmHouse/farmList | SQL: SHOW COLUMNS FROM `qilihai_farmhouse` [ RunTime:0.032045s ]
[ 2012-06-06T16:13:54+08:00 ] /admin.php/FarmHouse/farmList | SQL: SELECT COUNT(*) AS tp_count FROM `qilihai_farmhouse` LIMIT 1   [ RunTime:0.001904s ]
[ 2012-06-06T16:13:54+08:00 ] /admin.php/FarmHouse/farmList | SQL: SELECT * FROM `qilihai_farmhouse` ORDER BY id LIMIT 0,20   [ RunTime:0.001087s ]
[ 2012-06-06T16:13:54+08:00 ] /admin.php/FarmHouse/farmList | DEBUG: Tag[ view_template ] --START--
[ 2012-06-06T16:13:54+08:00 ] /admin.php/FarmHouse/farmList | DEBUG: Run LocationTemplate Behavior [ RunTime:0.016746s ]
[ 2012-06-06T16:13:54+08:00 ] /admin.php/FarmHouse/farmList | DEBUG: Tag[ view_template ] --END-- [ RunTime:0.016862s ]
[ 2012-06-06T16:13:54+08:00 ] /admin.php/FarmHouse/farmList | DEBUG: Tag[ view_parse ] --START--
[ 2012-06-06T16:13:54+08:00 ] /admin.php/FarmHouse/farmList | DEBUG: Run ParseTemplate Behavior [ RunTime:0.019511s ]
[ 2012-06-06T16:13:54+08:00 ] /admin.php/FarmHouse/farmList | DEBUG: Tag[ view_parse ] --END-- [ RunTime:0.019617s ]
[ 2012-06-06T16:13:54+08:00 ] /admin.php/FarmHouse/farmList | DEBUG: Tag[ view_filter ] --START--
[ 2012-06-06T16:13:54+08:00 ] /admin.php/FarmHouse/farmList | DEBUG: Run ContentReplace Behavior [ RunTime:0.002190s ]
[ 2012-06-06T16:13:54+08:00 ] /admin.php/FarmHouse/farmList | DEBUG: Run TokenBuild Behavior [ RunTime:0.000978s ]
[ 2012-06-06T16:13:54+08:00 ] /admin.php/FarmHouse/farmList | DEBUG: Run WriteHtmlCache Behavior [ RunTime:0.001922s ]
[ 2012-06-06T16:13:54+08:00 ] /admin.php/FarmHouse/farmList | DEBUG: Run ShowRuntime Behavior [ RunTime:0.002061s ]
[ 2012-06-06T16:13:54+08:00 ] /admin.php/FarmHouse/farmList | DEBUG: Tag[ view_filter ] --END-- [ RunTime:0.007365s ]
[ 2012-06-06T16:13:54+08:00 ] /admin.php/FarmHouse/farmList | DEBUG: Tag[ view_end ] --START--
[ 2012-06-06T16:13:54+08:00 ] /admin.php/FarmHouse/farmList | DEBUG: Run ShowPageTrace Behavior [ RunTime:0.003577s ]
[ 2012-06-06T16:13:54+08:00 ] /admin.php/FarmHouse/farmList | DEBUG: Tag[ view_end ] --END-- [ RunTime:0.020001s ]
[ 2012-06-06T16:14:00+08:00 ] /admin.php/FarmHouse/farmAdd | DEBUG: Tag[ route_check ] --START--
[ 2012-06-06T16:14:00+08:00 ] /admin.php/FarmHouse/farmAdd | DEBUG: Run CheckRoute Behavior [ RunTime:0.002542s ]
[ 2012-06-06T16:14:00+08:00 ] /admin.php/FarmHouse/farmAdd | DEBUG: Tag[ route_check ] --END-- [ RunTime:0.002687s ]
[ 2012-06-06T16:14:00+08:00 ] /admin.php/FarmHouse/farmAdd | DEBUG: Tag[ app_begin ] --START--
[ 2012-06-06T16:14:00+08:00 ] /admin.php/FarmHouse/farmAdd | DEBUG: Run ReadHtmlCache Behavior [ RunTime:0.002201s ]
[ 2012-06-06T16:14:00+08:00 ] /admin.php/FarmHouse/farmAdd | DEBUG: Run CheckTemplate Behavior [ RunTime:0.002117s ]
[ 2012-06-06T16:14:00+08:00 ] /admin.php/FarmHouse/farmAdd | DEBUG: Tag[ app_begin ] --END-- [ RunTime:0.004445s ]
[ 2012-06-06T16:14:00+08:00 ] /admin.php/FarmHouse/farmAdd | DEBUG: Tag[ view_template ] --START--
[ 2012-06-06T16:14:00+08:00 ] /admin.php/FarmHouse/farmAdd | DEBUG: Run LocationTemplate Behavior [ RunTime:0.003536s ]
[ 2012-06-06T16:14:00+08:00 ] /admin.php/FarmHouse/farmAdd | DEBUG: Tag[ view_template ] --END-- [ RunTime:0.003646s ]
[ 2012-06-06T16:14:00+08:00 ] /admin.php/FarmHouse/farmAdd | DEBUG: Tag[ view_parse ] --START--
[ 2012-06-06T16:14:00+08:00 ] /admin.php/FarmHouse/farmAdd | DEBUG: Run ParseTemplate Behavior [ RunTime:0.065105s ]
[ 2012-06-06T16:14:00+08:00 ] /admin.php/FarmHouse/farmAdd | DEBUG: Tag[ view_parse ] --END-- [ RunTime:0.065235s ]
[ 2012-06-06T16:14:00+08:00 ] /admin.php/FarmHouse/farmAdd | DEBUG: Tag[ view_filter ] --START--
[ 2012-06-06T16:14:00+08:00 ] /admin.php/FarmHouse/farmAdd | DEBUG: Run ContentReplace Behavior [ RunTime:0.002231s ]
[ 2012-06-06T16:14:00+08:00 ] /admin.php/FarmHouse/farmAdd | DEBUG: Run TokenBuild Behavior [ RunTime:0.001011s ]
[ 2012-06-06T16:14:00+08:00 ] /admin.php/FarmHouse/farmAdd | DEBUG: Run WriteHtmlCache Behavior [ RunTime:0.001912s ]
[ 2012-06-06T16:14:00+08:00 ] /admin.php/FarmHouse/farmAdd | DEBUG: Run ShowRuntime Behavior [ RunTime:0.002090s ]
[ 2012-06-06T16:14:00+08:00 ] /admin.php/FarmHouse/farmAdd | DEBUG: Tag[ view_filter ] --END-- [ RunTime:0.007486s ]
[ 2012-06-06T16:14:00+08:00 ] /admin.php/FarmHouse/farmAdd | DEBUG: Tag[ view_end ] --START--
[ 2012-06-06T16:14:00+08:00 ] /admin.php/FarmHouse/farmAdd | DEBUG: Run ShowPageTrace Behavior [ RunTime:0.003781s ]
[ 2012-06-06T16:14:00+08:00 ] /admin.php/FarmHouse/farmAdd | DEBUG: Tag[ view_end ] --END-- [ RunTime:0.003892s ]
[ 2012-06-06T16:14:49+08:00 ] /admin.php/Order/orederList | ERR: (ThinkException) 无法加载模块Order
[ 2012-06-06T16:14:58+08:00 ] /admin.php/Food/foodAdd | DEBUG: Tag[ route_check ] --START--
[ 2012-06-06T16:14:58+08:00 ] /admin.php/Food/foodAdd | DEBUG: Run CheckRoute Behavior [ RunTime:0.002507s ]
[ 2012-06-06T16:14:58+08:00 ] /admin.php/Food/foodAdd | DEBUG: Tag[ route_check ] --END-- [ RunTime:0.002647s ]
[ 2012-06-06T16:14:58+08:00 ] /admin.php/Food/foodAdd | DEBUG: Tag[ app_begin ] --START--
[ 2012-06-06T16:14:58+08:00 ] /admin.php/Food/foodAdd | DEBUG: Run ReadHtmlCache Behavior [ RunTime:0.002229s ]
[ 2012-06-06T16:14:58+08:00 ] /admin.php/Food/foodAdd | DEBUG: Run CheckTemplate Behavior [ RunTime:0.002145s ]
[ 2012-06-06T16:14:58+08:00 ] /admin.php/Food/foodAdd | DEBUG: Tag[ app_begin ] --END-- [ RunTime:0.004526s ]
[ 2012-06-06T16:14:58+08:00 ] /admin.php/Food/foodAdd | DEBUG: Tag[ view_template ] --START--
[ 2012-06-06T16:14:58+08:00 ] /admin.php/Food/foodAdd | DEBUG: Run LocationTemplate Behavior [ RunTime:0.004252s ]
[ 2012-06-06T16:14:58+08:00 ] /admin.php/Food/foodAdd | DEBUG: Tag[ view_template ] --END-- [ RunTime:0.004384s ]
[ 2012-06-06T16:14:58+08:00 ] /admin.php/Food/foodAdd | DEBUG: Tag[ view_parse ] --START--
[ 2012-06-06T16:14:58+08:00 ] /admin.php/Food/foodAdd | DEBUG: Run ParseTemplate Behavior [ RunTime:0.025697s ]
[ 2012-06-06T16:14:58+08:00 ] /admin.php/Food/foodAdd | DEBUG: Tag[ view_parse ] --END-- [ RunTime:0.025817s ]
[ 2012-06-06T16:14:58+08:00 ] /admin.php/Food/foodAdd | DEBUG: Tag[ view_filter ] --START--
[ 2012-06-06T16:14:58+08:00 ] /admin.php/Food/foodAdd | DEBUG: Run ContentReplace Behavior [ RunTime:0.002451s ]
[ 2012-06-06T16:14:58+08:00 ] /admin.php/Food/foodAdd | DEBUG: Run TokenBuild Behavior [ RunTime:0.001399s ]
[ 2012-06-06T16:14:58+08:00 ] /admin.php/Food/foodAdd | DEBUG: Run WriteHtmlCache Behavior [ RunTime:0.002299s ]
[ 2012-06-06T16:14:58+08:00 ] /admin.php/Food/foodAdd | DEBUG: Run ShowRuntime Behavior [ RunTime:0.002270s ]
[ 2012-06-06T16:14:58+08:00 ] /admin.php/Food/foodAdd | DEBUG: Tag[ view_filter ] --END-- [ RunTime:0.008674s ]
[ 2012-06-06T16:14:58+08:00 ] /admin.php/Food/foodAdd | DEBUG: Tag[ view_end ] --START--
[ 2012-06-06T16:14:58+08:00 ] /admin.php/Food/foodAdd | DEBUG: Run ShowPageTrace Behavior [ RunTime:0.004326s ]
[ 2012-06-06T16:14:58+08:00 ] /admin.php/Food/foodAdd | DEBUG: Tag[ view_end ] --END-- [ RunTime:0.004435s ]
