[ 2012-04-15T21:59:59+08:00 ] /admin.php/js/jquery-1.4.1.js | ERR: (ThinkException) 无法加载模块js
[ 2012-04-15T22:00:01+08:00 ] /admin.php/js/jquery-1.4.1.js | ERR: (ThinkException) 无法加载模块js
[ 2012-04-15T22:00:12+08:00 ] /admin.php/Introduction/introAdd | DEBUG: Tag[ route_check ] --START--
[ 2012-04-15T22:00:12+08:00 ] /admin.php/Introduction/introAdd | DEBUG: Run CheckRoute Behavior [ RunTime:0.000976s ]
[ 2012-04-15T22:00:12+08:00 ] /admin.php/Introduction/introAdd | DEBUG: Tag[ route_check ] --END-- [ RunTime:0.001104s ]
[ 2012-04-15T22:00:12+08:00 ] /admin.php/Introduction/introAdd | DEBUG: Tag[ app_begin ] --START--
[ 2012-04-15T22:00:12+08:00 ] /admin.php/Introduction/introAdd | DEBUG: Run ReadHtmlCache Behavior [ RunTime:0.000627s ]
[ 2012-04-15T22:00:12+08:00 ] /admin.php/Introduction/introAdd | DEBUG: Run CheckTemplate Behavior [ RunTime:0.000490s ]
[ 2012-04-15T22:00:12+08:00 ] /admin.php/Introduction/introAdd | DEBUG: Tag[ app_begin ] --END-- [ RunTime:0.001215s ]
[ 2012-04-15T22:00:12+08:00 ] /admin.php/Introduction/introAdd | DEBUG: Tag[ view_template ] --START--
[ 2012-04-15T22:00:12+08:00 ] /admin.php/Introduction/introAdd | DEBUG: Run LocationTemplate Behavior [ RunTime:0.003553s ]
[ 2012-04-15T22:00:12+08:00 ] /admin.php/Introduction/introAdd | DEBUG: Tag[ view_template ] --END-- [ RunTime:0.003623s ]
[ 2012-04-15T22:00:12+08:00 ] /admin.php/Introduction/introAdd | DEBUG: Tag[ view_parse ] --START--
[ 2012-04-15T22:00:12+08:00 ] /admin.php/Introduction/introAdd | DEBUG: Run ParseTemplate Behavior [ RunTime:0.027368s ]
[ 2012-04-15T22:00:12+08:00 ] /admin.php/Introduction/introAdd | DEBUG: Tag[ view_parse ] --END-- [ RunTime:0.027481s ]
[ 2012-04-15T22:00:12+08:00 ] /admin.php/Introduction/introAdd | DEBUG: Tag[ view_filter ] --START--
[ 2012-04-15T22:00:12+08:00 ] /admin.php/Introduction/introAdd | DEBUG: Run ContentReplace Behavior [ RunTime:0.002181s ]
[ 2012-04-15T22:00:12+08:00 ] /admin.php/Introduction/introAdd | DEBUG: Run TokenBuild Behavior [ RunTime:0.002453s ]
[ 2012-04-15T22:00:12+08:00 ] /admin.php/Introduction/introAdd | DEBUG: Run WriteHtmlCache Behavior [ RunTime:0.001980s ]
[ 2012-04-15T22:00:12+08:00 ] /admin.php/Introduction/introAdd | DEBUG: Run ShowRuntime Behavior [ RunTime:0.002532s ]
[ 2012-04-15T22:00:12+08:00 ] /admin.php/Introduction/introAdd | DEBUG: Tag[ view_filter ] --END-- [ RunTime:0.009379s ]
[ 2012-04-15T22:00:12+08:00 ] /admin.php/Introduction/introAdd | DEBUG: Tag[ view_end ] --START--
[ 2012-04-15T22:00:12+08:00 ] /admin.php/Introduction/introAdd | DEBUG: Run ShowPageTrace Behavior [ RunTime:0.004074s ]
[ 2012-04-15T22:00:12+08:00 ] /admin.php/Introduction/introAdd | DEBUG: Tag[ view_end ] --END-- [ RunTime:0.004158s ]
[ 2012-04-15T22:00:12+08:00 ] /admin.php/js/jquery-1.4.1.js | ERR: (ThinkException) 无法加载模块js
[ 2012-04-15T22:00:32+08:00 ] /admin.php/Introduction/introAdd | DEBUG: Tag[ route_check ] --START--
[ 2012-04-15T22:00:32+08:00 ] /admin.php/Introduction/introAdd | DEBUG: Run CheckRoute Behavior [ RunTime:0.002501s ]
[ 2012-04-15T22:00:32+08:00 ] /admin.php/Introduction/introAdd | DEBUG: Tag[ route_check ] --END-- [ RunTime:0.002621s ]
[ 2012-04-15T22:00:32+08:00 ] /admin.php/Introduction/introAdd | DEBUG: Tag[ app_begin ] --START--
[ 2012-04-15T22:00:32+08:00 ] /admin.php/Introduction/introAdd | DEBUG: Run ReadHtmlCache Behavior [ RunTime:0.002218s ]
[ 2012-04-15T22:00:32+08:00 ] /admin.php/Introduction/introAdd | DEBUG: Run CheckTemplate Behavior [ RunTime:0.002286s ]
[ 2012-04-15T22:00:32+08:00 ] /admin.php/Introduction/introAdd | DEBUG: Tag[ app_begin ] --END-- [ RunTime:0.004633s ]
[ 2012-04-15T22:00:32+08:00 ] /admin.php/Introduction/introAdd | DEBUG: Tag[ view_template ] --START--
[ 2012-04-15T22:00:32+08:00 ] /admin.php/Introduction/introAdd | DEBUG: Run LocationTemplate Behavior [ RunTime:0.003943s ]
[ 2012-04-15T22:00:32+08:00 ] /admin.php/Introduction/introAdd | DEBUG: Tag[ view_template ] --END-- [ RunTime:0.004043s ]
[ 2012-04-15T22:00:32+08:00 ] /admin.php/Introduction/introAdd | DEBUG: Tag[ view_parse ] --START--
[ 2012-04-15T22:00:32+08:00 ] /admin.php/Introduction/introAdd | DEBUG: Run ParseTemplate Behavior [ RunTime:0.003840s ]
[ 2012-04-15T22:00:32+08:00 ] /admin.php/Introduction/introAdd | DEBUG: Tag[ view_parse ] --END-- [ RunTime:0.003952s ]
[ 2012-04-15T22:00:32+08:00 ] /admin.php/Introduction/introAdd | DEBUG: Tag[ view_filter ] --START--
[ 2012-04-15T22:00:32+08:00 ] /admin.php/Introduction/introAdd | DEBUG: Run ContentReplace Behavior [ RunTime:0.002173s ]
[ 2012-04-15T22:00:32+08:00 ] /admin.php/Introduction/introAdd | DEBUG: Run TokenBuild Behavior [ RunTime:0.001559s ]
[ 2012-04-15T22:00:32+08:00 ] /admin.php/Introduction/introAdd | DEBUG: Run WriteHtmlCache Behavior [ RunTime:0.001957s ]
[ 2012-04-15T22:00:32+08:00 ] /admin.php/Introduction/introAdd | DEBUG: Run ShowRuntime Behavior [ RunTime:0.002165s ]
[ 2012-04-15T22:00:32+08:00 ] /admin.php/Introduction/introAdd | DEBUG: Tag[ view_filter ] --END-- [ RunTime:0.008053s ]
[ 2012-04-15T22:00:32+08:00 ] /admin.php/Introduction/introAdd | DEBUG: Tag[ view_end ] --START--
[ 2012-04-15T22:00:32+08:00 ] /admin.php/Introduction/introAdd | DEBUG: Run ShowPageTrace Behavior [ RunTime:0.003929s ]
[ 2012-04-15T22:00:32+08:00 ] /admin.php/Introduction/introAdd | DEBUG: Tag[ view_end ] --END-- [ RunTime:0.004023s ]
[ 2012-04-15T22:00:33+08:00 ] /admin.php/js/jquery-1.4.1.js | ERR: (ThinkException) 无法加载模块js
[ 2012-04-15T22:00:34+08:00 ] /admin.php/Introduction/introAdd | DEBUG: Tag[ route_check ] --START--
[ 2012-04-15T22:00:34+08:00 ] /admin.php/Introduction/introAdd | DEBUG: Run CheckRoute Behavior [ RunTime:0.002517s ]
[ 2012-04-15T22:00:34+08:00 ] /admin.php/Introduction/introAdd | DEBUG: Tag[ route_check ] --END-- [ RunTime:0.002634s ]
[ 2012-04-15T22:00:34+08:00 ] /admin.php/Introduction/introAdd | DEBUG: Tag[ app_begin ] --START--
[ 2012-04-15T22:00:34+08:00 ] /admin.php/Introduction/introAdd | DEBUG: Run ReadHtmlCache Behavior [ RunTime:0.002392s ]
[ 2012-04-15T22:00:34+08:00 ] /admin.php/Introduction/introAdd | DEBUG: Run CheckTemplate Behavior [ RunTime:0.002078s ]
[ 2012-04-15T22:00:34+08:00 ] /admin.php/Introduction/introAdd | DEBUG: Tag[ app_begin ] --END-- [ RunTime:0.004577s ]
[ 2012-04-15T22:00:34+08:00 ] /admin.php/Introduction/introAdd | DEBUG: Tag[ view_template ] --START--
[ 2012-04-15T22:00:34+08:00 ] /admin.php/Introduction/introAdd | DEBUG: Run LocationTemplate Behavior [ RunTime:0.003905s ]
[ 2012-04-15T22:00:34+08:00 ] /admin.php/Introduction/introAdd | DEBUG: Tag[ view_template ] --END-- [ RunTime:0.004000s ]
[ 2012-04-15T22:00:34+08:00 ] /admin.php/Introduction/introAdd | DEBUG: Tag[ view_parse ] --START--
[ 2012-04-15T22:00:34+08:00 ] /admin.php/Introduction/introAdd | DEBUG: Run ParseTemplate Behavior [ RunTime:0.003219s ]
[ 2012-04-15T22:00:34+08:00 ] /admin.php/Introduction/introAdd | DEBUG: Tag[ view_parse ] --END-- [ RunTime:0.003295s ]
[ 2012-04-15T22:00:34+08:00 ] /admin.php/Introduction/introAdd | DEBUG: Tag[ view_filter ] --START--
[ 2012-04-15T22:00:34+08:00 ] /admin.php/Introduction/introAdd | DEBUG: Run ContentReplace Behavior [ RunTime:0.002073s ]
[ 2012-04-15T22:00:34+08:00 ] /admin.php/Introduction/introAdd | DEBUG: Run TokenBuild Behavior [ RunTime:0.000935s ]
[ 2012-04-15T22:00:34+08:00 ] /admin.php/Introduction/introAdd | DEBUG: Run WriteHtmlCache Behavior [ RunTime:0.001912s ]
[ 2012-04-15T22:00:34+08:00 ] /admin.php/Introduction/introAdd | DEBUG: Run ShowRuntime Behavior [ RunTime:0.002138s ]
[ 2012-04-15T22:00:34+08:00 ] /admin.php/Introduction/introAdd | DEBUG: Tag[ view_filter ] --END-- [ RunTime:0.007234s ]
[ 2012-04-15T22:00:34+08:00 ] /admin.php/Introduction/introAdd | DEBUG: Tag[ view_end ] --START--
[ 2012-04-15T22:00:34+08:00 ] /admin.php/Introduction/introAdd | DEBUG: Run ShowPageTrace Behavior [ RunTime:0.004307s ]
[ 2012-04-15T22:00:34+08:00 ] /admin.php/Introduction/introAdd | DEBUG: Tag[ view_end ] --END-- [ RunTime:0.004385s ]
[ 2012-04-15T22:00:34+08:00 ] /admin.php/js/jquery-1.4.1.js | ERR: (ThinkException) 无法加载模块js
[ 2012-04-15T22:00:35+08:00 ] /admin.php/Introduction/introAdd | DEBUG: Tag[ route_check ] --START--
[ 2012-04-15T22:00:35+08:00 ] /admin.php/Introduction/introAdd | DEBUG: Run CheckRoute Behavior [ RunTime:0.002807s ]
[ 2012-04-15T22:00:35+08:00 ] /admin.php/Introduction/introAdd | DEBUG: Tag[ route_check ] --END-- [ RunTime:0.002936s ]
[ 2012-04-15T22:00:35+08:00 ] /admin.php/Introduction/introAdd | DEBUG: Tag[ app_begin ] --START--
[ 2012-04-15T22:00:35+08:00 ] /admin.php/Introduction/introAdd | DEBUG: Run ReadHtmlCache Behavior [ RunTime:0.002503s ]
[ 2012-04-15T22:00:35+08:00 ] /admin.php/Introduction/introAdd | DEBUG: Run CheckTemplate Behavior [ RunTime:0.002239s ]
[ 2012-04-15T22:00:35+08:00 ] /admin.php/Introduction/introAdd | DEBUG: Tag[ app_begin ] --END-- [ RunTime:0.004850s ]
[ 2012-04-15T22:00:35+08:00 ] /admin.php/Introduction/introAdd | DEBUG: Tag[ view_template ] --START--
[ 2012-04-15T22:00:35+08:00 ] /admin.php/Introduction/introAdd | DEBUG: Run LocationTemplate Behavior [ RunTime:0.003615s ]
[ 2012-04-15T22:00:35+08:00 ] /admin.php/Introduction/introAdd | DEBUG: Tag[ view_template ] --END-- [ RunTime:0.003710s ]
[ 2012-04-15T22:00:35+08:00 ] /admin.php/Introduction/introAdd | DEBUG: Tag[ view_parse ] --START--
[ 2012-04-15T22:00:35+08:00 ] /admin.php/Introduction/introAdd | DEBUG: Run ParseTemplate Behavior [ RunTime:0.003418s ]
[ 2012-04-15T22:00:35+08:00 ] /admin.php/Introduction/introAdd | DEBUG: Tag[ view_parse ] --END-- [ RunTime:0.003510s ]
[ 2012-04-15T22:00:35+08:00 ] /admin.php/Introduction/introAdd | DEBUG: Tag[ view_filter ] --START--
[ 2012-04-15T22:00:35+08:00 ] /admin.php/Introduction/introAdd | DEBUG: Run ContentReplace Behavior [ RunTime:0.002329s ]
[ 2012-04-15T22:00:35+08:00 ] /admin.php/Introduction/introAdd | DEBUG: Run TokenBuild Behavior [ RunTime:0.001011s ]
[ 2012-04-15T22:00:35+08:00 ] /admin.php/Introduction/introAdd | DEBUG: Run WriteHtmlCache Behavior [ RunTime:0.002171s ]
[ 2012-04-15T22:00:35+08:00 ] /admin.php/Introduction/introAdd | DEBUG: Run ShowRuntime Behavior [ RunTime:0.002447s ]
[ 2012-04-15T22:00:35+08:00 ] /admin.php/Introduction/introAdd | DEBUG: Tag[ view_filter ] --END-- [ RunTime:0.008187s ]
[ 2012-04-15T22:00:35+08:00 ] /admin.php/Introduction/introAdd | DEBUG: Tag[ view_end ] --START--
[ 2012-04-15T22:00:35+08:00 ] /admin.php/Introduction/introAdd | DEBUG: Run ShowPageTrace Behavior [ RunTime:0.004486s ]
[ 2012-04-15T22:00:35+08:00 ] /admin.php/Introduction/introAdd | DEBUG: Tag[ view_end ] --END-- [ RunTime:0.004569s ]
[ 2012-04-15T22:00:36+08:00 ] /admin.php/js/jquery-1.4.1.js | ERR: (ThinkException) 无法加载模块js
[ 2012-04-15T22:00:36+08:00 ] /admin.php/Introduction/introAdd | DEBUG: Tag[ route_check ] --START--
[ 2012-04-15T22:00:36+08:00 ] /admin.php/Introduction/introAdd | DEBUG: Run CheckRoute Behavior [ RunTime:0.002937s ]
[ 2012-04-15T22:00:36+08:00 ] /admin.php/Introduction/introAdd | DEBUG: Tag[ route_check ] --END-- [ RunTime:0.003054s ]
[ 2012-04-15T22:00:36+08:00 ] /admin.php/Introduction/introAdd | DEBUG: Tag[ app_begin ] --START--
[ 2012-04-15T22:00:36+08:00 ] /admin.php/Introduction/introAdd | DEBUG: Run ReadHtmlCache Behavior [ RunTime:0.002285s ]
[ 2012-04-15T22:00:36+08:00 ] /admin.php/Introduction/introAdd | DEBUG: Run CheckTemplate Behavior [ RunTime:0.002243s ]
[ 2012-04-15T22:00:36+08:00 ] /admin.php/Introduction/introAdd | DEBUG: Tag[ app_begin ] --END-- [ RunTime:0.004645s ]
[ 2012-04-15T22:00:36+08:00 ] /admin.php/Introduction/introAdd | DEBUG: Tag[ view_template ] --START--
[ 2012-04-15T22:00:36+08:00 ] /admin.php/Introduction/introAdd | DEBUG: Run LocationTemplate Behavior [ RunTime:0.003545s ]
[ 2012-04-15T22:00:36+08:00 ] /admin.php/Introduction/introAdd | DEBUG: Tag[ view_template ] --END-- [ RunTime:0.003643s ]
[ 2012-04-15T22:00:36+08:00 ] /admin.php/Introduction/introAdd | DEBUG: Tag[ view_parse ] --START--
[ 2012-04-15T22:00:36+08:00 ] /admin.php/Introduction/introAdd | DEBUG: Run ParseTemplate Behavior [ RunTime:0.004384s ]
[ 2012-04-15T22:00:36+08:00 ] /admin.php/Introduction/introAdd | DEBUG: Tag[ view_parse ] --END-- [ RunTime:0.004496s ]
[ 2012-04-15T22:00:36+08:00 ] /admin.php/Introduction/introAdd | DEBUG: Tag[ view_filter ] --START--
[ 2012-04-15T22:00:36+08:00 ] /admin.php/Introduction/introAdd | DEBUG: Run ContentReplace Behavior [ RunTime:0.002440s ]
[ 2012-04-15T22:00:36+08:00 ] /admin.php/Introduction/introAdd | DEBUG: Run TokenBuild Behavior [ RunTime:0.001125s ]
[ 2012-04-15T22:00:36+08:00 ] /admin.php/Introduction/introAdd | DEBUG: Run WriteHtmlCache Behavior [ RunTime:0.002119s ]
[ 2012-04-15T22:00:36+08:00 ] /admin.php/Introduction/introAdd | DEBUG: Run ShowRuntime Behavior [ RunTime:0.002356s ]
[ 2012-04-15T22:00:36+08:00 ] /admin.php/Introduction/introAdd | DEBUG: Tag[ view_filter ] --END-- [ RunTime:0.008263s ]
[ 2012-04-15T22:00:36+08:00 ] /admin.php/Introduction/introAdd | DEBUG: Tag[ view_end ] --START--
[ 2012-04-15T22:00:36+08:00 ] /admin.php/Introduction/introAdd | DEBUG: Run ShowPageTrace Behavior [ RunTime:0.004532s ]
[ 2012-04-15T22:00:36+08:00 ] /admin.php/Introduction/introAdd | DEBUG: Tag[ view_end ] --END-- [ RunTime:0.004609s ]
[ 2012-04-15T22:00:37+08:00 ] /admin.php/js/jquery-1.4.1.js | ERR: (ThinkException) 无法加载模块js
[ 2012-04-15T22:00:37+08:00 ] /admin.php/Introduction/introAdd | DEBUG: Tag[ route_check ] --START--
[ 2012-04-15T22:00:37+08:00 ] /admin.php/Introduction/introAdd | DEBUG: Run CheckRoute Behavior [ RunTime:0.002800s ]
[ 2012-04-15T22:00:37+08:00 ] /admin.php/Introduction/introAdd | DEBUG: Tag[ route_check ] --END-- [ RunTime:0.002944s ]
[ 2012-04-15T22:00:37+08:00 ] /admin.php/Introduction/introAdd | DEBUG: Tag[ app_begin ] --START--
[ 2012-04-15T22:00:37+08:00 ] /admin.php/Introduction/introAdd | DEBUG: Run ReadHtmlCache Behavior [ RunTime:0.002431s ]
[ 2012-04-15T22:00:37+08:00 ] /admin.php/Introduction/introAdd | DEBUG: Run CheckTemplate Behavior [ RunTime:0.002216s ]
[ 2012-04-15T22:00:37+08:00 ] /admin.php/Introduction/introAdd | DEBUG: Tag[ app_begin ] --END-- [ RunTime:0.004817s ]
[ 2012-04-15T22:00:37+08:00 ] /admin.php/Introduction/introAdd | DEBUG: Tag[ view_template ] --START--
[ 2012-04-15T22:00:37+08:00 ] /admin.php/Introduction/introAdd | DEBUG: Run LocationTemplate Behavior [ RunTime:0.003616s ]
[ 2012-04-15T22:00:37+08:00 ] /admin.php/Introduction/introAdd | DEBUG: Tag[ view_template ] --END-- [ RunTime:0.003721s ]
[ 2012-04-15T22:00:37+08:00 ] /admin.php/Introduction/introAdd | DEBUG: Tag[ view_parse ] --START--
[ 2012-04-15T22:00:37+08:00 ] /admin.php/Introduction/introAdd | DEBUG: Run ParseTemplate Behavior [ RunTime:0.003403s ]
[ 2012-04-15T22:00:37+08:00 ] /admin.php/Introduction/introAdd | DEBUG: Tag[ view_parse ] --END-- [ RunTime:0.003505s ]
[ 2012-04-15T22:00:37+08:00 ] /admin.php/Introduction/introAdd | DEBUG: Tag[ view_filter ] --START--
[ 2012-04-15T22:00:37+08:00 ] /admin.php/Introduction/introAdd | DEBUG: Run ContentReplace Behavior [ RunTime:0.002324s ]
[ 2012-04-15T22:00:37+08:00 ] /admin.php/Introduction/introAdd | DEBUG: Run TokenBuild Behavior [ RunTime:0.001096s ]
[ 2012-04-15T22:00:37+08:00 ] /admin.php/Introduction/introAdd | DEBUG: Run WriteHtmlCache Behavior [ RunTime:0.002195s ]
[ 2012-04-15T22:00:37+08:00 ] /admin.php/Introduction/introAdd | DEBUG: Run ShowRuntime Behavior [ RunTime:0.002310s ]
[ 2012-04-15T22:00:37+08:00 ] /admin.php/Introduction/introAdd | DEBUG: Tag[ view_filter ] --END-- [ RunTime:0.008150s ]
[ 2012-04-15T22:00:37+08:00 ] /admin.php/Introduction/introAdd | DEBUG: Tag[ view_end ] --START--
[ 2012-04-15T22:00:37+08:00 ] /admin.php/Introduction/introAdd | DEBUG: Run ShowPageTrace Behavior [ RunTime:0.003911s ]
[ 2012-04-15T22:00:37+08:00 ] /admin.php/Introduction/introAdd | DEBUG: Tag[ view_end ] --END-- [ RunTime:0.003989s ]
[ 2012-04-15T22:00:37+08:00 ] /admin.php/js/jquery-1.4.1.js | ERR: (ThinkException) 无法加载模块js
[ 2012-04-15T22:00:38+08:00 ] /admin.php/Introduction/introAdd | DEBUG: Tag[ route_check ] --START--
[ 2012-04-15T22:00:38+08:00 ] /admin.php/Introduction/introAdd | DEBUG: Run CheckRoute Behavior [ RunTime:0.002785s ]
[ 2012-04-15T22:00:38+08:00 ] /admin.php/Introduction/introAdd | DEBUG: Tag[ route_check ] --END-- [ RunTime:0.002932s ]
[ 2012-04-15T22:00:38+08:00 ] /admin.php/Introduction/introAdd | DEBUG: Tag[ app_begin ] --START--
[ 2012-04-15T22:00:38+08:00 ] /admin.php/Introduction/introAdd | DEBUG: Run ReadHtmlCache Behavior [ RunTime:0.002659s ]
[ 2012-04-15T22:00:38+08:00 ] /admin.php/Introduction/introAdd | DEBUG: Run CheckTemplate Behavior [ RunTime:0.002354s ]
[ 2012-04-15T22:00:38+08:00 ] /admin.php/Introduction/introAdd | DEBUG: Tag[ app_begin ] --END-- [ RunTime:0.005162s ]
[ 2012-04-15T22:00:38+08:00 ] /admin.php/Introduction/introAdd | DEBUG: Tag[ view_template ] --START--
[ 2012-04-15T22:00:38+08:00 ] /admin.php/Introduction/introAdd | DEBUG: Run LocationTemplate Behavior [ RunTime:0.003653s ]
[ 2012-04-15T22:00:38+08:00 ] /admin.php/Introduction/introAdd | DEBUG: Tag[ view_template ] --END-- [ RunTime:0.003754s ]
[ 2012-04-15T22:00:38+08:00 ] /admin.php/Introduction/introAdd | DEBUG: Tag[ view_parse ] --START--
[ 2012-04-15T22:00:38+08:00 ] /admin.php/Introduction/introAdd | DEBUG: Run ParseTemplate Behavior [ RunTime:0.003187s ]
[ 2012-04-15T22:00:38+08:00 ] /admin.php/Introduction/introAdd | DEBUG: Tag[ view_parse ] --END-- [ RunTime:0.003256s ]
[ 2012-04-15T22:00:38+08:00 ] /admin.php/Introduction/introAdd | DEBUG: Tag[ view_filter ] --START--
[ 2012-04-15T22:00:38+08:00 ] /admin.php/Introduction/introAdd | DEBUG: Run ContentReplace Behavior [ RunTime:0.002105s ]
[ 2012-04-15T22:00:38+08:00 ] /admin.php/Introduction/introAdd | DEBUG: Run TokenBuild Behavior [ RunTime:0.000960s ]
[ 2012-04-15T22:00:38+08:00 ] /admin.php/Introduction/introAdd | DEBUG: Run WriteHtmlCache Behavior [ RunTime:0.001946s ]
[ 2012-04-15T22:00:38+08:00 ] /admin.php/Introduction/introAdd | DEBUG: Run ShowRuntime Behavior [ RunTime:0.002139s ]
[ 2012-04-15T22:00:38+08:00 ] /admin.php/Introduction/introAdd | DEBUG: Tag[ view_filter ] --END-- [ RunTime:0.007341s ]
[ 2012-04-15T22:00:38+08:00 ] /admin.php/Introduction/introAdd | DEBUG: Tag[ view_end ] --START--
[ 2012-04-15T22:00:38+08:00 ] /admin.php/Introduction/introAdd | DEBUG: Run ShowPageTrace Behavior [ RunTime:0.003858s ]
[ 2012-04-15T22:00:38+08:00 ] /admin.php/Introduction/introAdd | DEBUG: Tag[ view_end ] --END-- [ RunTime:0.003936s ]
[ 2012-04-15T22:00:38+08:00 ] /admin.php/js/jquery-1.4.1.js | ERR: (ThinkException) 无法加载模块js
[ 2012-04-15T22:00:39+08:00 ] /admin.php/Introduction/introAdd | DEBUG: Tag[ route_check ] --START--
[ 2012-04-15T22:00:39+08:00 ] /admin.php/Introduction/introAdd | DEBUG: Run CheckRoute Behavior [ RunTime:0.002533s ]
[ 2012-04-15T22:00:39+08:00 ] /admin.php/Introduction/introAdd | DEBUG: Tag[ route_check ] --END-- [ RunTime:0.002657s ]
[ 2012-04-15T22:00:39+08:00 ] /admin.php/Introduction/introAdd | DEBUG: Tag[ app_begin ] --START--
[ 2012-04-15T22:00:39+08:00 ] /admin.php/Introduction/introAdd | DEBUG: Run ReadHtmlCache Behavior [ RunTime:0.002286s ]
[ 2012-04-15T22:00:39+08:00 ] /admin.php/Introduction/introAdd | DEBUG: Run CheckTemplate Behavior [ RunTime:0.002353s ]
[ 2012-04-15T22:00:39+08:00 ] /admin.php/Introduction/introAdd | DEBUG: Tag[ app_begin ] --END-- [ RunTime:0.004782s ]
[ 2012-04-15T22:00:39+08:00 ] /admin.php/Introduction/introAdd | DEBUG: Tag[ view_template ] --START--
[ 2012-04-15T22:00:39+08:00 ] /admin.php/Introduction/introAdd | DEBUG: Run LocationTemplate Behavior [ RunTime:0.003683s ]
[ 2012-04-15T22:00:39+08:00 ] /admin.php/Introduction/introAdd | DEBUG: Tag[ view_template ] --END-- [ RunTime:0.003778s ]
[ 2012-04-15T22:00:39+08:00 ] /admin.php/Introduction/introAdd | DEBUG: Tag[ view_parse ] --START--
[ 2012-04-15T22:00:39+08:00 ] /admin.php/Introduction/introAdd | DEBUG: Run ParseTemplate Behavior [ RunTime:0.003497s ]
[ 2012-04-15T22:00:39+08:00 ] /admin.php/Introduction/introAdd | DEBUG: Tag[ view_parse ] --END-- [ RunTime:0.003581s ]
[ 2012-04-15T22:00:39+08:00 ] /admin.php/Introduction/introAdd | DEBUG: Tag[ view_filter ] --START--
[ 2012-04-15T22:00:39+08:00 ] /admin.php/Introduction/introAdd | DEBUG: Run ContentReplace Behavior [ RunTime:0.002200s ]
[ 2012-04-15T22:00:39+08:00 ] /admin.php/Introduction/introAdd | DEBUG: Run TokenBuild Behavior [ RunTime:0.000947s ]
[ 2012-04-15T22:00:39+08:00 ] /admin.php/Introduction/introAdd | DEBUG: Run WriteHtmlCache Behavior [ RunTime:0.002071s ]
[ 2012-04-15T22:00:39+08:00 ] /admin.php/Introduction/introAdd | DEBUG: Run ShowRuntime Behavior [ RunTime:0.002323s ]
[ 2012-04-15T22:00:39+08:00 ] /admin.php/Introduction/introAdd | DEBUG: Tag[ view_filter ] --END-- [ RunTime:0.007799s ]
[ 2012-04-15T22:00:39+08:00 ] /admin.php/Introduction/introAdd | DEBUG: Tag[ view_end ] --START--
[ 2012-04-15T22:00:39+08:00 ] /admin.php/Introduction/introAdd | DEBUG: Run ShowPageTrace Behavior [ RunTime:0.004013s ]
[ 2012-04-15T22:00:39+08:00 ] /admin.php/Introduction/introAdd | DEBUG: Tag[ view_end ] --END-- [ RunTime:0.004106s ]
[ 2012-04-15T22:00:39+08:00 ] /admin.php/js/jquery-1.4.1.js | ERR: (ThinkException) 无法加载模块js
[ 2012-04-15T22:00:40+08:00 ] /admin.php/Introduction/introAdd | DEBUG: Tag[ route_check ] --START--
[ 2012-04-15T22:00:40+08:00 ] /admin.php/Introduction/introAdd | DEBUG: Run CheckRoute Behavior [ RunTime:0.003000s ]
[ 2012-04-15T22:00:40+08:00 ] /admin.php/Introduction/introAdd | DEBUG: Tag[ route_check ] --END-- [ RunTime:0.003121s ]
[ 2012-04-15T22:00:40+08:00 ] /admin.php/Introduction/introAdd | DEBUG: Tag[ app_begin ] --START--
[ 2012-04-15T22:00:40+08:00 ] /admin.php/Introduction/introAdd | DEBUG: Run ReadHtmlCache Behavior [ RunTime:0.002364s ]
[ 2012-04-15T22:00:40+08:00 ] /admin.php/Introduction/introAdd | DEBUG: Run CheckTemplate Behavior [ RunTime:0.002150s ]
[ 2012-04-15T22:00:40+08:00 ] /admin.php/Introduction/introAdd | DEBUG: Tag[ app_begin ] --END-- [ RunTime:0.004615s ]
[ 2012-04-15T22:00:40+08:00 ] /admin.php/Introduction/introAdd | DEBUG: Tag[ view_template ] --START--
[ 2012-04-15T22:00:40+08:00 ] /admin.php/Introduction/introAdd | DEBUG: Run LocationTemplate Behavior [ RunTime:0.003557s ]
[ 2012-04-15T22:00:40+08:00 ] /admin.php/Introduction/introAdd | DEBUG: Tag[ view_template ] --END-- [ RunTime:0.003646s ]
[ 2012-04-15T22:00:40+08:00 ] /admin.php/Introduction/introAdd | DEBUG: Tag[ view_parse ] --START--
[ 2012-04-15T22:00:40+08:00 ] /admin.php/Introduction/introAdd | DEBUG: Run ParseTemplate Behavior [ RunTime:0.005994s ]
[ 2012-04-15T22:00:40+08:00 ] /admin.php/Introduction/introAdd | DEBUG: Tag[ view_parse ] --END-- [ RunTime:0.006101s ]
[ 2012-04-15T22:00:40+08:00 ] /admin.php/Introduction/introAdd | DEBUG: Tag[ view_filter ] --START--
[ 2012-04-15T22:00:40+08:00 ] /admin.php/Introduction/introAdd | DEBUG: Run ContentReplace Behavior [ RunTime:0.002244s ]
[ 2012-04-15T22:00:40+08:00 ] /admin.php/Introduction/introAdd | DEBUG: Run TokenBuild Behavior [ RunTime:0.000938s ]
[ 2012-04-15T22:00:40+08:00 ] /admin.php/Introduction/introAdd | DEBUG: Run WriteHtmlCache Behavior [ RunTime:0.001985s ]
[ 2012-04-15T22:00:40+08:00 ] /admin.php/Introduction/introAdd | DEBUG: Run ShowRuntime Behavior [ RunTime:0.002119s ]
[ 2012-04-15T22:00:40+08:00 ] /admin.php/Introduction/introAdd | DEBUG: Tag[ view_filter ] --END-- [ RunTime:0.007465s ]
[ 2012-04-15T22:00:40+08:00 ] /admin.php/Introduction/introAdd | DEBUG: Tag[ view_end ] --START--
[ 2012-04-15T22:00:40+08:00 ] /admin.php/Introduction/introAdd | DEBUG: Run ShowPageTrace Behavior [ RunTime:0.004323s ]
[ 2012-04-15T22:00:40+08:00 ] /admin.php/Introduction/introAdd | DEBUG: Tag[ view_end ] --END-- [ RunTime:0.004418s ]
[ 2012-04-15T22:00:40+08:00 ] /admin.php/js/jquery-1.4.1.js | ERR: (ThinkException) 无法加载模块js
[ 2012-04-15T22:05:05+08:00 ] /admin.php/Introduction/introAdd | DEBUG: Tag[ route_check ] --START--
[ 2012-04-15T22:05:05+08:00 ] /admin.php/Introduction/introAdd | DEBUG: Run CheckRoute Behavior [ RunTime:0.002949s ]
[ 2012-04-15T22:05:05+08:00 ] /admin.php/Introduction/introAdd | DEBUG: Tag[ route_check ] --END-- [ RunTime:0.003119s ]
[ 2012-04-15T22:05:05+08:00 ] /admin.php/Introduction/introAdd | DEBUG: Tag[ app_begin ] --START--
[ 2012-04-15T22:05:05+08:00 ] /admin.php/Introduction/introAdd | DEBUG: Run ReadHtmlCache Behavior [ RunTime:0.002473s ]
[ 2012-04-15T22:05:05+08:00 ] /admin.php/Introduction/introAdd | DEBUG: Run CheckTemplate Behavior [ RunTime:0.002225s ]
[ 2012-04-15T22:05:05+08:00 ] /admin.php/Introduction/introAdd | DEBUG: Tag[ app_begin ] --END-- [ RunTime:0.004856s ]
[ 2012-04-15T22:05:05+08:00 ] /admin.php/Introduction/introAdd | DEBUG: Tag[ view_template ] --START--
[ 2012-04-15T22:05:05+08:00 ] /admin.php/Introduction/introAdd | DEBUG: Run LocationTemplate Behavior [ RunTime:0.003955s ]
[ 2012-04-15T22:05:05+08:00 ] /admin.php/Introduction/introAdd | DEBUG: Tag[ view_template ] --END-- [ RunTime:0.004054s ]
[ 2012-04-15T22:05:05+08:00 ] /admin.php/Introduction/introAdd | DEBUG: Tag[ view_parse ] --START--
[ 2012-04-15T22:05:05+08:00 ] /admin.php/Introduction/introAdd | DEBUG: Run ParseTemplate Behavior [ RunTime:0.004022s ]
[ 2012-04-15T22:05:05+08:00 ] /admin.php/Introduction/introAdd | DEBUG: Tag[ view_parse ] --END-- [ RunTime:0.004134s ]
[ 2012-04-15T22:05:05+08:00 ] /admin.php/Introduction/introAdd | DEBUG: Tag[ view_filter ] --START--
[ 2012-04-15T22:05:05+08:00 ] /admin.php/Introduction/introAdd | DEBUG: Run ContentReplace Behavior [ RunTime:0.002207s ]
[ 2012-04-15T22:05:05+08:00 ] /admin.php/Introduction/introAdd | DEBUG: Run TokenBuild Behavior [ RunTime:0.001388s ]
[ 2012-04-15T22:05:05+08:00 ] /admin.php/Introduction/introAdd | DEBUG: Run WriteHtmlCache Behavior [ RunTime:0.002053s ]
[ 2012-04-15T22:05:05+08:00 ] /admin.php/Introduction/introAdd | DEBUG: Run ShowRuntime Behavior [ RunTime:0.002137s ]
[ 2012-04-15T22:05:05+08:00 ] /admin.php/Introduction/introAdd | DEBUG: Tag[ view_filter ] --END-- [ RunTime:0.007983s ]
[ 2012-04-15T22:05:05+08:00 ] /admin.php/Introduction/introAdd | DEBUG: Tag[ view_end ] --START--
[ 2012-04-15T22:05:05+08:00 ] /admin.php/Introduction/introAdd | DEBUG: Run ShowPageTrace Behavior [ RunTime:0.004265s ]
[ 2012-04-15T22:05:05+08:00 ] /admin.php/Introduction/introAdd | DEBUG: Tag[ view_end ] --END-- [ RunTime:0.004365s ]
[ 2012-04-15T22:05:05+08:00 ] /admin.php/js/jquery-1.4.1.js | ERR: (ThinkException) 无法加载模块js
[ 2012-04-15T22:05:07+08:00 ] /admin.php/Introduction/introAdd | DEBUG: Tag[ route_check ] --START--
[ 2012-04-15T22:05:07+08:00 ] /admin.php/Introduction/introAdd | DEBUG: Run CheckRoute Behavior [ RunTime:0.002581s ]
[ 2012-04-15T22:05:07+08:00 ] /admin.php/Introduction/introAdd | DEBUG: Tag[ route_check ] --END-- [ RunTime:0.002712s ]
[ 2012-04-15T22:05:07+08:00 ] /admin.php/Introduction/introAdd | DEBUG: Tag[ app_begin ] --START--
[ 2012-04-15T22:05:07+08:00 ] /admin.php/Introduction/introAdd | DEBUG: Run ReadHtmlCache Behavior [ RunTime:0.002292s ]
[ 2012-04-15T22:05:07+08:00 ] /admin.php/Introduction/introAdd | DEBUG: Run CheckTemplate Behavior [ RunTime:0.002161s ]
[ 2012-04-15T22:05:07+08:00 ] /admin.php/Introduction/introAdd | DEBUG: Tag[ app_begin ] --END-- [ RunTime:0.004568s ]
[ 2012-04-15T22:05:07+08:00 ] /admin.php/Introduction/introAdd | DEBUG: Tag[ view_template ] --START--
[ 2012-04-15T22:05:07+08:00 ] /admin.php/Introduction/introAdd | DEBUG: Run LocationTemplate Behavior [ RunTime:0.004235s ]
[ 2012-04-15T22:05:07+08:00 ] /admin.php/Introduction/introAdd | DEBUG: Tag[ view_template ] --END-- [ RunTime:0.004337s ]
[ 2012-04-15T22:05:07+08:00 ] /admin.php/Introduction/introAdd | DEBUG: Tag[ view_parse ] --START--
[ 2012-04-15T22:05:07+08:00 ] /admin.php/Introduction/introAdd | DEBUG: Run ParseTemplate Behavior [ RunTime:0.003438s ]
[ 2012-04-15T22:05:07+08:00 ] /admin.php/Introduction/introAdd | DEBUG: Tag[ view_parse ] --END-- [ RunTime:0.003520s ]
[ 2012-04-15T22:05:07+08:00 ] /admin.php/Introduction/introAdd | DEBUG: Tag[ view_filter ] --START--
[ 2012-04-15T22:05:07+08:00 ] /admin.php/Introduction/introAdd | DEBUG: Run ContentReplace Behavior [ RunTime:0.002330s ]
[ 2012-04-15T22:05:07+08:00 ] /admin.php/Introduction/introAdd | DEBUG: Run TokenBuild Behavior [ RunTime:0.000984s ]
[ 2012-04-15T22:05:07+08:00 ] /admin.php/Introduction/introAdd | DEBUG: Run WriteHtmlCache Behavior [ RunTime:0.001961s ]
[ 2012-04-15T22:05:07+08:00 ] /admin.php/Introduction/introAdd | DEBUG: Run ShowRuntime Behavior [ RunTime:0.002225s ]
[ 2012-04-15T22:05:07+08:00 ] /admin.php/Introduction/introAdd | DEBUG: Tag[ view_filter ] --END-- [ RunTime:0.007682s ]
[ 2012-04-15T22:05:07+08:00 ] /admin.php/Introduction/introAdd | DEBUG: Tag[ view_end ] --START--
[ 2012-04-15T22:05:07+08:00 ] /admin.php/Introduction/introAdd | DEBUG: Run ShowPageTrace Behavior [ RunTime:0.003975s ]
[ 2012-04-15T22:05:07+08:00 ] /admin.php/Introduction/introAdd | DEBUG: Tag[ view_end ] --END-- [ RunTime:0.004052s ]
[ 2012-04-15T22:05:07+08:00 ] /admin.php/js/jquery-1.4.1.js | ERR: (ThinkException) 无法加载模块js
[ 2012-04-15T22:05:11+08:00 ] /admin.php/Introduction/introAdd | DEBUG: Tag[ route_check ] --START--
[ 2012-04-15T22:05:11+08:00 ] /admin.php/Introduction/introAdd | DEBUG: Run CheckRoute Behavior [ RunTime:0.002644s ]
[ 2012-04-15T22:05:11+08:00 ] /admin.php/Introduction/introAdd | DEBUG: Tag[ route_check ] --END-- [ RunTime:0.002822s ]
[ 2012-04-15T22:05:11+08:00 ] /admin.php/Introduction/introAdd | DEBUG: Tag[ app_begin ] --START--
[ 2012-04-15T22:05:11+08:00 ] /admin.php/Introduction/introAdd | DEBUG: Run ReadHtmlCache Behavior [ RunTime:0.002513s ]
[ 2012-04-15T22:05:11+08:00 ] /admin.php/Introduction/introAdd | DEBUG: Run CheckTemplate Behavior [ RunTime:0.002343s ]
[ 2012-04-15T22:05:11+08:00 ] /admin.php/Introduction/introAdd | DEBUG: Tag[ app_begin ] --END-- [ RunTime:0.004999s ]
[ 2012-04-15T22:05:11+08:00 ] /admin.php/Introduction/introAdd | DEBUG: Tag[ view_template ] --START--
[ 2012-04-15T22:05:11+08:00 ] /admin.php/Introduction/introAdd | DEBUG: Run LocationTemplate Behavior [ RunTime:0.003629s ]
[ 2012-04-15T22:05:11+08:00 ] /admin.php/Introduction/introAdd | DEBUG: Tag[ view_template ] --END-- [ RunTime:0.003706s ]
[ 2012-04-15T22:05:11+08:00 ] /admin.php/Introduction/introAdd | DEBUG: Tag[ view_parse ] --START--
[ 2012-04-15T22:05:11+08:00 ] /admin.php/Introduction/introAdd | DEBUG: Run ParseTemplate Behavior [ RunTime:0.003256s ]
[ 2012-04-15T22:05:11+08:00 ] /admin.php/Introduction/introAdd | DEBUG: Tag[ view_parse ] --END-- [ RunTime:0.003336s ]
[ 2012-04-15T22:05:11+08:00 ] /admin.php/Introduction/introAdd | DEBUG: Tag[ view_filter ] --START--
[ 2012-04-15T22:05:11+08:00 ] /admin.php/Introduction/introAdd | DEBUG: Run ContentReplace Behavior [ RunTime:0.002245s ]
[ 2012-04-15T22:05:11+08:00 ] /admin.php/Introduction/introAdd | DEBUG: Run TokenBuild Behavior [ RunTime:0.000982s ]
[ 2012-04-15T22:05:11+08:00 ] /admin.php/Introduction/introAdd | DEBUG: Run WriteHtmlCache Behavior [ RunTime:0.001907s ]
[ 2012-04-15T22:05:11+08:00 ] /admin.php/Introduction/introAdd | DEBUG: Run ShowRuntime Behavior [ RunTime:0.002179s ]
[ 2012-04-15T22:05:11+08:00 ] /admin.php/Introduction/introAdd | DEBUG: Tag[ view_filter ] --END-- [ RunTime:0.007500s ]
[ 2012-04-15T22:05:11+08:00 ] /admin.php/Introduction/introAdd | DEBUG: Tag[ view_end ] --START--
[ 2012-04-15T22:05:11+08:00 ] /admin.php/Introduction/introAdd | DEBUG: Run ShowPageTrace Behavior [ RunTime:0.003949s ]
[ 2012-04-15T22:05:11+08:00 ] /admin.php/Introduction/introAdd | DEBUG: Tag[ view_end ] --END-- [ RunTime:0.004043s ]
[ 2012-04-15T22:05:11+08:00 ] /admin.php/js/jquery-1.4.1.js | ERR: (ThinkException) 无法加载模块js
[ 2012-04-15T22:07:32+08:00 ] /admin.php/Introduction/introAdd | DEBUG: Tag[ route_check ] --START--
[ 2012-04-15T22:07:32+08:00 ] /admin.php/Introduction/introAdd | DEBUG: Run CheckRoute Behavior [ RunTime:0.002690s ]
[ 2012-04-15T22:07:32+08:00 ] /admin.php/Introduction/introAdd | DEBUG: Tag[ route_check ] --END-- [ RunTime:0.002823s ]
[ 2012-04-15T22:07:32+08:00 ] /admin.php/Introduction/introAdd | DEBUG: Tag[ app_begin ] --START--
[ 2012-04-15T22:07:32+08:00 ] /admin.php/Introduction/introAdd | DEBUG: Run ReadHtmlCache Behavior [ RunTime:0.002412s ]
[ 2012-04-15T22:07:32+08:00 ] /admin.php/Introduction/introAdd | DEBUG: Run CheckTemplate Behavior [ RunTime:0.002123s ]
[ 2012-04-15T22:07:32+08:00 ] /admin.php/Introduction/introAdd | DEBUG: Tag[ app_begin ] --END-- [ RunTime:0.004659s ]
[ 2012-04-15T22:07:32+08:00 ] /admin.php/Introduction/introAdd | DEBUG: Tag[ view_template ] --START--
[ 2012-04-15T22:07:32+08:00 ] /admin.php/Introduction/introAdd | DEBUG: Run LocationTemplate Behavior [ RunTime:0.003492s ]
[ 2012-04-15T22:07:32+08:00 ] /admin.php/Introduction/introAdd | DEBUG: Tag[ view_template ] --END-- [ RunTime:0.003561s ]
[ 2012-04-15T22:07:32+08:00 ] /admin.php/Introduction/introAdd | DEBUG: Tag[ view_parse ] --START--
[ 2012-04-15T22:07:32+08:00 ] /admin.php/Introduction/introAdd | DEBUG: Run ParseTemplate Behavior [ RunTime:0.022749s ]
[ 2012-04-15T22:07:32+08:00 ] /admin.php/Introduction/introAdd | DEBUG: Tag[ view_parse ] --END-- [ RunTime:0.022855s ]
[ 2012-04-15T22:07:32+08:00 ] /admin.php/Introduction/introAdd | DEBUG: Tag[ view_filter ] --START--
[ 2012-04-15T22:07:32+08:00 ] /admin.php/Introduction/introAdd | DEBUG: Run ContentReplace Behavior [ RunTime:0.002281s ]
[ 2012-04-15T22:07:32+08:00 ] /admin.php/Introduction/introAdd | DEBUG: Run TokenBuild Behavior [ RunTime:0.001428s ]
[ 2012-04-15T22:07:32+08:00 ] /admin.php/Introduction/introAdd | DEBUG: Run WriteHtmlCache Behavior [ RunTime:0.002409s ]
[ 2012-04-15T22:07:32+08:00 ] /admin.php/Introduction/introAdd | DEBUG: Run ShowRuntime Behavior [ RunTime:0.002233s ]
[ 2012-04-15T22:07:32+08:00 ] /admin.php/Introduction/introAdd | DEBUG: Tag[ view_filter ] --END-- [ RunTime:0.008558s ]
[ 2012-04-15T22:07:32+08:00 ] /admin.php/Introduction/introAdd | DEBUG: Tag[ view_end ] --START--
[ 2012-04-15T22:07:32+08:00 ] /admin.php/Introduction/introAdd | DEBUG: Run ShowPageTrace Behavior [ RunTime:0.003963s ]
[ 2012-04-15T22:07:32+08:00 ] /admin.php/Introduction/introAdd | DEBUG: Tag[ view_end ] --END-- [ RunTime:0.004049s ]
[ 2012-04-15T22:07:32+08:00 ] /admin.php/js/jquery-1.4.1.js | ERR: (ThinkException) 无法加载模块js
[ 2012-04-15T22:07:35+08:00 ] /admin.php/Introduction/introSubmit | DEBUG: Tag[ route_check ] --START--
[ 2012-04-15T22:07:35+08:00 ] /admin.php/Introduction/introSubmit | DEBUG: Run CheckRoute Behavior [ RunTime:0.002832s ]
[ 2012-04-15T22:07:35+08:00 ] /admin.php/Introduction/introSubmit | DEBUG: Tag[ route_check ] --END-- [ RunTime:0.002947s ]
[ 2012-04-15T22:07:35+08:00 ] /admin.php/Introduction/introSubmit | DEBUG: Tag[ app_begin ] --START--
[ 2012-04-15T22:07:35+08:00 ] /admin.php/Introduction/introSubmit | DEBUG: Run ReadHtmlCache Behavior [ RunTime:0.002349s ]
[ 2012-04-15T22:07:35+08:00 ] /admin.php/Introduction/introSubmit | DEBUG: Run CheckTemplate Behavior [ RunTime:0.002122s ]
[ 2012-04-15T22:07:35+08:00 ] /admin.php/Introduction/introSubmit | DEBUG: Tag[ app_begin ] --END-- [ RunTime:0.004589s ]
[ 2012-04-15T22:07:35+08:00 ] /admin.php/Introduction/introSubmit | NOTIC: [8] Use of undefined constant uniqid - assumed 'uniqid' IntroductionAction.class.php 第 32 行.
[ 2012-04-15T22:07:36+08:00 ] /admin.php/Introduction/introSubmit | NOTIC: [8] Undefined property: UploadFile::$zipImags UploadFile.class.php 第 172 行.
[ 2012-04-15T22:07:36+08:00 ] /admin.php/Introduction/introSubmit | SQL: SHOW COLUMNS FROM `qilihai_introduction` [ RunTime:0.004614s ]
[ 2012-04-15T22:27:16+08:00 ] /admin.php/js/jquery-1.4.1.js | ERR: (ThinkException) 无法加载模块js
[ 2012-04-15T22:27:18+08:00 ] /admin.php/Introduction/introAdd | DEBUG: Tag[ route_check ] --START--
[ 2012-04-15T22:27:18+08:00 ] /admin.php/Introduction/introAdd | DEBUG: Run CheckRoute Behavior [ RunTime:0.003585s ]
[ 2012-04-15T22:27:18+08:00 ] /admin.php/Introduction/introAdd | DEBUG: Tag[ route_check ] --END-- [ RunTime:0.003721s ]
[ 2012-04-15T22:27:18+08:00 ] /admin.php/Introduction/introAdd | DEBUG: Tag[ app_begin ] --START--
[ 2012-04-15T22:27:18+08:00 ] /admin.php/Introduction/introAdd | DEBUG: Run ReadHtmlCache Behavior [ RunTime:0.002589s ]
[ 2012-04-15T22:27:18+08:00 ] /admin.php/Introduction/introAdd | DEBUG: Run CheckTemplate Behavior [ RunTime:0.002168s ]
[ 2012-04-15T22:27:18+08:00 ] /admin.php/Introduction/introAdd | DEBUG: Tag[ app_begin ] --END-- [ RunTime:0.004898s ]
[ 2012-04-15T22:27:18+08:00 ] /admin.php/Introduction/introAdd | DEBUG: Tag[ view_template ] --START--
[ 2012-04-15T22:27:18+08:00 ] /admin.php/Introduction/introAdd | DEBUG: Run LocationTemplate Behavior [ RunTime:0.004099s ]
[ 2012-04-15T22:27:18+08:00 ] /admin.php/Introduction/introAdd | DEBUG: Tag[ view_template ] --END-- [ RunTime:0.004199s ]
[ 2012-04-15T22:27:18+08:00 ] /admin.php/Introduction/introAdd | DEBUG: Tag[ view_parse ] --START--
[ 2012-04-15T22:27:18+08:00 ] /admin.php/Introduction/introAdd | DEBUG: Run ParseTemplate Behavior [ RunTime:0.004167s ]
[ 2012-04-15T22:27:18+08:00 ] /admin.php/Introduction/introAdd | DEBUG: Tag[ view_parse ] --END-- [ RunTime:0.004282s ]
[ 2012-04-15T22:27:18+08:00 ] /admin.php/Introduction/introAdd | DEBUG: Tag[ view_filter ] --START--
[ 2012-04-15T22:27:18+08:00 ] /admin.php/Introduction/introAdd | DEBUG: Run ContentReplace Behavior [ RunTime:0.002395s ]
[ 2012-04-15T22:27:18+08:00 ] /admin.php/Introduction/introAdd | DEBUG: Run TokenBuild Behavior [ RunTime:0.001393s ]
[ 2012-04-15T22:27:18+08:00 ] /admin.php/Introduction/introAdd | DEBUG: Run WriteHtmlCache Behavior [ RunTime:0.001969s ]
[ 2012-04-15T22:27:18+08:00 ] /admin.php/Introduction/introAdd | DEBUG: Run ShowRuntime Behavior [ RunTime:0.002449s ]
[ 2012-04-15T22:27:18+08:00 ] /admin.php/Introduction/introAdd | DEBUG: Tag[ view_filter ] --END-- [ RunTime:0.008421s ]
[ 2012-04-15T22:27:18+08:00 ] /admin.php/Introduction/introAdd | DEBUG: Tag[ view_end ] --START--
[ 2012-04-15T22:27:18+08:00 ] /admin.php/Introduction/introAdd | DEBUG: Run ShowPageTrace Behavior [ RunTime:0.004224s ]
[ 2012-04-15T22:27:18+08:00 ] /admin.php/Introduction/introAdd | DEBUG: Tag[ view_end ] --END-- [ RunTime:0.004315s ]
[ 2012-04-15T22:27:18+08:00 ] /admin.php/js/jquery-1.4.1.js | ERR: (ThinkException) 无法加载模块js
[ 2012-04-15T22:27:19+08:00 ] /admin.php/Introduction/introAdd | DEBUG: Tag[ route_check ] --START--
[ 2012-04-15T22:27:19+08:00 ] /admin.php/Introduction/introAdd | DEBUG: Run CheckRoute Behavior [ RunTime:0.002881s ]
[ 2012-04-15T22:27:19+08:00 ] /admin.php/Introduction/introAdd | DEBUG: Tag[ route_check ] --END-- [ RunTime:0.003010s ]
[ 2012-04-15T22:27:19+08:00 ] /admin.php/Introduction/introAdd | DEBUG: Tag[ app_begin ] --START--
[ 2012-04-15T22:27:19+08:00 ] /admin.php/Introduction/introAdd | DEBUG: Run ReadHtmlCache Behavior [ RunTime:0.002515s ]
[ 2012-04-15T22:27:19+08:00 ] /admin.php/Introduction/introAdd | DEBUG: Run CheckTemplate Behavior [ RunTime:0.002405s ]
[ 2012-04-15T22:27:19+08:00 ] /admin.php/Introduction/introAdd | DEBUG: Tag[ app_begin ] --END-- [ RunTime:0.005065s ]
[ 2012-04-15T22:27:19+08:00 ] /admin.php/Introduction/introAdd | DEBUG: Tag[ view_template ] --START--
[ 2012-04-15T22:27:19+08:00 ] /admin.php/Introduction/introAdd | DEBUG: Run LocationTemplate Behavior [ RunTime:0.004145s ]
[ 2012-04-15T22:27:19+08:00 ] /admin.php/Introduction/introAdd | DEBUG: Tag[ view_template ] --END-- [ RunTime:0.004256s ]
[ 2012-04-15T22:27:19+08:00 ] /admin.php/Introduction/introAdd | DEBUG: Tag[ view_parse ] --START--
[ 2012-04-15T22:27:19+08:00 ] /admin.php/Introduction/introAdd | DEBUG: Run ParseTemplate Behavior [ RunTime:0.003459s ]
[ 2012-04-15T22:27:19+08:00 ] /admin.php/Introduction/introAdd | DEBUG: Tag[ view_parse ] --END-- [ RunTime:0.003535s ]
[ 2012-04-15T22:27:19+08:00 ] /admin.php/Introduction/introAdd | DEBUG: Tag[ view_filter ] --START--
[ 2012-04-15T22:27:19+08:00 ] /admin.php/Introduction/introAdd | DEBUG: Run ContentReplace Behavior [ RunTime:0.002263s ]
[ 2012-04-15T22:27:19+08:00 ] /admin.php/Introduction/introAdd | DEBUG: Run TokenBuild Behavior [ RunTime:0.000952s ]
[ 2012-04-15T22:27:19+08:00 ] /admin.php/Introduction/introAdd | DEBUG: Run WriteHtmlCache Behavior [ RunTime:0.002021s ]
[ 2012-04-15T22:27:19+08:00 ] /admin.php/Introduction/introAdd | DEBUG: Run ShowRuntime Behavior [ RunTime:0.002241s ]
[ 2012-04-15T22:27:19+08:00 ] /admin.php/Introduction/introAdd | DEBUG: Tag[ view_filter ] --END-- [ RunTime:0.007659s ]
[ 2012-04-15T22:27:19+08:00 ] /admin.php/Introduction/introAdd | DEBUG: Tag[ view_end ] --START--
[ 2012-04-15T22:27:19+08:00 ] /admin.php/Introduction/introAdd | DEBUG: Run ShowPageTrace Behavior [ RunTime:0.004461s ]
[ 2012-04-15T22:27:19+08:00 ] /admin.php/Introduction/introAdd | DEBUG: Tag[ view_end ] --END-- [ RunTime:0.004545s ]
[ 2012-04-15T22:27:19+08:00 ] /admin.php/js/jquery-1.4.1.js | ERR: (ThinkException) 无法加载模块js
[ 2012-04-15T22:27:28+08:00 ] /admin.php/Introduction/introSubmit | DEBUG: Tag[ route_check ] --START--
[ 2012-04-15T22:27:28+08:00 ] /admin.php/Introduction/introSubmit | DEBUG: Run CheckRoute Behavior [ RunTime:0.002583s ]
[ 2012-04-15T22:27:28+08:00 ] /admin.php/Introduction/introSubmit | DEBUG: Tag[ route_check ] --END-- [ RunTime:0.002705s ]
[ 2012-04-15T22:27:28+08:00 ] /admin.php/Introduction/introSubmit | DEBUG: Tag[ app_begin ] --START--
[ 2012-04-15T22:27:28+08:00 ] /admin.php/Introduction/introSubmit | DEBUG: Run ReadHtmlCache Behavior [ RunTime:0.002469s ]
[ 2012-04-15T22:27:28+08:00 ] /admin.php/Introduction/introSubmit | DEBUG: Run CheckTemplate Behavior [ RunTime:0.001378s ]
[ 2012-04-15T22:27:28+08:00 ] /admin.php/Introduction/introSubmit | DEBUG: Tag[ app_begin ] --END-- [ RunTime:0.003973s ]
[ 2012-04-15T22:27:28+08:00 ] /admin.php/Introduction/introSubmit | NOTIC: [8] Use of undefined constant uniqid - assumed 'uniqid' IntroductionAction.class.php 第 38 行.
[ 2012-04-15T22:27:28+08:00 ] /admin.php/Introduction/introSubmit | NOTIC: [8] Undefined property: UploadFile::$zipImags UploadFile.class.php 第 172 行.
[ 2012-04-15T22:27:28+08:00 ] /admin.php/Introduction/introSubmit | SQL: SHOW COLUMNS FROM `qilihai_introduction` [ RunTime:0.004527s ]
[ 2012-04-15T22:37:38+08:00 ] /admin.php/js/jquery-1.4.1.js | ERR: (ThinkException) 无法加载模块js
[ 2012-04-15T22:37:41+08:00 ] /admin.php/Introduction/introSubmit | DEBUG: Tag[ route_check ] --START--
[ 2012-04-15T22:37:41+08:00 ] /admin.php/Introduction/introSubmit | DEBUG: Run CheckRoute Behavior [ RunTime:0.002734s ]
[ 2012-04-15T22:37:41+08:00 ] /admin.php/Introduction/introSubmit | DEBUG: Tag[ route_check ] --END-- [ RunTime:0.002871s ]
[ 2012-04-15T22:37:41+08:00 ] /admin.php/Introduction/introSubmit | DEBUG: Tag[ app_begin ] --START--
[ 2012-04-15T22:37:41+08:00 ] /admin.php/Introduction/introSubmit | DEBUG: Run ReadHtmlCache Behavior [ RunTime:0.002598s ]
[ 2012-04-15T22:37:41+08:00 ] /admin.php/Introduction/introSubmit | DEBUG: Run CheckTemplate Behavior [ RunTime:0.001036s ]
[ 2012-04-15T22:37:41+08:00 ] /admin.php/Introduction/introSubmit | DEBUG: Tag[ app_begin ] --END-- [ RunTime:0.003759s ]
[ 2012-04-15T22:37:41+08:00 ] /admin.php/Introduction/introSubmit | NOTIC: [8] Use of undefined constant uniqid - assumed 'uniqid' IntroductionAction.class.php 第 50 行.
[ 2012-04-15T22:37:41+08:00 ] /admin.php/Introduction/introSubmit | NOTIC: [8] Undefined property: UploadFile::$zipImags UploadFile.class.php 第 172 行.
[ 2012-04-15T22:37:41+08:00 ] /admin.php/Introduction/introSubmit | SQL: SHOW COLUMNS FROM `qilihai_introduction` [ RunTime:0.003512s ]
[ 2012-04-15T22:37:41+08:00 ] /admin.php/Introduction/introSubmit | SQL: INSERT INTO `qilihai_introduction` (`title`,`content`,`map_link`,`hot`,`edit_time`,`create_time`,`edit_user`,`status`,`pic`) VALUES ('yy',' ty','yyy',0,1334500661,1334500661,'gg',0,'a:1:{i:0;s:17:\"4f8add3569689.jpg\";}') [ RunTime:0.001726s ]
[ 2012-04-15T22:37:41+08:00 ] /admin.php/Introduction/introSubmit | DEBUG: Tag[ view_template ] --START--
[ 2012-04-15T22:37:41+08:00 ] /admin.php/Introduction/introSubmit | DEBUG: Run LocationTemplate Behavior [ RunTime:0.003532s ]
[ 2012-04-15T22:37:41+08:00 ] /admin.php/Introduction/introSubmit | DEBUG: Tag[ view_template ] --END-- [ RunTime:0.003654s ]
[ 2012-04-15T22:37:41+08:00 ] /admin.php/Introduction/introSubmit | DEBUG: Tag[ view_parse ] --START--
[ 2012-04-15T22:37:41+08:00 ] /admin.php/Introduction/introSubmit | DEBUG: Run ParseTemplate Behavior [ RunTime:0.019164s ]
[ 2012-04-15T22:37:41+08:00 ] /admin.php/Introduction/introSubmit | DEBUG: Tag[ view_parse ] --END-- [ RunTime:0.019274s ]
[ 2012-04-15T22:37:41+08:00 ] /admin.php/Introduction/introSubmit | DEBUG: Tag[ view_filter ] --START--
[ 2012-04-15T22:37:41+08:00 ] /admin.php/Introduction/introSubmit | DEBUG: Run ContentReplace Behavior [ RunTime:0.002272s ]
[ 2012-04-15T22:37:41+08:00 ] /admin.php/Introduction/introSubmit | DEBUG: Run TokenBuild Behavior [ RunTime:0.002305s ]
[ 2012-04-15T22:37:41+08:00 ] /admin.php/Introduction/introSubmit | DEBUG: Run WriteHtmlCache Behavior [ RunTime:0.002114s ]
[ 2012-04-15T22:37:41+08:00 ] /admin.php/Introduction/introSubmit | DEBUG: Run ShowRuntime Behavior [ RunTime:0.002311s ]
[ 2012-04-15T22:37:41+08:00 ] /admin.php/Introduction/introSubmit | DEBUG: Tag[ view_filter ] --END-- [ RunTime:0.009210s ]
[ 2012-04-15T22:37:41+08:00 ] /admin.php/Introduction/introSubmit | DEBUG: Tag[ view_end ] --START--
[ 2012-04-15T22:37:41+08:00 ] /admin.php/Introduction/introSubmit | DEBUG: Run ShowPageTrace Behavior [ RunTime:0.003965s ]
[ 2012-04-15T22:37:41+08:00 ] /admin.php/Introduction/introSubmit | DEBUG: Tag[ view_end ] --END-- [ RunTime:0.004071s ]
[ 2012-04-15T22:37:42+08:00 ] /admin.php/Introduction/introAdd | DEBUG: Tag[ route_check ] --START--
[ 2012-04-15T22:37:42+08:00 ] /admin.php/Introduction/introAdd | DEBUG: Run CheckRoute Behavior [ RunTime:0.002799s ]
[ 2012-04-15T22:37:42+08:00 ] /admin.php/Introduction/introAdd | DEBUG: Tag[ route_check ] --END-- [ RunTime:0.002918s ]
[ 2012-04-15T22:37:42+08:00 ] /admin.php/Introduction/introAdd | DEBUG: Tag[ app_begin ] --START--
[ 2012-04-15T22:37:42+08:00 ] /admin.php/Introduction/introAdd | DEBUG: Run ReadHtmlCache Behavior [ RunTime:0.002286s ]
[ 2012-04-15T22:37:42+08:00 ] /admin.php/Introduction/introAdd | DEBUG: Run CheckTemplate Behavior [ RunTime:0.000939s ]
[ 2012-04-15T22:37:42+08:00 ] /admin.php/Introduction/introAdd | DEBUG: Tag[ app_begin ] --END-- [ RunTime:0.003344s ]
[ 2012-04-15T22:37:42+08:00 ] /admin.php/Introduction/introAdd | DEBUG: Tag[ view_template ] --START--
[ 2012-04-15T22:37:42+08:00 ] /admin.php/Introduction/introAdd | DEBUG: Run LocationTemplate Behavior [ RunTime:0.003320s ]
[ 2012-04-15T22:37:42+08:00 ] /admin.php/Introduction/introAdd | DEBUG: Tag[ view_template ] --END-- [ RunTime:0.003396s ]
[ 2012-04-15T22:37:42+08:00 ] /admin.php/Introduction/introAdd | DEBUG: Tag[ view_parse ] --START--
[ 2012-04-15T22:37:42+08:00 ] /admin.php/Introduction/introAdd | DEBUG: Run ParseTemplate Behavior [ RunTime:0.002623s ]
[ 2012-04-15T22:37:42+08:00 ] /admin.php/Introduction/introAdd | DEBUG: Tag[ view_parse ] --END-- [ RunTime:0.002693s ]
[ 2012-04-15T22:37:42+08:00 ] /admin.php/Introduction/introAdd | DEBUG: Tag[ view_filter ] --START--
[ 2012-04-15T22:37:42+08:00 ] /admin.php/Introduction/introAdd | DEBUG: Run ContentReplace Behavior [ RunTime:0.002232s ]
[ 2012-04-15T22:37:42+08:00 ] /admin.php/Introduction/introAdd | DEBUG: Run TokenBuild Behavior [ RunTime:0.002162s ]
[ 2012-04-15T22:37:42+08:00 ] /admin.php/Introduction/introAdd | DEBUG: Run WriteHtmlCache Behavior [ RunTime:0.002009s ]
[ 2012-04-15T22:37:42+08:00 ] /admin.php/Introduction/introAdd | DEBUG: Run ShowRuntime Behavior [ RunTime:0.001868s ]
[ 2012-04-15T22:37:42+08:00 ] /admin.php/Introduction/introAdd | DEBUG: Tag[ view_filter ] --END-- [ RunTime:0.008448s ]
[ 2012-04-15T22:37:42+08:00 ] /admin.php/Introduction/introAdd | DEBUG: Tag[ view_end ] --START--
[ 2012-04-15T22:37:42+08:00 ] /admin.php/Introduction/introAdd | DEBUG: Run ShowPageTrace Behavior [ RunTime:0.004141s ]
[ 2012-04-15T22:37:42+08:00 ] /admin.php/Introduction/introAdd | DEBUG: Tag[ view_end ] --END-- [ RunTime:0.004236s ]
[ 2012-04-15T22:37:42+08:00 ] /admin.php/js/jquery-1.4.1.js | ERR: (ThinkException) 无法加载模块js
