[ 2012-04-24T22:02:30+08:00 ] /admin.php | DEBUG: Tag[ app_begin ] --START--
[ 2012-04-24T22:02:30+08:00 ] /admin.php | DEBUG: Run ReadHtmlCache Behavior [ RunTime:0.001680s ]
[ 2012-04-24T22:02:30+08:00 ] /admin.php | DEBUG: Run CheckTemplate Behavior [ RunTime:0.001306s ]
[ 2012-04-24T22:02:30+08:00 ] /admin.php | DEBUG: Tag[ app_begin ] --END-- [ RunTime:0.003216s ]
[ 2012-04-24T22:02:30+08:00 ] /admin.php | DEBUG: Tag[ view_template ] --START--
[ 2012-04-24T22:02:30+08:00 ] /admin.php | DEBUG: Run LocationTemplate Behavior [ RunTime:0.002666s ]
[ 2012-04-24T22:02:30+08:00 ] /admin.php | DEBUG: Tag[ view_template ] --END-- [ RunTime:0.002815s ]
[ 2012-04-24T22:02:30+08:00 ] /admin.php | DEBUG: Tag[ view_parse ] --START--
[ 2012-04-24T22:02:30+08:00 ] /admin.php | DEBUG: Run ParseTemplate Behavior [ RunTime:0.013604s ]
[ 2012-04-24T22:02:30+08:00 ] /admin.php | DEBUG: Tag[ view_parse ] --END-- [ RunTime:0.013684s ]
[ 2012-04-24T22:02:30+08:00 ] /admin.php | DEBUG: Tag[ view_filter ] --START--
[ 2012-04-24T22:02:30+08:00 ] /admin.php | DEBUG: Run ContentReplace Behavior [ RunTime:0.001302s ]
[ 2012-04-24T22:02:30+08:00 ] /admin.php | DEBUG: Run TokenBuild Behavior [ RunTime:0.001471s ]
[ 2012-04-24T22:02:30+08:00 ] /admin.php | DEBUG: Run WriteHtmlCache Behavior [ RunTime:0.001341s ]
[ 2012-04-24T22:02:30+08:00 ] /admin.php | DEBUG: Run ShowRuntime Behavior [ RunTime:0.001459s ]
[ 2012-04-24T22:02:30+08:00 ] /admin.php | DEBUG: Tag[ view_filter ] --END-- [ RunTime:0.005758s ]
[ 2012-04-24T22:02:30+08:00 ] /admin.php | DEBUG: Tag[ view_end ] --START--
[ 2012-04-24T22:02:30+08:00 ] /admin.php | DEBUG: Run ShowPageTrace Behavior [ RunTime:0.003639s ]
[ 2012-04-24T22:02:30+08:00 ] /admin.php | DEBUG: Tag[ view_end ] --END-- [ RunTime:0.003712s ]
[ 2012-04-24T22:02:30+08:00 ] /admin.php/Index/verify/ | DEBUG: Tag[ route_check ] --START--
[ 2012-04-24T22:02:30+08:00 ] /admin.php/Index/verify/ | DEBUG: Run CheckRoute Behavior [ RunTime:0.001843s ]
[ 2012-04-24T22:02:30+08:00 ] /admin.php/Index/verify/ | DEBUG: Tag[ route_check ] --END-- [ RunTime:0.001969s ]
[ 2012-04-24T22:02:30+08:00 ] /admin.php/Index/verify/ | DEBUG: Tag[ app_begin ] --START--
[ 2012-04-24T22:02:30+08:00 ] /admin.php/Index/verify/ | DEBUG: Run ReadHtmlCache Behavior [ RunTime:0.000628s ]
[ 2012-04-24T22:02:30+08:00 ] /admin.php/Index/verify/ | DEBUG: Run CheckTemplate Behavior [ RunTime:0.000509s ]
[ 2012-04-24T22:02:30+08:00 ] /admin.php/Index/verify/ | DEBUG: Tag[ app_begin ] --END-- [ RunTime:0.001245s ]
[ 2012-04-24T22:02:34+08:00 ] /admin.php/Home/login.shtml | DEBUG: Tag[ route_check ] --START--
[ 2012-04-24T22:02:34+08:00 ] /admin.php/Home/login.shtml | DEBUG: Run CheckRoute Behavior [ RunTime:0.001720s ]
[ 2012-04-24T22:02:34+08:00 ] /admin.php/Home/login.shtml | DEBUG: Tag[ route_check ] --END-- [ RunTime:0.001930s ]
[ 2012-04-24T22:02:34+08:00 ] /admin.php/Home/login.shtml | DEBUG: Tag[ app_begin ] --START--
[ 2012-04-24T22:02:34+08:00 ] /admin.php/Home/login.shtml | DEBUG: Run ReadHtmlCache Behavior [ RunTime:0.001238s ]
[ 2012-04-24T22:02:34+08:00 ] /admin.php/Home/login.shtml | DEBUG: Run CheckTemplate Behavior [ RunTime:0.000993s ]
[ 2012-04-24T22:02:34+08:00 ] /admin.php/Home/login.shtml | DEBUG: Tag[ app_begin ] --END-- [ RunTime:0.002432s ]
[ 2012-04-24T22:02:34+08:00 ] /admin.php/Home/login.shtml | DEBUG: Tag[ view_template ] --START--
[ 2012-04-24T22:02:34+08:00 ] /admin.php/Home/login.shtml | DEBUG: Run LocationTemplate Behavior [ RunTime:0.010454s ]
[ 2012-04-24T22:02:34+08:00 ] /admin.php/Home/login.shtml | DEBUG: Tag[ view_template ] --END-- [ RunTime:0.010683s ]
[ 2012-04-24T22:02:34+08:00 ] /admin.php/Home/login.shtml | DEBUG: Tag[ view_parse ] --START--
[ 2012-04-24T22:02:34+08:00 ] /admin.php/Home/login.shtml | DEBUG: Run ParseTemplate Behavior [ RunTime:0.109244s ]
[ 2012-04-24T22:02:34+08:00 ] /admin.php/Home/login.shtml | DEBUG: Tag[ view_parse ] --END-- [ RunTime:0.109390s ]
[ 2012-04-24T22:02:34+08:00 ] /admin.php/Home/login.shtml | DEBUG: Tag[ view_filter ] --START--
[ 2012-04-24T22:02:34+08:00 ] /admin.php/Home/login.shtml | DEBUG: Run ContentReplace Behavior [ RunTime:0.000589s ]
[ 2012-04-24T22:02:34+08:00 ] /admin.php/Home/login.shtml | DEBUG: Run TokenBuild Behavior [ RunTime:0.000633s ]
[ 2012-04-24T22:02:34+08:00 ] /admin.php/Home/login.shtml | DEBUG: Run WriteHtmlCache Behavior [ RunTime:0.000421s ]
[ 2012-04-24T22:02:34+08:00 ] /admin.php/Home/login.shtml | DEBUG: Run ShowRuntime Behavior [ RunTime:0.000673s ]
[ 2012-04-24T22:02:34+08:00 ] /admin.php/Home/login.shtml | DEBUG: Tag[ view_filter ] --END-- [ RunTime:0.002550s ]
[ 2012-04-24T22:02:34+08:00 ] /admin.php/Home/login.shtml | DEBUG: Tag[ view_end ] --START--
[ 2012-04-24T22:02:34+08:00 ] /admin.php/Home/login.shtml | DEBUG: Run ShowPageTrace Behavior [ RunTime:0.002153s ]
[ 2012-04-24T22:02:34+08:00 ] /admin.php/Home/login.shtml | DEBUG: Tag[ view_end ] --END-- [ RunTime:0.002242s ]
[ 2012-04-24T22:02:42+08:00 ] /admin.php/Home/login.shtml | DEBUG: Tag[ route_check ] --START--
[ 2012-04-24T22:02:42+08:00 ] /admin.php/Home/login.shtml | DEBUG: Run CheckRoute Behavior [ RunTime:0.000869s ]
[ 2012-04-24T22:02:42+08:00 ] /admin.php/Home/login.shtml | DEBUG: Tag[ route_check ] --END-- [ RunTime:0.000994s ]
[ 2012-04-24T22:02:42+08:00 ] /admin.php/Home/login.shtml | DEBUG: Tag[ app_begin ] --START--
[ 2012-04-24T22:02:42+08:00 ] /admin.php/Home/login.shtml | DEBUG: Run ReadHtmlCache Behavior [ RunTime:0.000596s ]
[ 2012-04-24T22:02:42+08:00 ] /admin.php/Home/login.shtml | DEBUG: Run CheckTemplate Behavior [ RunTime:0.000475s ]
[ 2012-04-24T22:02:42+08:00 ] /admin.php/Home/login.shtml | DEBUG: Tag[ app_begin ] --END-- [ RunTime:0.001191s ]
[ 2012-04-24T22:02:43+08:00 ] /admin.php/Home/login.shtml | SQL: SHOW COLUMNS FROM `qilihai_admin` [ RunTime:0.099375s ]
[ 2012-04-24T22:02:43+08:00 ] /admin.php/Home/login.shtml | SQL: SELECT * FROM `qilihai_admin` WHERE ( `username` = 'gg' ) AND ( `password` = '633de4b0c14ca52ea2432a3c8a5c4c31' ) LIMIT 1   [ RunTime:0.174919s ]
[ 2012-04-24T22:02:43+08:00 ] /admin.php/Home/login.shtml | DEBUG: Tag[ view_template ] --START--
[ 2012-04-24T22:02:43+08:00 ] /admin.php/Home/login.shtml | DEBUG: Run LocationTemplate Behavior [ RunTime:0.001160s ]
[ 2012-04-24T22:02:43+08:00 ] /admin.php/Home/login.shtml | DEBUG: Tag[ view_template ] --END-- [ RunTime:0.001305s ]
[ 2012-04-24T22:02:43+08:00 ] /admin.php/Home/login.shtml | DEBUG: Tag[ view_parse ] --START--
[ 2012-04-24T22:02:43+08:00 ] /admin.php/Home/login.shtml | DEBUG: Run ParseTemplate Behavior [ RunTime:0.002294s ]
[ 2012-04-24T22:02:43+08:00 ] /admin.php/Home/login.shtml | DEBUG: Tag[ view_parse ] --END-- [ RunTime:0.002441s ]
[ 2012-04-24T22:02:43+08:00 ] /admin.php/Home/login.shtml | DEBUG: Tag[ view_filter ] --START--
[ 2012-04-24T22:02:43+08:00 ] /admin.php/Home/login.shtml | DEBUG: Run ContentReplace Behavior [ RunTime:0.000950s ]
[ 2012-04-24T22:02:43+08:00 ] /admin.php/Home/login.shtml | DEBUG: Run TokenBuild Behavior [ RunTime:0.001003s ]
[ 2012-04-24T22:02:43+08:00 ] /admin.php/Home/login.shtml | DEBUG: Run WriteHtmlCache Behavior [ RunTime:0.000690s ]
[ 2012-04-24T22:02:43+08:00 ] /admin.php/Home/login.shtml | DEBUG: Run ShowRuntime Behavior [ RunTime:0.001399s ]
[ 2012-04-24T22:02:43+08:00 ] /admin.php/Home/login.shtml | DEBUG: Tag[ view_filter ] --END-- [ RunTime:0.005492s ]
[ 2012-04-24T22:02:43+08:00 ] /admin.php/Home/login.shtml | DEBUG: Tag[ view_end ] --START--
[ 2012-04-24T22:02:43+08:00 ] /admin.php/Home/login.shtml | DEBUG: Run ShowPageTrace Behavior [ RunTime:0.003512s ]
[ 2012-04-24T22:02:43+08:00 ] /admin.php/Home/login.shtml | DEBUG: Tag[ view_end ] --END-- [ RunTime:0.003695s ]
[ 2012-04-24T22:02:50+08:00 ] /admin.php/Home/login.shtml | DEBUG: Tag[ route_check ] --START--
[ 2012-04-24T22:02:50+08:00 ] /admin.php/Home/login.shtml | DEBUG: Run CheckRoute Behavior [ RunTime:0.000997s ]
[ 2012-04-24T22:02:50+08:00 ] /admin.php/Home/login.shtml | DEBUG: Tag[ route_check ] --END-- [ RunTime:0.001123s ]
[ 2012-04-24T22:02:50+08:00 ] /admin.php/Home/login.shtml | DEBUG: Tag[ app_begin ] --START--
[ 2012-04-24T22:02:50+08:00 ] /admin.php/Home/login.shtml | DEBUG: Run ReadHtmlCache Behavior [ RunTime:0.000700s ]
[ 2012-04-24T22:02:50+08:00 ] /admin.php/Home/login.shtml | DEBUG: Run CheckTemplate Behavior [ RunTime:0.000580s ]
[ 2012-04-24T22:02:50+08:00 ] /admin.php/Home/login.shtml | DEBUG: Tag[ app_begin ] --END-- [ RunTime:0.001393s ]
[ 2012-04-24T22:02:50+08:00 ] /admin.php/Home/login.shtml | SQL: SHOW COLUMNS FROM `qilihai_admin` [ RunTime:0.004086s ]
[ 2012-04-24T22:02:50+08:00 ] /admin.php/Home/login.shtml | SQL: SELECT * FROM `qilihai_admin` WHERE ( `username` = 'gg' ) AND ( `password` = '73c18c59a39b18382081ec00bb456d43' ) LIMIT 1   [ RunTime:0.001394s ]
[ 2012-04-24T22:02:50+08:00 ] /admin.php/Home/login.shtml | SQL: UPDATE `qilihai_admin` SET `last_login_time`=1335276170 WHERE ( `username` = 'gg' ) AND ( `password` = '73c18c59a39b18382081ec00bb456d43' ) [ RunTime:0.026639s ]
[ 2012-04-24T22:02:50+08:00 ] /admin.php/Home/login.shtml | DEBUG: Tag[ view_template ] --START--
[ 2012-04-24T22:02:50+08:00 ] /admin.php/Home/login.shtml | DEBUG: Run LocationTemplate Behavior [ RunTime:0.001974s ]
[ 2012-04-24T22:02:50+08:00 ] /admin.php/Home/login.shtml | DEBUG: Tag[ view_template ] --END-- [ RunTime:0.002053s ]
[ 2012-04-24T22:02:50+08:00 ] /admin.php/Home/login.shtml | DEBUG: Tag[ view_parse ] --START--
[ 2012-04-24T22:02:50+08:00 ] /admin.php/Home/login.shtml | NOTIC: [8] Undefined variable: title fdb8b4c06fba2ac11ecc127c153c19ce.php 第 87 行.
[ 2012-04-24T22:02:50+08:00 ] /admin.php/Home/login.shtml | DEBUG: Run ParseTemplate Behavior [ RunTime:0.014068s ]
[ 2012-04-24T22:02:50+08:00 ] /admin.php/Home/login.shtml | DEBUG: Tag[ view_parse ] --END-- [ RunTime:0.014177s ]
[ 2012-04-24T22:02:50+08:00 ] /admin.php/Home/login.shtml | DEBUG: Tag[ view_filter ] --START--
[ 2012-04-24T22:02:50+08:00 ] /admin.php/Home/login.shtml | DEBUG: Run ContentReplace Behavior [ RunTime:0.001024s ]
[ 2012-04-24T22:02:50+08:00 ] /admin.php/Home/login.shtml | DEBUG: Run TokenBuild Behavior [ RunTime:0.001099s ]
[ 2012-04-24T22:02:50+08:00 ] /admin.php/Home/login.shtml | DEBUG: Run WriteHtmlCache Behavior [ RunTime:0.000757s ]
[ 2012-04-24T22:02:50+08:00 ] /admin.php/Home/login.shtml | DEBUG: Run ShowRuntime Behavior [ RunTime:0.001343s ]
[ 2012-04-24T22:02:50+08:00 ] /admin.php/Home/login.shtml | DEBUG: Tag[ view_filter ] --END-- [ RunTime:0.004644s ]
[ 2012-04-24T22:02:50+08:00 ] /admin.php/Home/login.shtml | DEBUG: Tag[ view_end ] --START--
[ 2012-04-24T22:02:50+08:00 ] /admin.php/Home/login.shtml | DEBUG: Run ShowPageTrace Behavior [ RunTime:0.005171s ]
[ 2012-04-24T22:02:50+08:00 ] /admin.php/Home/login.shtml | DEBUG: Tag[ view_end ] --END-- [ RunTime:0.005341s ]
[ 2012-04-24T22:02:50+08:00 ] /admin.php/js/jquery-1.4.1.js | ERR: (ThinkException) 无法加载模块js
[ 2012-04-24T22:02:53+08:00 ] /admin.php/Hotel/hotelList | DEBUG: Tag[ route_check ] --START--
[ 2012-04-24T22:02:53+08:00 ] /admin.php/Hotel/hotelList | DEBUG: Run CheckRoute Behavior [ RunTime:0.000866s ]
[ 2012-04-24T22:02:53+08:00 ] /admin.php/Hotel/hotelList | DEBUG: Tag[ route_check ] --END-- [ RunTime:0.000992s ]
[ 2012-04-24T22:02:53+08:00 ] /admin.php/Hotel/hotelList | DEBUG: Tag[ app_begin ] --START--
[ 2012-04-24T22:02:53+08:00 ] /admin.php/Hotel/hotelList | DEBUG: Run ReadHtmlCache Behavior [ RunTime:0.000599s ]
[ 2012-04-24T22:02:53+08:00 ] /admin.php/Hotel/hotelList | DEBUG: Run CheckTemplate Behavior [ RunTime:0.000467s ]
[ 2012-04-24T22:02:53+08:00 ] /admin.php/Hotel/hotelList | DEBUG: Tag[ app_begin ] --END-- [ RunTime:0.001167s ]
[ 2012-04-24T22:02:53+08:00 ] /admin.php/Hotel/hotelList | SQL: SHOW COLUMNS FROM `qilihai_hotel` [ RunTime:0.054395s ]
[ 2012-04-24T22:02:53+08:00 ] /admin.php/Hotel/hotelList | SQL: SELECT * FROM `qilihai_hotel`  [ RunTime:0.002361s ]
[ 2012-04-24T22:02:53+08:00 ] /admin.php/Hotel/hotelList | DEBUG: Tag[ view_template ] --START--
[ 2012-04-24T22:02:53+08:00 ] /admin.php/Hotel/hotelList | DEBUG: Run LocationTemplate Behavior [ RunTime:0.003588s ]
[ 2012-04-24T22:02:53+08:00 ] /admin.php/Hotel/hotelList | DEBUG: Tag[ view_template ] --END-- [ RunTime:0.003733s ]
[ 2012-04-24T22:02:53+08:00 ] /admin.php/Hotel/hotelList | DEBUG: Tag[ view_parse ] --START--
[ 2012-04-24T22:02:53+08:00 ] /admin.php/Hotel/hotelList | DEBUG: Run ParseTemplate Behavior [ RunTime:0.038327s ]
[ 2012-04-24T22:02:53+08:00 ] /admin.php/Hotel/hotelList | DEBUG: Tag[ view_parse ] --END-- [ RunTime:0.038473s ]
[ 2012-04-24T22:02:53+08:00 ] /admin.php/Hotel/hotelList | DEBUG: Tag[ view_filter ] --START--
[ 2012-04-24T22:02:53+08:00 ] /admin.php/Hotel/hotelList | DEBUG: Run ContentReplace Behavior [ RunTime:0.000574s ]
[ 2012-04-24T22:02:53+08:00 ] /admin.php/Hotel/hotelList | DEBUG: Run TokenBuild Behavior [ RunTime:0.000699s ]
[ 2012-04-24T22:02:53+08:00 ] /admin.php/Hotel/hotelList | DEBUG: Run WriteHtmlCache Behavior [ RunTime:0.000435s ]
[ 2012-04-24T22:02:53+08:00 ] /admin.php/Hotel/hotelList | DEBUG: Run ShowRuntime Behavior [ RunTime:0.001009s ]
[ 2012-04-24T22:02:53+08:00 ] /admin.php/Hotel/hotelList | DEBUG: Tag[ view_filter ] --END-- [ RunTime:0.002947s ]
[ 2012-04-24T22:02:53+08:00 ] /admin.php/Hotel/hotelList | DEBUG: Tag[ view_end ] --START--
[ 2012-04-24T22:02:53+08:00 ] /admin.php/Hotel/hotelList | DEBUG: Run ShowPageTrace Behavior [ RunTime:0.002415s ]
[ 2012-04-24T22:02:53+08:00 ] /admin.php/Hotel/hotelList | DEBUG: Tag[ view_end ] --END-- [ RunTime:0.002588s ]
[ 2012-04-24T22:02:53+08:00 ] /admin.php/js/jquery-1.4.1.js | ERR: (ThinkException) 无法加载模块js
[ 2012-04-24T22:02:54+08:00 ] /admin.php/FarmHouse/farmList | DEBUG: Tag[ route_check ] --START--
[ 2012-04-24T22:02:54+08:00 ] /admin.php/FarmHouse/farmList | DEBUG: Run CheckRoute Behavior [ RunTime:0.001166s ]
[ 2012-04-24T22:02:54+08:00 ] /admin.php/FarmHouse/farmList | DEBUG: Tag[ route_check ] --END-- [ RunTime:0.001319s ]
[ 2012-04-24T22:02:54+08:00 ] /admin.php/FarmHouse/farmList | DEBUG: Tag[ app_begin ] --START--
[ 2012-04-24T22:02:54+08:00 ] /admin.php/FarmHouse/farmList | DEBUG: Run ReadHtmlCache Behavior [ RunTime:0.000831s ]
[ 2012-04-24T22:02:54+08:00 ] /admin.php/FarmHouse/farmList | DEBUG: Run CheckTemplate Behavior [ RunTime:0.000622s ]
[ 2012-04-24T22:02:54+08:00 ] /admin.php/FarmHouse/farmList | DEBUG: Tag[ app_begin ] --END-- [ RunTime:0.001591s ]
[ 2012-04-24T22:02:54+08:00 ] /admin.php/FarmHouse/farmList | SQL: SHOW COLUMNS FROM `qilihai_farmhouse` [ RunTime:0.032338s ]
[ 2012-04-24T22:02:54+08:00 ] /admin.php/FarmHouse/farmList | SQL: SELECT * FROM `qilihai_farmhouse`  [ RunTime:0.004622s ]
[ 2012-04-24T22:02:54+08:00 ] /admin.php/FarmHouse/farmList | DEBUG: Tag[ view_template ] --START--
[ 2012-04-24T22:02:54+08:00 ] /admin.php/FarmHouse/farmList | DEBUG: Run LocationTemplate Behavior [ RunTime:0.003997s ]
[ 2012-04-24T22:02:54+08:00 ] /admin.php/FarmHouse/farmList | DEBUG: Tag[ view_template ] --END-- [ RunTime:0.004160s ]
[ 2012-04-24T22:02:54+08:00 ] /admin.php/FarmHouse/farmList | DEBUG: Tag[ view_parse ] --START--
[ 2012-04-24T22:02:54+08:00 ] /admin.php/FarmHouse/farmList | DEBUG: Run ParseTemplate Behavior [ RunTime:0.020442s ]
[ 2012-04-24T22:02:54+08:00 ] /admin.php/FarmHouse/farmList | DEBUG: Tag[ view_parse ] --END-- [ RunTime:0.020634s ]
[ 2012-04-24T22:02:54+08:00 ] /admin.php/FarmHouse/farmList | DEBUG: Tag[ view_filter ] --START--
[ 2012-04-24T22:02:54+08:00 ] /admin.php/FarmHouse/farmList | DEBUG: Run ContentReplace Behavior [ RunTime:0.001081s ]
[ 2012-04-24T22:02:54+08:00 ] /admin.php/FarmHouse/farmList | DEBUG: Run TokenBuild Behavior [ RunTime:0.001063s ]
[ 2012-04-24T22:02:54+08:00 ] /admin.php/FarmHouse/farmList | DEBUG: Run WriteHtmlCache Behavior [ RunTime:0.000646s ]
[ 2012-04-24T22:02:54+08:00 ] /admin.php/FarmHouse/farmList | DEBUG: Run ShowRuntime Behavior [ RunTime:0.001301s ]
[ 2012-04-24T22:02:54+08:00 ] /admin.php/FarmHouse/farmList | DEBUG: Tag[ view_filter ] --END-- [ RunTime:0.004458s ]
[ 2012-04-24T22:02:54+08:00 ] /admin.php/FarmHouse/farmList | NOTIC: [2] Cannot modify header information - headers already sent by (output started at E:\AppServ\admin\Lib\Action\FarmHouseAction.class.php:90) View.class.php 第 120 行.
[ 2012-04-24T22:02:54+08:00 ] /admin.php/FarmHouse/farmList | NOTIC: [2] Cannot modify header information - headers already sent by (output started at E:\AppServ\admin\Lib\Action\FarmHouseAction.class.php:90) View.class.php 第 121 行.
[ 2012-04-24T22:02:54+08:00 ] /admin.php/FarmHouse/farmList | NOTIC: [2] Cannot modify header information - headers already sent by (output started at E:\AppServ\admin\Lib\Action\FarmHouseAction.class.php:90) View.class.php 第 122 行.
[ 2012-04-24T22:02:54+08:00 ] /admin.php/FarmHouse/farmList | DEBUG: Tag[ view_end ] --START--
[ 2012-04-24T22:02:54+08:00 ] /admin.php/FarmHouse/farmList | DEBUG: Run ShowPageTrace Behavior [ RunTime:0.004135s ]
[ 2012-04-24T22:02:54+08:00 ] /admin.php/FarmHouse/farmList | DEBUG: Tag[ view_end ] --END-- [ RunTime:0.004288s ]
[ 2012-04-24T22:02:54+08:00 ] /admin.php/js/jquery-1.4.1.js | ERR: (ThinkException) 无法加载模块js
[ 2012-04-24T22:02:56+08:00 ] /admin.php/Hotel/hotelAdd | DEBUG: Tag[ route_check ] --START--
[ 2012-04-24T22:02:56+08:00 ] /admin.php/Hotel/hotelAdd | DEBUG: Run CheckRoute Behavior [ RunTime:0.001261s ]
[ 2012-04-24T22:02:56+08:00 ] /admin.php/Hotel/hotelAdd | DEBUG: Tag[ route_check ] --END-- [ RunTime:0.001422s ]
[ 2012-04-24T22:02:56+08:00 ] /admin.php/Hotel/hotelAdd | DEBUG: Tag[ app_begin ] --START--
[ 2012-04-24T22:02:56+08:00 ] /admin.php/Hotel/hotelAdd | DEBUG: Run ReadHtmlCache Behavior [ RunTime:0.000898s ]
[ 2012-04-24T22:02:56+08:00 ] /admin.php/Hotel/hotelAdd | DEBUG: Run CheckTemplate Behavior [ RunTime:0.000652s ]
[ 2012-04-24T22:02:56+08:00 ] /admin.php/Hotel/hotelAdd | DEBUG: Tag[ app_begin ] --END-- [ RunTime:0.001689s ]
[ 2012-04-24T22:02:56+08:00 ] /admin.php/Hotel/hotelAdd | DEBUG: Tag[ view_template ] --START--
[ 2012-04-24T22:02:56+08:00 ] /admin.php/Hotel/hotelAdd | DEBUG: Run LocationTemplate Behavior [ RunTime:0.002205s ]
[ 2012-04-24T22:02:56+08:00 ] /admin.php/Hotel/hotelAdd | DEBUG: Tag[ view_template ] --END-- [ RunTime:0.002301s ]
[ 2012-04-24T22:02:56+08:00 ] /admin.php/Hotel/hotelAdd | DEBUG: Tag[ view_parse ] --START--
[ 2012-04-24T22:02:56+08:00 ] /admin.php/Hotel/hotelAdd | DEBUG: Run ParseTemplate Behavior [ RunTime:0.026922s ]
[ 2012-04-24T22:02:56+08:00 ] /admin.php/Hotel/hotelAdd | DEBUG: Tag[ view_parse ] --END-- [ RunTime:0.027038s ]
[ 2012-04-24T22:02:56+08:00 ] /admin.php/Hotel/hotelAdd | DEBUG: Tag[ view_filter ] --START--
[ 2012-04-24T22:02:56+08:00 ] /admin.php/Hotel/hotelAdd | DEBUG: Run ContentReplace Behavior [ RunTime:0.000471s ]
[ 2012-04-24T22:02:56+08:00 ] /admin.php/Hotel/hotelAdd | DEBUG: Run TokenBuild Behavior [ RunTime:0.000527s ]
[ 2012-04-24T22:02:56+08:00 ] /admin.php/Hotel/hotelAdd | DEBUG: Run WriteHtmlCache Behavior [ RunTime:0.000413s ]
[ 2012-04-24T22:02:56+08:00 ] /admin.php/Hotel/hotelAdd | DEBUG: Run ShowRuntime Behavior [ RunTime:0.000536s ]
[ 2012-04-24T22:02:56+08:00 ] /admin.php/Hotel/hotelAdd | DEBUG: Tag[ view_filter ] --END-- [ RunTime:0.002124s ]
[ 2012-04-24T22:02:56+08:00 ] /admin.php/Hotel/hotelAdd | DEBUG: Tag[ view_end ] --START--
[ 2012-04-24T22:02:56+08:00 ] /admin.php/Hotel/hotelAdd | DEBUG: Run ShowPageTrace Behavior [ RunTime:0.002035s ]
[ 2012-04-24T22:02:56+08:00 ] /admin.php/Hotel/hotelAdd | DEBUG: Tag[ view_end ] --END-- [ RunTime:0.002136s ]
[ 2012-04-24T22:02:56+08:00 ] /admin.php/js/jquery-1.4.1.js | ERR: (ThinkException) 无法加载模块js
[ 2012-04-24T22:03:00+08:00 ] /admin.php/FarmHouse/farmAdd | DEBUG: Tag[ route_check ] --START--
[ 2012-04-24T22:03:00+08:00 ] /admin.php/FarmHouse/farmAdd | DEBUG: Run CheckRoute Behavior [ RunTime:0.001050s ]
[ 2012-04-24T22:03:00+08:00 ] /admin.php/FarmHouse/farmAdd | DEBUG: Tag[ route_check ] --END-- [ RunTime:0.001186s ]
[ 2012-04-24T22:03:00+08:00 ] /admin.php/FarmHouse/farmAdd | DEBUG: Tag[ app_begin ] --START--
[ 2012-04-24T22:03:00+08:00 ] /admin.php/FarmHouse/farmAdd | DEBUG: Run ReadHtmlCache Behavior [ RunTime:0.000766s ]
[ 2012-04-24T22:03:00+08:00 ] /admin.php/FarmHouse/farmAdd | DEBUG: Run CheckTemplate Behavior [ RunTime:0.000585s ]
[ 2012-04-24T22:03:00+08:00 ] /admin.php/FarmHouse/farmAdd | DEBUG: Tag[ app_begin ] --END-- [ RunTime:0.001493s ]
[ 2012-04-24T22:03:00+08:00 ] /admin.php/FarmHouse/farmAdd | DEBUG: Tag[ view_template ] --START--
[ 2012-04-24T22:03:00+08:00 ] /admin.php/FarmHouse/farmAdd | DEBUG: Run LocationTemplate Behavior [ RunTime:0.001950s ]
[ 2012-04-24T22:03:00+08:00 ] /admin.php/FarmHouse/farmAdd | DEBUG: Tag[ view_template ] --END-- [ RunTime:0.002038s ]
[ 2012-04-24T22:03:00+08:00 ] /admin.php/FarmHouse/farmAdd | DEBUG: Tag[ view_parse ] --START--
[ 2012-04-24T22:03:00+08:00 ] /admin.php/FarmHouse/farmAdd | DEBUG: Run ParseTemplate Behavior [ RunTime:0.098284s ]
[ 2012-04-24T22:03:00+08:00 ] /admin.php/FarmHouse/farmAdd | DEBUG: Tag[ view_parse ] --END-- [ RunTime:0.098452s ]
[ 2012-04-24T22:03:00+08:00 ] /admin.php/FarmHouse/farmAdd | DEBUG: Tag[ view_filter ] --START--
[ 2012-04-24T22:03:00+08:00 ] /admin.php/FarmHouse/farmAdd | DEBUG: Run ContentReplace Behavior [ RunTime:0.001202s ]
[ 2012-04-24T22:03:00+08:00 ] /admin.php/FarmHouse/farmAdd | DEBUG: Run TokenBuild Behavior [ RunTime:0.001260s ]
[ 2012-04-24T22:03:00+08:00 ] /admin.php/FarmHouse/farmAdd | DEBUG: Run WriteHtmlCache Behavior [ RunTime:0.000750s ]
[ 2012-04-24T22:03:00+08:00 ] /admin.php/FarmHouse/farmAdd | DEBUG: Run ShowRuntime Behavior [ RunTime:0.001543s ]
[ 2012-04-24T22:03:00+08:00 ] /admin.php/FarmHouse/farmAdd | DEBUG: Tag[ view_filter ] --END-- [ RunTime:0.005092s ]
[ 2012-04-24T22:03:00+08:00 ] /admin.php/FarmHouse/farmAdd | NOTIC: [2] Cannot modify header information - headers already sent by (output started at E:\AppServ\admin\Lib\Action\FarmHouseAction.class.php:24) View.class.php 第 120 行.
[ 2012-04-24T22:03:00+08:00 ] /admin.php/FarmHouse/farmAdd | NOTIC: [2] Cannot modify header information - headers already sent by (output started at E:\AppServ\admin\Lib\Action\FarmHouseAction.class.php:24) View.class.php 第 121 行.
[ 2012-04-24T22:03:00+08:00 ] /admin.php/FarmHouse/farmAdd | NOTIC: [2] Cannot modify header information - headers already sent by (output started at E:\AppServ\admin\Lib\Action\FarmHouseAction.class.php:24) View.class.php 第 122 行.
[ 2012-04-24T22:03:00+08:00 ] /admin.php/FarmHouse/farmAdd | DEBUG: Tag[ view_end ] --START--
[ 2012-04-24T22:03:00+08:00 ] /admin.php/FarmHouse/farmAdd | DEBUG: Run ShowPageTrace Behavior [ RunTime:0.001857s ]
[ 2012-04-24T22:03:00+08:00 ] /admin.php/FarmHouse/farmAdd | DEBUG: Tag[ view_end ] --END-- [ RunTime:0.001950s ]
[ 2012-04-24T22:03:00+08:00 ] /admin.php/js/jquery-1.4.1.js | ERR: (ThinkException) 无法加载模块js
[ 2012-04-24T22:03:03+08:00 ] /admin.php/FarmHouse/farmList | DEBUG: Tag[ route_check ] --START--
[ 2012-04-24T22:03:03+08:00 ] /admin.php/FarmHouse/farmList | DEBUG: Run CheckRoute Behavior [ RunTime:0.001919s ]
[ 2012-04-24T22:03:03+08:00 ] /admin.php/FarmHouse/farmList | DEBUG: Tag[ route_check ] --END-- [ RunTime:0.002181s ]
[ 2012-04-24T22:03:03+08:00 ] /admin.php/FarmHouse/farmList | DEBUG: Tag[ app_begin ] --START--
[ 2012-04-24T22:03:03+08:00 ] /admin.php/FarmHouse/farmList | DEBUG: Run ReadHtmlCache Behavior [ RunTime:0.001194s ]
[ 2012-04-24T22:03:03+08:00 ] /admin.php/FarmHouse/farmList | DEBUG: Run CheckTemplate Behavior [ RunTime:0.000759s ]
[ 2012-04-24T22:03:03+08:00 ] /admin.php/FarmHouse/farmList | DEBUG: Tag[ app_begin ] --END-- [ RunTime:0.002125s ]
[ 2012-04-24T22:03:03+08:00 ] /admin.php/FarmHouse/farmList | SQL: SHOW COLUMNS FROM `qilihai_farmhouse` [ RunTime:0.004828s ]
[ 2012-04-24T22:03:03+08:00 ] /admin.php/FarmHouse/farmList | SQL: SELECT * FROM `qilihai_farmhouse`  [ RunTime:0.001809s ]
[ 2012-04-24T22:03:03+08:00 ] /admin.php/FarmHouse/farmList | DEBUG: Tag[ view_template ] --START--
[ 2012-04-24T22:03:03+08:00 ] /admin.php/FarmHouse/farmList | DEBUG: Run LocationTemplate Behavior [ RunTime:0.001238s ]
[ 2012-04-24T22:03:03+08:00 ] /admin.php/FarmHouse/farmList | DEBUG: Tag[ view_template ] --END-- [ RunTime:0.001324s ]
[ 2012-04-24T22:03:03+08:00 ] /admin.php/FarmHouse/farmList | DEBUG: Tag[ view_parse ] --START--
[ 2012-04-24T22:03:03+08:00 ] /admin.php/FarmHouse/farmList | DEBUG: Run ParseTemplate Behavior [ RunTime:0.001739s ]
[ 2012-04-24T22:03:03+08:00 ] /admin.php/FarmHouse/farmList | DEBUG: Tag[ view_parse ] --END-- [ RunTime:0.001831s ]
[ 2012-04-24T22:03:03+08:00 ] /admin.php/FarmHouse/farmList | DEBUG: Tag[ view_filter ] --START--
[ 2012-04-24T22:03:03+08:00 ] /admin.php/FarmHouse/farmList | DEBUG: Run ContentReplace Behavior [ RunTime:0.000565s ]
[ 2012-04-24T22:03:03+08:00 ] /admin.php/FarmHouse/farmList | DEBUG: Run TokenBuild Behavior [ RunTime:0.000630s ]
[ 2012-04-24T22:03:03+08:00 ] /admin.php/FarmHouse/farmList | DEBUG: Run WriteHtmlCache Behavior [ RunTime:0.000394s ]
[ 2012-04-24T22:03:03+08:00 ] /admin.php/FarmHouse/farmList | DEBUG: Run ShowRuntime Behavior [ RunTime:0.000636s ]
[ 2012-04-24T22:03:03+08:00 ] /admin.php/FarmHouse/farmList | DEBUG: Tag[ view_filter ] --END-- [ RunTime:0.002435s ]
[ 2012-04-24T22:03:03+08:00 ] /admin.php/FarmHouse/farmList | NOTIC: [2] Cannot modify header information - headers already sent by (output started at E:\AppServ\admin\Lib\Action\FarmHouseAction.class.php:90) View.class.php 第 120 行.
[ 2012-04-24T22:03:03+08:00 ] /admin.php/FarmHouse/farmList | NOTIC: [2] Cannot modify header information - headers already sent by (output started at E:\AppServ\admin\Lib\Action\FarmHouseAction.class.php:90) View.class.php 第 121 行.
[ 2012-04-24T22:03:03+08:00 ] /admin.php/FarmHouse/farmList | NOTIC: [2] Cannot modify header information - headers already sent by (output started at E:\AppServ\admin\Lib\Action\FarmHouseAction.class.php:90) View.class.php 第 122 行.
[ 2012-04-24T22:03:03+08:00 ] /admin.php/FarmHouse/farmList | DEBUG: Tag[ view_end ] --START--
[ 2012-04-24T22:03:03+08:00 ] /admin.php/FarmHouse/farmList | DEBUG: Run ShowPageTrace Behavior [ RunTime:0.002159s ]
[ 2012-04-24T22:03:03+08:00 ] /admin.php/FarmHouse/farmList | DEBUG: Tag[ view_end ] --END-- [ RunTime:0.002239s ]
[ 2012-04-24T22:03:03+08:00 ] /admin.php/js/jquery-1.4.1.js | ERR: (ThinkException) 无法加载模块js
[ 2012-04-24T22:03:05+08:00 ] /admin.php/Introduction/introList | DEBUG: Tag[ route_check ] --START--
[ 2012-04-24T22:03:05+08:00 ] /admin.php/Introduction/introList | DEBUG: Run CheckRoute Behavior [ RunTime:0.001448s ]
[ 2012-04-24T22:03:05+08:00 ] /admin.php/Introduction/introList | DEBUG: Tag[ route_check ] --END-- [ RunTime:0.001627s ]
[ 2012-04-24T22:03:05+08:00 ] /admin.php/Introduction/introList | DEBUG: Tag[ app_begin ] --START--
[ 2012-04-24T22:03:05+08:00 ] /admin.php/Introduction/introList | DEBUG: Run ReadHtmlCache Behavior [ RunTime:0.000962s ]
[ 2012-04-24T22:03:05+08:00 ] /admin.php/Introduction/introList | DEBUG: Run CheckTemplate Behavior [ RunTime:0.000742s ]
[ 2012-04-24T22:03:05+08:00 ] /admin.php/Introduction/introList | DEBUG: Tag[ app_begin ] --END-- [ RunTime:0.001857s ]
[ 2012-04-24T22:03:05+08:00 ] /admin.php/Introduction/introList | SQL: SHOW COLUMNS FROM `qilihai_introduction` [ RunTime:0.046454s ]
[ 2012-04-24T22:03:05+08:00 ] /admin.php/Introduction/introList | SQL: SELECT * FROM `qilihai_introduction`  [ RunTime:0.011630s ]
[ 2012-04-24T22:03:05+08:00 ] /admin.php/Introduction/introList | DEBUG: Tag[ view_template ] --START--
[ 2012-04-24T22:03:05+08:00 ] /admin.php/Introduction/introList | DEBUG: Run LocationTemplate Behavior [ RunTime:0.003634s ]
[ 2012-04-24T22:03:05+08:00 ] /admin.php/Introduction/introList | DEBUG: Tag[ view_template ] --END-- [ RunTime:0.003811s ]
[ 2012-04-24T22:03:05+08:00 ] /admin.php/Introduction/introList | DEBUG: Tag[ view_parse ] --START--
[ 2012-04-24T22:03:06+08:00 ] /admin.php/Introduction/introList | DEBUG: Run ParseTemplate Behavior [ RunTime:0.019638s ]
[ 2012-04-24T22:03:06+08:00 ] /admin.php/Introduction/introList | DEBUG: Tag[ view_parse ] --END-- [ RunTime:0.019809s ]
[ 2012-04-24T22:03:06+08:00 ] /admin.php/Introduction/introList | DEBUG: Tag[ view_filter ] --START--
[ 2012-04-24T22:03:06+08:00 ] /admin.php/Introduction/introList | DEBUG: Run ContentReplace Behavior [ RunTime:0.001361s ]
[ 2012-04-24T22:03:06+08:00 ] /admin.php/Introduction/introList | DEBUG: Run TokenBuild Behavior [ RunTime:0.001583s ]
[ 2012-04-24T22:03:06+08:00 ] /admin.php/Introduction/introList | DEBUG: Run WriteHtmlCache Behavior [ RunTime:0.000501s ]
[ 2012-04-24T22:03:06+08:00 ] /admin.php/Introduction/introList | DEBUG: Run ShowRuntime Behavior [ RunTime:0.000902s ]
[ 2012-04-24T22:03:06+08:00 ] /admin.php/Introduction/introList | DEBUG: Tag[ view_filter ] --END-- [ RunTime:0.004653s ]
[ 2012-04-24T22:03:06+08:00 ] /admin.php/Introduction/introList | DEBUG: Tag[ view_end ] --START--
[ 2012-04-24T22:03:06+08:00 ] /admin.php/Introduction/introList | DEBUG: Run ShowPageTrace Behavior [ RunTime:0.002712s ]
[ 2012-04-24T22:03:06+08:00 ] /admin.php/Introduction/introList | DEBUG: Tag[ view_end ] --END-- [ RunTime:0.002852s ]
[ 2012-04-24T22:03:06+08:00 ] /admin.php/js/jquery-1.4.1.js | ERR: (ThinkException) 无法加载模块js
