[ 2012-04-18T21:17:18+08:00 ] /admin.php | DEBUG: Tag[ app_begin ] --START--
[ 2012-04-18T21:17:18+08:00 ] /admin.php | DEBUG: Run ReadHtmlCache Behavior [ RunTime:0.001666s ]
[ 2012-04-18T21:17:18+08:00 ] /admin.php | DEBUG: Run CheckTemplate Behavior [ RunTime:0.001311s ]
[ 2012-04-18T21:17:18+08:00 ] /admin.php | DEBUG: Tag[ app_begin ] --END-- [ RunTime:0.003178s ]
[ 2012-04-18T21:17:18+08:00 ] /admin.php | DEBUG: Tag[ view_template ] --START--
[ 2012-04-18T21:17:18+08:00 ] /admin.php | DEBUG: Run LocationTemplate Behavior [ RunTime:0.005657s ]
[ 2012-04-18T21:17:18+08:00 ] /admin.php | DEBUG: Tag[ view_template ] --END-- [ RunTime:0.005836s ]
[ 2012-04-18T21:17:18+08:00 ] /admin.php | DEBUG: Tag[ view_parse ] --START--
[ 2012-04-18T21:17:18+08:00 ] /admin.php | DEBUG: Run ParseTemplate Behavior [ RunTime:0.022192s ]
[ 2012-04-18T21:17:18+08:00 ] /admin.php | DEBUG: Tag[ view_parse ] --END-- [ RunTime:0.022365s ]
[ 2012-04-18T21:17:18+08:00 ] /admin.php | DEBUG: Tag[ view_filter ] --START--
[ 2012-04-18T21:17:18+08:00 ] /admin.php | DEBUG: Run ContentReplace Behavior [ RunTime:0.001857s ]
[ 2012-04-18T21:17:18+08:00 ] /admin.php | DEBUG: Run TokenBuild Behavior [ RunTime:0.001954s ]
[ 2012-04-18T21:17:19+08:00 ] /admin.php | DEBUG: Run WriteHtmlCache Behavior [ RunTime:0.001647s ]
[ 2012-04-18T21:17:19+08:00 ] /admin.php | DEBUG: Run ShowRuntime Behavior [ RunTime:0.001824s ]
[ 2012-04-18T21:17:19+08:00 ] /admin.php | DEBUG: Tag[ view_filter ] --END-- [ RunTime:0.007513s ]
[ 2012-04-18T21:17:19+08:00 ] /admin.php | DEBUG: Tag[ view_end ] --START--
[ 2012-04-18T21:17:19+08:00 ] /admin.php | DEBUG: Run ShowPageTrace Behavior [ RunTime:0.003575s ]
[ 2012-04-18T21:17:19+08:00 ] /admin.php | DEBUG: Tag[ view_end ] --END-- [ RunTime:0.003678s ]
[ 2012-04-18T21:17:19+08:00 ] /admin.php/Index/verify/ | DEBUG: Tag[ route_check ] --START--
[ 2012-04-18T21:17:19+08:00 ] /admin.php/Index/verify/ | DEBUG: Run CheckRoute Behavior [ RunTime:0.001757s ]
[ 2012-04-18T21:17:19+08:00 ] /admin.php/Index/verify/ | DEBUG: Tag[ route_check ] --END-- [ RunTime:0.001905s ]
[ 2012-04-18T21:17:19+08:00 ] /admin.php/Index/verify/ | DEBUG: Tag[ app_begin ] --START--
[ 2012-04-18T21:17:19+08:00 ] /admin.php/Index/verify/ | DEBUG: Run ReadHtmlCache Behavior [ RunTime:0.000711s ]
[ 2012-04-18T21:17:19+08:00 ] /admin.php/Index/verify/ | DEBUG: Run CheckTemplate Behavior [ RunTime:0.000487s ]
[ 2012-04-18T21:17:19+08:00 ] /admin.php/Index/verify/ | DEBUG: Tag[ app_begin ] --END-- [ RunTime:0.001306s ]
[ 2012-04-18T21:20:08+08:00 ] /admin.php/Index/verify/1334755208166 | DEBUG: Tag[ route_check ] --START--
[ 2012-04-18T21:20:08+08:00 ] /admin.php/Index/verify/1334755208166 | DEBUG: Run CheckRoute Behavior [ RunTime:0.001707s ]
[ 2012-04-18T21:20:08+08:00 ] /admin.php/Index/verify/1334755208166 | DEBUG: Tag[ route_check ] --END-- [ RunTime:0.001832s ]
[ 2012-04-18T21:20:08+08:00 ] /admin.php/Index/verify/1334755208166 | DEBUG: Tag[ app_begin ] --START--
[ 2012-04-18T21:20:08+08:00 ] /admin.php/Index/verify/1334755208166 | DEBUG: Run ReadHtmlCache Behavior [ RunTime:0.001560s ]
[ 2012-04-18T21:20:08+08:00 ] /admin.php/Index/verify/1334755208166 | DEBUG: Run CheckTemplate Behavior [ RunTime:0.001452s ]
[ 2012-04-18T21:20:08+08:00 ] /admin.php/Index/verify/1334755208166 | DEBUG: Tag[ app_begin ] --END-- [ RunTime:0.003140s ]
[ 2012-04-18T21:20:13+08:00 ] /admin.php/Home/login.shtml | DEBUG: Tag[ route_check ] --START--
[ 2012-04-18T21:20:13+08:00 ] /admin.php/Home/login.shtml | DEBUG: Run CheckRoute Behavior [ RunTime:0.001026s ]
[ 2012-04-18T21:20:13+08:00 ] /admin.php/Home/login.shtml | DEBUG: Tag[ route_check ] --END-- [ RunTime:0.001174s ]
[ 2012-04-18T21:20:13+08:00 ] /admin.php/Home/login.shtml | DEBUG: Tag[ app_begin ] --START--
[ 2012-04-18T21:20:13+08:00 ] /admin.php/Home/login.shtml | DEBUG: Run ReadHtmlCache Behavior [ RunTime:0.000692s ]
[ 2012-04-18T21:20:13+08:00 ] /admin.php/Home/login.shtml | DEBUG: Run CheckTemplate Behavior [ RunTime:0.000534s ]
[ 2012-04-18T21:20:13+08:00 ] /admin.php/Home/login.shtml | DEBUG: Tag[ app_begin ] --END-- [ RunTime:0.001350s ]
[ 2012-04-18T21:20:13+08:00 ] /admin.php/Home/login.shtml | SQL: SHOW COLUMNS FROM `qilihai_admin` [ RunTime:0.004549s ]
[ 2012-04-18T21:20:13+08:00 ] /admin.php/Home/login.shtml | SQL: SELECT * FROM `qilihai_admin` WHERE ( `username` = 'gg' ) AND ( `password` = '73c18c59a39b18382081ec00bb456d43' ) LIMIT 1   [ RunTime:0.000884s ]
[ 2012-04-18T21:20:13+08:00 ] /admin.php/Home/login.shtml | SQL: UPDATE `qilihai_admin` SET `last_login_time`=1334755213 WHERE ( `username` = 'gg' ) AND ( `password` = '73c18c59a39b18382081ec00bb456d43' ) [ RunTime:0.000514s ]
[ 2012-04-18T21:20:13+08:00 ] /admin.php/Home/login.shtml | DEBUG: Tag[ view_template ] --START--
[ 2012-04-18T21:20:13+08:00 ] /admin.php/Home/login.shtml | DEBUG: Run LocationTemplate Behavior [ RunTime:0.002985s ]
[ 2012-04-18T21:20:13+08:00 ] /admin.php/Home/login.shtml | DEBUG: Tag[ view_template ] --END-- [ RunTime:0.003066s ]
[ 2012-04-18T21:20:13+08:00 ] /admin.php/Home/login.shtml | DEBUG: Tag[ view_parse ] --START--
[ 2012-04-18T21:20:13+08:00 ] /admin.php/Home/login.shtml | NOTIC: [8] Undefined variable: title fdb8b4c06fba2ac11ecc127c153c19ce.php 第 81 行.
[ 2012-04-18T21:20:13+08:00 ] /admin.php/Home/login.shtml | DEBUG: Run ParseTemplate Behavior [ RunTime:0.021333s ]
[ 2012-04-18T21:20:13+08:00 ] /admin.php/Home/login.shtml | DEBUG: Tag[ view_parse ] --END-- [ RunTime:0.021424s ]
[ 2012-04-18T21:20:13+08:00 ] /admin.php/Home/login.shtml | DEBUG: Tag[ view_filter ] --START--
[ 2012-04-18T21:20:13+08:00 ] /admin.php/Home/login.shtml | DEBUG: Run ContentReplace Behavior [ RunTime:0.001539s ]
[ 2012-04-18T21:20:13+08:00 ] /admin.php/Home/login.shtml | DEBUG: Run TokenBuild Behavior [ RunTime:0.001473s ]
[ 2012-04-18T21:20:13+08:00 ] /admin.php/Home/login.shtml | DEBUG: Run WriteHtmlCache Behavior [ RunTime:0.001176s ]
[ 2012-04-18T21:20:13+08:00 ] /admin.php/Home/login.shtml | DEBUG: Run ShowRuntime Behavior [ RunTime:0.001392s ]
[ 2012-04-18T21:20:13+08:00 ] /admin.php/Home/login.shtml | DEBUG: Tag[ view_filter ] --END-- [ RunTime:0.005765s ]
[ 2012-04-18T21:20:13+08:00 ] /admin.php/Home/login.shtml | DEBUG: Tag[ view_end ] --START--
[ 2012-04-18T21:20:13+08:00 ] /admin.php/Home/login.shtml | DEBUG: Run ShowPageTrace Behavior [ RunTime:0.003344s ]
[ 2012-04-18T21:20:13+08:00 ] /admin.php/Home/login.shtml | DEBUG: Tag[ view_end ] --END-- [ RunTime:0.003427s ]
[ 2012-04-18T21:20:13+08:00 ] /admin.php/js/jquery-1.4.1.js | ERR: (ThinkException) 无法加载模块js
[ 2012-04-18T21:20:19+08:00 ] /admin.php/Introduction/introAdd | DEBUG: Tag[ route_check ] --START--
[ 2012-04-18T21:20:19+08:00 ] /admin.php/Introduction/introAdd | DEBUG: Run CheckRoute Behavior [ RunTime:0.001132s ]
[ 2012-04-18T21:20:19+08:00 ] /admin.php/Introduction/introAdd | DEBUG: Tag[ route_check ] --END-- [ RunTime:0.001277s ]
[ 2012-04-18T21:20:19+08:00 ] /admin.php/Introduction/introAdd | DEBUG: Tag[ app_begin ] --START--
[ 2012-04-18T21:20:19+08:00 ] /admin.php/Introduction/introAdd | DEBUG: Run ReadHtmlCache Behavior [ RunTime:0.000745s ]
[ 2012-04-18T21:20:19+08:00 ] /admin.php/Introduction/introAdd | DEBUG: Run CheckTemplate Behavior [ RunTime:0.000594s ]
[ 2012-04-18T21:20:19+08:00 ] /admin.php/Introduction/introAdd | DEBUG: Tag[ app_begin ] --END-- [ RunTime:0.001459s ]
[ 2012-04-18T21:20:19+08:00 ] /admin.php/Introduction/introAdd | DEBUG: Tag[ view_template ] --START--
[ 2012-04-18T21:20:19+08:00 ] /admin.php/Introduction/introAdd | DEBUG: Run LocationTemplate Behavior [ RunTime:0.001621s ]
[ 2012-04-18T21:20:19+08:00 ] /admin.php/Introduction/introAdd | DEBUG: Tag[ view_template ] --END-- [ RunTime:0.001698s ]
[ 2012-04-18T21:20:19+08:00 ] /admin.php/Introduction/introAdd | DEBUG: Tag[ view_parse ] --START--
[ 2012-04-18T21:20:19+08:00 ] /admin.php/Introduction/introAdd | DEBUG: Run ParseTemplate Behavior [ RunTime:0.083929s ]
[ 2012-04-18T21:20:19+08:00 ] /admin.php/Introduction/introAdd | DEBUG: Tag[ view_parse ] --END-- [ RunTime:0.084079s ]
[ 2012-04-18T21:20:19+08:00 ] /admin.php/Introduction/introAdd | DEBUG: Tag[ view_filter ] --START--
[ 2012-04-18T21:20:19+08:00 ] /admin.php/Introduction/introAdd | DEBUG: Run ContentReplace Behavior [ RunTime:0.001253s ]
[ 2012-04-18T21:20:19+08:00 ] /admin.php/Introduction/introAdd | DEBUG: Run TokenBuild Behavior [ RunTime:0.001621s ]
[ 2012-04-18T21:20:19+08:00 ] /admin.php/Introduction/introAdd | DEBUG: Run WriteHtmlCache Behavior [ RunTime:0.000846s ]
[ 2012-04-18T21:20:19+08:00 ] /admin.php/Introduction/introAdd | DEBUG: Run ShowRuntime Behavior [ RunTime:0.001269s ]
[ 2012-04-18T21:20:19+08:00 ] /admin.php/Introduction/introAdd | DEBUG: Tag[ view_filter ] --END-- [ RunTime:0.005372s ]
[ 2012-04-18T21:20:19+08:00 ] /admin.php/Introduction/introAdd | DEBUG: Tag[ view_end ] --START--
[ 2012-04-18T21:20:19+08:00 ] /admin.php/Introduction/introAdd | DEBUG: Run ShowPageTrace Behavior [ RunTime:0.005274s ]
[ 2012-04-18T21:20:19+08:00 ] /admin.php/Introduction/introAdd | DEBUG: Tag[ view_end ] --END-- [ RunTime:0.005497s ]
[ 2012-04-18T21:20:19+08:00 ] /admin.php/js/jquery-1.4.1.js | ERR: (ThinkException) 无法加载模块js
[ 2012-04-18T21:20:21+08:00 ] /admin.php/Introduction/introList | DEBUG: Tag[ route_check ] --START--
[ 2012-04-18T21:20:21+08:00 ] /admin.php/Introduction/introList | DEBUG: Run CheckRoute Behavior [ RunTime:0.002390s ]
[ 2012-04-18T21:20:21+08:00 ] /admin.php/Introduction/introList | DEBUG: Tag[ route_check ] --END-- [ RunTime:0.002737s ]
[ 2012-04-18T21:20:21+08:00 ] /admin.php/Introduction/introList | DEBUG: Tag[ app_begin ] --START--
[ 2012-04-18T21:20:21+08:00 ] /admin.php/Introduction/introList | DEBUG: Run ReadHtmlCache Behavior [ RunTime:0.001420s ]
[ 2012-04-18T21:20:21+08:00 ] /admin.php/Introduction/introList | DEBUG: Run CheckTemplate Behavior [ RunTime:0.000710s ]
[ 2012-04-18T21:20:21+08:00 ] /admin.php/Introduction/introList | DEBUG: Tag[ app_begin ] --END-- [ RunTime:0.002365s ]
[ 2012-04-18T21:20:21+08:00 ] /admin.php/Introduction/introList | SQL: SHOW COLUMNS FROM `qilihai_introduction` [ RunTime:0.004210s ]
[ 2012-04-18T21:20:21+08:00 ] /admin.php/Introduction/introList | SQL: SELECT * FROM `qilihai_introduction`  [ RunTime:0.001238s ]
[ 2012-04-18T21:20:21+08:00 ] /admin.php/Introduction/introList | DEBUG: Tag[ view_template ] --START--
[ 2012-04-18T21:20:21+08:00 ] /admin.php/Introduction/introList | DEBUG: Run LocationTemplate Behavior [ RunTime:0.001876s ]
[ 2012-04-18T21:20:21+08:00 ] /admin.php/Introduction/introList | DEBUG: Tag[ view_template ] --END-- [ RunTime:0.001951s ]
[ 2012-04-18T21:20:21+08:00 ] /admin.php/Introduction/introList | DEBUG: Tag[ view_parse ] --START--
[ 2012-04-18T21:20:21+08:00 ] /admin.php/Introduction/introList | DEBUG: Run ParseTemplate Behavior [ RunTime:0.028981s ]
[ 2012-04-18T21:20:21+08:00 ] /admin.php/Introduction/introList | DEBUG: Tag[ view_parse ] --END-- [ RunTime:0.029083s ]
[ 2012-04-18T21:20:21+08:00 ] /admin.php/Introduction/introList | DEBUG: Tag[ view_filter ] --START--
[ 2012-04-18T21:20:21+08:00 ] /admin.php/Introduction/introList | DEBUG: Run ContentReplace Behavior [ RunTime:0.000518s ]
[ 2012-04-18T21:20:21+08:00 ] /admin.php/Introduction/introList | DEBUG: Run TokenBuild Behavior [ RunTime:0.000529s ]
[ 2012-04-18T21:20:21+08:00 ] /admin.php/Introduction/introList | DEBUG: Run WriteHtmlCache Behavior [ RunTime:0.000409s ]
[ 2012-04-18T21:20:21+08:00 ] /admin.php/Introduction/introList | DEBUG: Run ShowRuntime Behavior [ RunTime:0.000514s ]
[ 2012-04-18T21:20:21+08:00 ] /admin.php/Introduction/introList | DEBUG: Tag[ view_filter ] --END-- [ RunTime:0.002146s ]
[ 2012-04-18T21:20:21+08:00 ] /admin.php/Introduction/introList | NOTIC: [2] Cannot modify header information - headers already sent by (output started at E:\AppServ\ThinkPHP\Common\functions.php:95) View.class.php 第 120 行.
[ 2012-04-18T21:20:21+08:00 ] /admin.php/Introduction/introList | NOTIC: [2] Cannot modify header information - headers already sent by (output started at E:\AppServ\ThinkPHP\Common\functions.php:95) View.class.php 第 121 行.
[ 2012-04-18T21:20:21+08:00 ] /admin.php/Introduction/introList | NOTIC: [2] Cannot modify header information - headers already sent by (output started at E:\AppServ\ThinkPHP\Common\functions.php:95) View.class.php 第 122 行.
[ 2012-04-18T21:20:21+08:00 ] /admin.php/Introduction/introList | DEBUG: Tag[ view_end ] --START--
[ 2012-04-18T21:20:21+08:00 ] /admin.php/Introduction/introList | DEBUG: Run ShowPageTrace Behavior [ RunTime:0.001878s ]
[ 2012-04-18T21:20:21+08:00 ] /admin.php/Introduction/introList | DEBUG: Tag[ view_end ] --END-- [ RunTime:0.001998s ]
[ 2012-04-18T21:20:21+08:00 ] /admin.php/js/jquery-1.4.1.js | ERR: (ThinkException) 无法加载模块js
[ 2012-04-18T21:20:25+08:00 ] /admin.php/Introduction/introModify/id/1 | DEBUG: Tag[ route_check ] --START--
[ 2012-04-18T21:20:25+08:00 ] /admin.php/Introduction/introModify/id/1 | DEBUG: Run CheckRoute Behavior [ RunTime:0.001041s ]
[ 2012-04-18T21:20:25+08:00 ] /admin.php/Introduction/introModify/id/1 | DEBUG: Tag[ route_check ] --END-- [ RunTime:0.001186s ]
[ 2012-04-18T21:20:25+08:00 ] /admin.php/Introduction/introModify/id/1 | DEBUG: Tag[ app_begin ] --START--
[ 2012-04-18T21:20:25+08:00 ] /admin.php/Introduction/introModify/id/1 | DEBUG: Run ReadHtmlCache Behavior [ RunTime:0.000755s ]
[ 2012-04-18T21:20:25+08:00 ] /admin.php/Introduction/introModify/id/1 | DEBUG: Run CheckTemplate Behavior [ RunTime:0.000765s ]
[ 2012-04-18T21:20:25+08:00 ] /admin.php/Introduction/introModify/id/1 | DEBUG: Tag[ app_begin ] --END-- [ RunTime:0.001641s ]
[ 2012-04-18T21:20:25+08:00 ] /admin.php/Introduction/introModify/id/1 | SQL: SHOW COLUMNS FROM `qilihai_introduction` [ RunTime:0.003306s ]
[ 2012-04-18T21:20:25+08:00 ] /admin.php/Introduction/introModify/id/1 | SQL: SELECT * FROM `qilihai_introduction` WHERE id = 1 LIMIT 1   [ RunTime:0.001289s ]
[ 2012-04-18T21:20:25+08:00 ] /admin.php/Introduction/introModify/id/1 | DEBUG: Tag[ view_template ] --START--
[ 2012-04-18T21:20:25+08:00 ] /admin.php/Introduction/introModify/id/1 | DEBUG: Run LocationTemplate Behavior [ RunTime:0.001711s ]
[ 2012-04-18T21:20:25+08:00 ] /admin.php/Introduction/introModify/id/1 | DEBUG: Tag[ view_template ] --END-- [ RunTime:0.001788s ]
[ 2012-04-18T21:20:25+08:00 ] /admin.php/Introduction/introModify/id/1 | DEBUG: Tag[ view_parse ] --START--
[ 2012-04-18T21:20:25+08:00 ] /admin.php/Introduction/introModify/id/1 | DEBUG: Run ParseTemplate Behavior [ RunTime:0.001558s ]
[ 2012-04-18T21:20:25+08:00 ] /admin.php/Introduction/introModify/id/1 | DEBUG: Tag[ view_parse ] --END-- [ RunTime:0.001626s ]
[ 2012-04-18T21:20:25+08:00 ] /admin.php/Introduction/introModify/id/1 | DEBUG: Tag[ view_filter ] --START--
[ 2012-04-18T21:20:25+08:00 ] /admin.php/Introduction/introModify/id/1 | DEBUG: Run ContentReplace Behavior [ RunTime:0.000465s ]
[ 2012-04-18T21:20:25+08:00 ] /admin.php/Introduction/introModify/id/1 | DEBUG: Run TokenBuild Behavior [ RunTime:0.000530s ]
[ 2012-04-18T21:20:25+08:00 ] /admin.php/Introduction/introModify/id/1 | DEBUG: Run WriteHtmlCache Behavior [ RunTime:0.000331s ]
[ 2012-04-18T21:20:25+08:00 ] /admin.php/Introduction/introModify/id/1 | DEBUG: Run ShowRuntime Behavior [ RunTime:0.000537s ]
[ 2012-04-18T21:20:25+08:00 ] /admin.php/Introduction/introModify/id/1 | DEBUG: Tag[ view_filter ] --END-- [ RunTime:0.002042s ]
[ 2012-04-18T21:20:25+08:00 ] /admin.php/Introduction/introModify/id/1 | DEBUG: Tag[ view_end ] --START--
[ 2012-04-18T21:20:25+08:00 ] /admin.php/Introduction/introModify/id/1 | DEBUG: Run ShowPageTrace Behavior [ RunTime:0.001848s ]
[ 2012-04-18T21:20:25+08:00 ] /admin.php/Introduction/introModify/id/1 | DEBUG: Tag[ view_end ] --END-- [ RunTime:0.001933s ]
[ 2012-04-18T21:20:25+08:00 ] /admin.php/Introduction/introModify/js/jquery-1.4.1.js | DEBUG: Tag[ route_check ] --START--
[ 2012-04-18T21:20:25+08:00 ] /admin.php/Introduction/introModify/js/jquery-1.4.1.js | DEBUG: Run CheckRoute Behavior [ RunTime:0.001206s ]
[ 2012-04-18T21:20:25+08:00 ] /admin.php/Introduction/introModify/js/jquery-1.4.1.js | DEBUG: Tag[ route_check ] --END-- [ RunTime:0.001426s ]
[ 2012-04-18T21:20:25+08:00 ] /admin.php/Introduction/introModify/js/jquery-1.4.1.js | DEBUG: Tag[ app_begin ] --START--
[ 2012-04-18T21:20:25+08:00 ] /admin.php/Introduction/introModify/js/jquery-1.4.1.js | DEBUG: Run ReadHtmlCache Behavior [ RunTime:0.000724s ]
[ 2012-04-18T21:20:25+08:00 ] /admin.php/Introduction/introModify/js/jquery-1.4.1.js | DEBUG: Run CheckTemplate Behavior [ RunTime:0.000558s ]
[ 2012-04-18T21:20:25+08:00 ] /admin.php/Introduction/introModify/js/jquery-1.4.1.js | DEBUG: Tag[ app_begin ] --END-- [ RunTime:0.001461s ]
[ 2012-04-18T21:20:25+08:00 ] /admin.php/Introduction/introModify/js/jquery-1.4.1.js | SQL: SHOW COLUMNS FROM `qilihai_introduction` [ RunTime:0.003708s ]
[ 2012-04-18T21:20:25+08:00 ] /admin.php/Introduction/introModify/js/jquery-1.4.1.js | NOTIC: [8] Undefined index:  id IntroductionAction.class.php 第 76 行.
[ 2012-04-18T21:20:25+08:00 ] /admin.php/Introduction/introModify/js/jquery-1.4.1.js | SQL: SELECT * FROM `qilihai_introduction` WHERE id = 0 LIMIT 1   [ RunTime:0.001291s ]
[ 2012-04-18T21:20:25+08:00 ] /admin.php/Introduction/introModify/js/jquery-1.4.1.js | DEBUG: Tag[ view_template ] --START--
[ 2012-04-18T21:20:25+08:00 ] /admin.php/Introduction/introModify/js/jquery-1.4.1.js | DEBUG: Run LocationTemplate Behavior [ RunTime:0.000915s ]
[ 2012-04-18T21:20:25+08:00 ] /admin.php/Introduction/introModify/js/jquery-1.4.1.js | DEBUG: Tag[ view_template ] --END-- [ RunTime:0.000985s ]
[ 2012-04-18T21:20:25+08:00 ] /admin.php/Introduction/introModify/js/jquery-1.4.1.js | DEBUG: Tag[ view_parse ] --START--
[ 2012-04-18T21:20:25+08:00 ] /admin.php/Introduction/introModify/js/jquery-1.4.1.js | DEBUG: Run ParseTemplate Behavior [ RunTime:0.001127s ]
[ 2012-04-18T21:20:25+08:00 ] /admin.php/Introduction/introModify/js/jquery-1.4.1.js | DEBUG: Tag[ view_parse ] --END-- [ RunTime:0.001194s ]
[ 2012-04-18T21:20:25+08:00 ] /admin.php/Introduction/introModify/js/jquery-1.4.1.js | DEBUG: Tag[ view_filter ] --START--
[ 2012-04-18T21:20:25+08:00 ] /admin.php/Introduction/introModify/js/jquery-1.4.1.js | DEBUG: Run ContentReplace Behavior [ RunTime:0.000451s ]
[ 2012-04-18T21:20:25+08:00 ] /admin.php/Introduction/introModify/js/jquery-1.4.1.js | DEBUG: Run TokenBuild Behavior [ RunTime:0.000531s ]
[ 2012-04-18T21:20:25+08:00 ] /admin.php/Introduction/introModify/js/jquery-1.4.1.js | DEBUG: Run WriteHtmlCache Behavior [ RunTime:0.000366s ]
[ 2012-04-18T21:20:25+08:00 ] /admin.php/Introduction/introModify/js/jquery-1.4.1.js | DEBUG: Run ShowRuntime Behavior [ RunTime:0.000527s ]
[ 2012-04-18T21:20:25+08:00 ] /admin.php/Introduction/introModify/js/jquery-1.4.1.js | DEBUG: Tag[ view_filter ] --END-- [ RunTime:0.002046s ]
[ 2012-04-18T21:20:25+08:00 ] /admin.php/Introduction/introModify/js/jquery-1.4.1.js | DEBUG: Tag[ view_end ] --START--
[ 2012-04-18T21:20:25+08:00 ] /admin.php/Introduction/introModify/js/jquery-1.4.1.js | DEBUG: Run ShowPageTrace Behavior [ RunTime:0.001955s ]
[ 2012-04-18T21:20:25+08:00 ] /admin.php/Introduction/introModify/js/jquery-1.4.1.js | DEBUG: Tag[ view_end ] --END-- [ RunTime:0.002055s ]
[ 2012-04-18T21:20:35+08:00 ] /admin.php/Introduction/introList | DEBUG: Tag[ route_check ] --START--
[ 2012-04-18T21:20:35+08:00 ] /admin.php/Introduction/introList | DEBUG: Run CheckRoute Behavior [ RunTime:0.000971s ]
[ 2012-04-18T21:20:35+08:00 ] /admin.php/Introduction/introList | DEBUG: Tag[ route_check ] --END-- [ RunTime:0.001099s ]
[ 2012-04-18T21:20:35+08:00 ] /admin.php/Introduction/introList | DEBUG: Tag[ app_begin ] --START--
[ 2012-04-18T21:20:35+08:00 ] /admin.php/Introduction/introList | DEBUG: Run ReadHtmlCache Behavior [ RunTime:0.000632s ]
[ 2012-04-18T21:20:35+08:00 ] /admin.php/Introduction/introList | DEBUG: Run CheckTemplate Behavior [ RunTime:0.000513s ]
[ 2012-04-18T21:20:35+08:00 ] /admin.php/Introduction/introList | DEBUG: Tag[ app_begin ] --END-- [ RunTime:0.001244s ]
[ 2012-04-18T21:20:35+08:00 ] /admin.php/Introduction/introList | SQL: SHOW COLUMNS FROM `qilihai_introduction` [ RunTime:0.003811s ]
[ 2012-04-18T21:20:35+08:00 ] /admin.php/Introduction/introList | SQL: SELECT * FROM `qilihai_introduction`  [ RunTime:0.001821s ]
[ 2012-04-18T21:20:35+08:00 ] /admin.php/Introduction/introList | DEBUG: Tag[ view_template ] --START--
[ 2012-04-18T21:20:35+08:00 ] /admin.php/Introduction/introList | DEBUG: Run LocationTemplate Behavior [ RunTime:0.000968s ]
[ 2012-04-18T21:20:35+08:00 ] /admin.php/Introduction/introList | DEBUG: Tag[ view_template ] --END-- [ RunTime:0.001045s ]
[ 2012-04-18T21:20:35+08:00 ] /admin.php/Introduction/introList | DEBUG: Tag[ view_parse ] --START--
[ 2012-04-18T21:20:35+08:00 ] /admin.php/Introduction/introList | DEBUG: Run ParseTemplate Behavior [ RunTime:0.001311s ]
[ 2012-04-18T21:20:35+08:00 ] /admin.php/Introduction/introList | DEBUG: Tag[ view_parse ] --END-- [ RunTime:0.001410s ]
[ 2012-04-18T21:20:35+08:00 ] /admin.php/Introduction/introList | DEBUG: Tag[ view_filter ] --START--
[ 2012-04-18T21:20:35+08:00 ] /admin.php/Introduction/introList | DEBUG: Run ContentReplace Behavior [ RunTime:0.000496s ]
[ 2012-04-18T21:20:35+08:00 ] /admin.php/Introduction/introList | DEBUG: Run TokenBuild Behavior [ RunTime:0.000659s ]
[ 2012-04-18T21:20:35+08:00 ] /admin.php/Introduction/introList | DEBUG: Run WriteHtmlCache Behavior [ RunTime:0.000471s ]
[ 2012-04-18T21:20:35+08:00 ] /admin.php/Introduction/introList | DEBUG: Run ShowRuntime Behavior [ RunTime:0.000565s ]
[ 2012-04-18T21:20:35+08:00 ] /admin.php/Introduction/introList | DEBUG: Tag[ view_filter ] --END-- [ RunTime:0.002411s ]
[ 2012-04-18T21:20:35+08:00 ] /admin.php/Introduction/introList | NOTIC: [2] Cannot modify header information - headers already sent by (output started at E:\AppServ\ThinkPHP\Common\functions.php:95) View.class.php 第 120 行.
[ 2012-04-18T21:20:35+08:00 ] /admin.php/Introduction/introList | NOTIC: [2] Cannot modify header information - headers already sent by (output started at E:\AppServ\ThinkPHP\Common\functions.php:95) View.class.php 第 121 行.
[ 2012-04-18T21:20:35+08:00 ] /admin.php/Introduction/introList | NOTIC: [2] Cannot modify header information - headers already sent by (output started at E:\AppServ\ThinkPHP\Common\functions.php:95) View.class.php 第 122 行.
[ 2012-04-18T21:20:35+08:00 ] /admin.php/Introduction/introList | DEBUG: Tag[ view_end ] --START--
[ 2012-04-18T21:20:35+08:00 ] /admin.php/Introduction/introList | DEBUG: Run ShowPageTrace Behavior [ RunTime:0.002463s ]
[ 2012-04-18T21:20:35+08:00 ] /admin.php/Introduction/introList | DEBUG: Tag[ view_end ] --END-- [ RunTime:0.002585s ]
[ 2012-04-18T21:20:35+08:00 ] /admin.php/js/jquery-1.4.1.js | ERR: (ThinkException) 无法加载模块js
[ 2012-04-18T22:18:56+08:00 ] /admin.php/Introduction/introList | DEBUG: Tag[ route_check ] --START--
[ 2012-04-18T22:18:56+08:00 ] /admin.php/Introduction/introList | DEBUG: Run CheckRoute Behavior [ RunTime:0.001790s ]
[ 2012-04-18T22:18:56+08:00 ] /admin.php/Introduction/introList | DEBUG: Tag[ route_check ] --END-- [ RunTime:0.001922s ]
[ 2012-04-18T22:18:56+08:00 ] /admin.php/Introduction/introList | DEBUG: Tag[ app_begin ] --START--
[ 2012-04-18T22:18:56+08:00 ] /admin.php/Introduction/introList | DEBUG: Run ReadHtmlCache Behavior [ RunTime:0.001541s ]
[ 2012-04-18T22:18:56+08:00 ] /admin.php/Introduction/introList | DEBUG: Run CheckTemplate Behavior [ RunTime:0.001350s ]
[ 2012-04-18T22:18:56+08:00 ] /admin.php/Introduction/introList | DEBUG: Tag[ app_begin ] --END-- [ RunTime:0.002998s ]
[ 2012-04-18T22:18:56+08:00 ] /admin.php/Introduction/introList | SQL: SHOW COLUMNS FROM `qilihai_introduction` [ RunTime:0.004102s ]
[ 2012-04-18T22:18:56+08:00 ] /admin.php/Introduction/introList | SQL: SELECT * FROM `qilihai_introduction`  [ RunTime:0.002275s ]
[ 2012-04-18T22:18:56+08:00 ] /admin.php/Introduction/introList | DEBUG: Tag[ view_template ] --START--
[ 2012-04-18T22:18:56+08:00 ] /admin.php/Introduction/introList | DEBUG: Run LocationTemplate Behavior [ RunTime:0.002637s ]
[ 2012-04-18T22:18:56+08:00 ] /admin.php/Introduction/introList | DEBUG: Tag[ view_template ] --END-- [ RunTime:0.002712s ]
[ 2012-04-18T22:18:56+08:00 ] /admin.php/Introduction/introList | DEBUG: Tag[ view_parse ] --START--
[ 2012-04-18T22:18:56+08:00 ] /admin.php/Introduction/introList | DEBUG: Run ParseTemplate Behavior [ RunTime:0.002648s ]
[ 2012-04-18T22:18:56+08:00 ] /admin.php/Introduction/introList | DEBUG: Tag[ view_parse ] --END-- [ RunTime:0.002747s ]
[ 2012-04-18T22:18:56+08:00 ] /admin.php/Introduction/introList | DEBUG: Tag[ view_filter ] --START--
[ 2012-04-18T22:18:56+08:00 ] /admin.php/Introduction/introList | DEBUG: Run ContentReplace Behavior [ RunTime:0.001413s ]
[ 2012-04-18T22:18:56+08:00 ] /admin.php/Introduction/introList | DEBUG: Run TokenBuild Behavior [ RunTime:0.001352s ]
[ 2012-04-18T22:18:56+08:00 ] /admin.php/Introduction/introList | DEBUG: Run WriteHtmlCache Behavior [ RunTime:0.001155s ]
[ 2012-04-18T22:18:56+08:00 ] /admin.php/Introduction/introList | DEBUG: Run ShowRuntime Behavior [ RunTime:0.001488s ]
[ 2012-04-18T22:18:56+08:00 ] /admin.php/Introduction/introList | DEBUG: Tag[ view_filter ] --END-- [ RunTime:0.005593s ]
[ 2012-04-18T22:18:56+08:00 ] /admin.php/Introduction/introList | NOTIC: [2] Cannot modify header information - headers already sent by (output started at E:\AppServ\ThinkPHP\Common\functions.php:95) View.class.php 第 120 行.
[ 2012-04-18T22:18:56+08:00 ] /admin.php/Introduction/introList | NOTIC: [2] Cannot modify header information - headers already sent by (output started at E:\AppServ\ThinkPHP\Common\functions.php:95) View.class.php 第 121 行.
[ 2012-04-18T22:18:56+08:00 ] /admin.php/Introduction/introList | NOTIC: [2] Cannot modify header information - headers already sent by (output started at E:\AppServ\ThinkPHP\Common\functions.php:95) View.class.php 第 122 行.
[ 2012-04-18T22:18:56+08:00 ] /admin.php/Introduction/introList | DEBUG: Tag[ view_end ] --START--
[ 2012-04-18T22:18:56+08:00 ] /admin.php/Introduction/introList | DEBUG: Run ShowPageTrace Behavior [ RunTime:0.003175s ]
[ 2012-04-18T22:18:56+08:00 ] /admin.php/Introduction/introList | DEBUG: Tag[ view_end ] --END-- [ RunTime:0.003253s ]
[ 2012-04-18T22:18:56+08:00 ] /admin.php/js/jquery-1.4.1.js | ERR: (ThinkException) 无法加载模块js
[ 2012-04-18T22:18:57+08:00 ] /admin.php/Introduction/introList | DEBUG: Tag[ route_check ] --START--
[ 2012-04-18T22:18:57+08:00 ] /admin.php/Introduction/introList | DEBUG: Run CheckRoute Behavior [ RunTime:0.001146s ]
[ 2012-04-18T22:18:57+08:00 ] /admin.php/Introduction/introList | DEBUG: Tag[ route_check ] --END-- [ RunTime:0.001294s ]
[ 2012-04-18T22:18:57+08:00 ] /admin.php/Introduction/introList | DEBUG: Tag[ app_begin ] --START--
[ 2012-04-18T22:18:57+08:00 ] /admin.php/Introduction/introList | DEBUG: Run ReadHtmlCache Behavior [ RunTime:0.000753s ]
[ 2012-04-18T22:18:57+08:00 ] /admin.php/Introduction/introList | DEBUG: Run CheckTemplate Behavior [ RunTime:0.000628s ]
[ 2012-04-18T22:18:57+08:00 ] /admin.php/Introduction/introList | DEBUG: Tag[ app_begin ] --END-- [ RunTime:0.001498s ]
[ 2012-04-18T22:18:57+08:00 ] /admin.php/Introduction/introList | SQL: SHOW COLUMNS FROM `qilihai_introduction` [ RunTime:0.003897s ]
[ 2012-04-18T22:18:57+08:00 ] /admin.php/Introduction/introList | SQL: SELECT * FROM `qilihai_introduction`  [ RunTime:0.001133s ]
[ 2012-04-18T22:18:57+08:00 ] /admin.php/Introduction/introList | DEBUG: Tag[ view_template ] --START--
[ 2012-04-18T22:18:57+08:00 ] /admin.php/Introduction/introList | DEBUG: Run LocationTemplate Behavior [ RunTime:0.000985s ]
[ 2012-04-18T22:18:57+08:00 ] /admin.php/Introduction/introList | DEBUG: Tag[ view_template ] --END-- [ RunTime:0.001060s ]
[ 2012-04-18T22:18:57+08:00 ] /admin.php/Introduction/introList | DEBUG: Tag[ view_parse ] --START--
[ 2012-04-18T22:18:57+08:00 ] /admin.php/Introduction/introList | DEBUG: Run ParseTemplate Behavior [ RunTime:0.001229s ]
[ 2012-04-18T22:18:57+08:00 ] /admin.php/Introduction/introList | DEBUG: Tag[ view_parse ] --END-- [ RunTime:0.001297s ]
[ 2012-04-18T22:18:57+08:00 ] /admin.php/Introduction/introList | DEBUG: Tag[ view_filter ] --START--
[ 2012-04-18T22:18:57+08:00 ] /admin.php/Introduction/introList | DEBUG: Run ContentReplace Behavior [ RunTime:0.000548s ]
[ 2012-04-18T22:18:57+08:00 ] /admin.php/Introduction/introList | DEBUG: Run TokenBuild Behavior [ RunTime:0.000562s ]
[ 2012-04-18T22:18:57+08:00 ] /admin.php/Introduction/introList | DEBUG: Run WriteHtmlCache Behavior [ RunTime:0.000324s ]
[ 2012-04-18T22:18:57+08:00 ] /admin.php/Introduction/introList | DEBUG: Run ShowRuntime Behavior [ RunTime:0.000556s ]
[ 2012-04-18T22:18:57+08:00 ] /admin.php/Introduction/introList | DEBUG: Tag[ view_filter ] --END-- [ RunTime:0.002171s ]
[ 2012-04-18T22:18:57+08:00 ] /admin.php/Introduction/introList | NOTIC: [2] Cannot modify header information - headers already sent by (output started at E:\AppServ\ThinkPHP\Common\functions.php:95) View.class.php 第 120 行.
[ 2012-04-18T22:18:57+08:00 ] /admin.php/Introduction/introList | NOTIC: [2] Cannot modify header information - headers already sent by (output started at E:\AppServ\ThinkPHP\Common\functions.php:95) View.class.php 第 121 行.
[ 2012-04-18T22:18:57+08:00 ] /admin.php/Introduction/introList | NOTIC: [2] Cannot modify header information - headers already sent by (output started at E:\AppServ\ThinkPHP\Common\functions.php:95) View.class.php 第 122 行.
[ 2012-04-18T22:18:57+08:00 ] /admin.php/Introduction/introList | DEBUG: Tag[ view_end ] --START--
[ 2012-04-18T22:18:57+08:00 ] /admin.php/Introduction/introList | DEBUG: Run ShowPageTrace Behavior [ RunTime:0.001924s ]
[ 2012-04-18T22:18:57+08:00 ] /admin.php/Introduction/introList | DEBUG: Tag[ view_end ] --END-- [ RunTime:0.002000s ]
[ 2012-04-18T22:18:57+08:00 ] /admin.php/js/jquery-1.4.1.js | ERR: (ThinkException) 无法加载模块js
[ 2012-04-18T22:19:22+08:00 ] /admin.php/Introduction/introList | DEBUG: Tag[ route_check ] --START--
[ 2012-04-18T22:19:22+08:00 ] /admin.php/Introduction/introList | DEBUG: Run CheckRoute Behavior [ RunTime:0.000960s ]
[ 2012-04-18T22:19:22+08:00 ] /admin.php/Introduction/introList | DEBUG: Tag[ route_check ] --END-- [ RunTime:0.001085s ]
[ 2012-04-18T22:19:22+08:00 ] /admin.php/Introduction/introList | DEBUG: Tag[ app_begin ] --START--
[ 2012-04-18T22:19:22+08:00 ] /admin.php/Introduction/introList | DEBUG: Run ReadHtmlCache Behavior [ RunTime:0.000659s ]
[ 2012-04-18T22:19:22+08:00 ] /admin.php/Introduction/introList | DEBUG: Run CheckTemplate Behavior [ RunTime:0.000527s ]
[ 2012-04-18T22:19:22+08:00 ] /admin.php/Introduction/introList | DEBUG: Tag[ app_begin ] --END-- [ RunTime:0.001290s ]
[ 2012-04-18T22:19:22+08:00 ] /admin.php/Introduction/introList | SQL: SHOW COLUMNS FROM `qilihai_introduction` [ RunTime:0.003197s ]
[ 2012-04-18T22:19:22+08:00 ] /admin.php/Introduction/introList | SQL: SELECT * FROM `qilihai_introduction`  [ RunTime:0.001120s ]
[ 2012-04-18T22:19:22+08:00 ] /admin.php/Introduction/introList | DEBUG: Tag[ view_template ] --START--
[ 2012-04-18T22:19:22+08:00 ] /admin.php/Introduction/introList | DEBUG: Run LocationTemplate Behavior [ RunTime:0.000866s ]
[ 2012-04-18T22:19:22+08:00 ] /admin.php/Introduction/introList | DEBUG: Tag[ view_template ] --END-- [ RunTime:0.000933s ]
[ 2012-04-18T22:19:22+08:00 ] /admin.php/Introduction/introList | DEBUG: Tag[ view_parse ] --START--
[ 2012-04-18T22:19:22+08:00 ] /admin.php/Introduction/introList | DEBUG: Run ParseTemplate Behavior [ RunTime:0.001254s ]
[ 2012-04-18T22:19:22+08:00 ] /admin.php/Introduction/introList | DEBUG: Tag[ view_parse ] --END-- [ RunTime:0.001316s ]
[ 2012-04-18T22:19:22+08:00 ] /admin.php/Introduction/introList | DEBUG: Tag[ view_filter ] --START--
[ 2012-04-18T22:19:22+08:00 ] /admin.php/Introduction/introList | DEBUG: Run ContentReplace Behavior [ RunTime:0.000454s ]
[ 2012-04-18T22:19:22+08:00 ] /admin.php/Introduction/introList | DEBUG: Run TokenBuild Behavior [ RunTime:0.000511s ]
[ 2012-04-18T22:19:22+08:00 ] /admin.php/Introduction/introList | DEBUG: Run WriteHtmlCache Behavior [ RunTime:0.000331s ]
[ 2012-04-18T22:19:22+08:00 ] /admin.php/Introduction/introList | DEBUG: Run ShowRuntime Behavior [ RunTime:0.000503s ]
[ 2012-04-18T22:19:22+08:00 ] /admin.php/Introduction/introList | DEBUG: Tag[ view_filter ] --END-- [ RunTime:0.001969s ]
[ 2012-04-18T22:19:22+08:00 ] /admin.php/Introduction/introList | DEBUG: Tag[ view_end ] --START--
[ 2012-04-18T22:19:22+08:00 ] /admin.php/Introduction/introList | DEBUG: Run ShowPageTrace Behavior [ RunTime:0.002202s ]
[ 2012-04-18T22:19:22+08:00 ] /admin.php/Introduction/introList | DEBUG: Tag[ view_end ] --END-- [ RunTime:0.002947s ]
[ 2012-04-18T22:19:22+08:00 ] /admin.php/js/jquery-1.4.1.js | ERR: (ThinkException) 无法加载模块js
[ 2012-04-18T22:19:23+08:00 ] /admin.php/Introduction/introList | DEBUG: Tag[ route_check ] --START--
[ 2012-04-18T22:19:23+08:00 ] /admin.php/Introduction/introList | DEBUG: Run CheckRoute Behavior [ RunTime:0.001144s ]
[ 2012-04-18T22:19:23+08:00 ] /admin.php/Introduction/introList | DEBUG: Tag[ route_check ] --END-- [ RunTime:0.001268s ]
[ 2012-04-18T22:19:23+08:00 ] /admin.php/Introduction/introList | DEBUG: Tag[ app_begin ] --START--
[ 2012-04-18T22:19:23+08:00 ] /admin.php/Introduction/introList | DEBUG: Run ReadHtmlCache Behavior [ RunTime:0.000859s ]
[ 2012-04-18T22:19:23+08:00 ] /admin.php/Introduction/introList | DEBUG: Run CheckTemplate Behavior [ RunTime:0.000770s ]
[ 2012-04-18T22:19:23+08:00 ] /admin.php/Introduction/introList | DEBUG: Tag[ app_begin ] --END-- [ RunTime:0.001822s ]
[ 2012-04-18T22:19:23+08:00 ] /admin.php/Introduction/introList | SQL: SHOW COLUMNS FROM `qilihai_introduction` [ RunTime:0.003202s ]
[ 2012-04-18T22:19:23+08:00 ] /admin.php/Introduction/introList | SQL: SELECT * FROM `qilihai_introduction`  [ RunTime:0.001070s ]
[ 2012-04-18T22:19:23+08:00 ] /admin.php/Introduction/introList | DEBUG: Tag[ view_template ] --START--
[ 2012-04-18T22:19:23+08:00 ] /admin.php/Introduction/introList | DEBUG: Run LocationTemplate Behavior [ RunTime:0.000868s ]
[ 2012-04-18T22:19:23+08:00 ] /admin.php/Introduction/introList | DEBUG: Tag[ view_template ] --END-- [ RunTime:0.000947s ]
[ 2012-04-18T22:19:23+08:00 ] /admin.php/Introduction/introList | DEBUG: Tag[ view_parse ] --START--
[ 2012-04-18T22:19:23+08:00 ] /admin.php/Introduction/introList | DEBUG: Run ParseTemplate Behavior [ RunTime:0.001179s ]
[ 2012-04-18T22:19:23+08:00 ] /admin.php/Introduction/introList | DEBUG: Tag[ view_parse ] --END-- [ RunTime:0.001257s ]
[ 2012-04-18T22:19:23+08:00 ] /admin.php/Introduction/introList | DEBUG: Tag[ view_filter ] --START--
[ 2012-04-18T22:19:23+08:00 ] /admin.php/Introduction/introList | DEBUG: Run ContentReplace Behavior [ RunTime:0.000662s ]
[ 2012-04-18T22:19:23+08:00 ] /admin.php/Introduction/introList | DEBUG: Run TokenBuild Behavior [ RunTime:0.000575s ]
[ 2012-04-18T22:19:23+08:00 ] /admin.php/Introduction/introList | DEBUG: Run WriteHtmlCache Behavior [ RunTime:0.000341s ]
[ 2012-04-18T22:19:23+08:00 ] /admin.php/Introduction/introList | DEBUG: Run ShowRuntime Behavior [ RunTime:0.000508s ]
[ 2012-04-18T22:19:23+08:00 ] /admin.php/Introduction/introList | DEBUG: Tag[ view_filter ] --END-- [ RunTime:0.002269s ]
[ 2012-04-18T22:19:23+08:00 ] /admin.php/Introduction/introList | DEBUG: Tag[ view_end ] --START--
[ 2012-04-18T22:19:23+08:00 ] /admin.php/Introduction/introList | DEBUG: Run ShowPageTrace Behavior [ RunTime:0.002092s ]
[ 2012-04-18T22:19:23+08:00 ] /admin.php/Introduction/introList | DEBUG: Tag[ view_end ] --END-- [ RunTime:0.002167s ]
[ 2012-04-18T22:19:23+08:00 ] /admin.php/js/jquery-1.4.1.js | ERR: (ThinkException) 无法加载模块js
[ 2012-04-18T22:29:38+08:00 ] /admin.php/Introduction/introList | DEBUG: Tag[ route_check ] --START--
[ 2012-04-18T22:29:38+08:00 ] /admin.php/Introduction/introList | DEBUG: Run CheckRoute Behavior [ RunTime:0.001764s ]
[ 2012-04-18T22:29:38+08:00 ] /admin.php/Introduction/introList | DEBUG: Tag[ route_check ] --END-- [ RunTime:0.001889s ]
[ 2012-04-18T22:29:38+08:00 ] /admin.php/Introduction/introList | DEBUG: Tag[ app_begin ] --START--
[ 2012-04-18T22:29:38+08:00 ] /admin.php/Introduction/introList | DEBUG: Run ReadHtmlCache Behavior [ RunTime:0.001457s ]
[ 2012-04-18T22:29:38+08:00 ] /admin.php/Introduction/introList | DEBUG: Run CheckTemplate Behavior [ RunTime:0.001361s ]
[ 2012-04-18T22:29:38+08:00 ] /admin.php/Introduction/introList | DEBUG: Tag[ app_begin ] --END-- [ RunTime:0.002922s ]
[ 2012-04-18T22:29:38+08:00 ] /admin.php/Introduction/introList | NOTIC: [8] Undefined index:  authId IntroductionAction.class.php 第 5 行.
[ 2012-04-18T22:29:38+08:00 ] /admin.php/Index/index.shtml | DEBUG: Tag[ route_check ] --START--
[ 2012-04-18T22:29:38+08:00 ] /admin.php/Index/index.shtml | DEBUG: Run CheckRoute Behavior [ RunTime:0.000862s ]
[ 2012-04-18T22:29:38+08:00 ] /admin.php/Index/index.shtml | DEBUG: Tag[ route_check ] --END-- [ RunTime:0.000971s ]
[ 2012-04-18T22:29:38+08:00 ] /admin.php/Index/index.shtml | DEBUG: Tag[ app_begin ] --START--
[ 2012-04-18T22:29:38+08:00 ] /admin.php/Index/index.shtml | DEBUG: Run ReadHtmlCache Behavior [ RunTime:0.000595s ]
[ 2012-04-18T22:29:38+08:00 ] /admin.php/Index/index.shtml | DEBUG: Run CheckTemplate Behavior [ RunTime:0.000493s ]
[ 2012-04-18T22:29:38+08:00 ] /admin.php/Index/index.shtml | DEBUG: Tag[ app_begin ] --END-- [ RunTime:0.001200s ]
[ 2012-04-18T22:29:38+08:00 ] /admin.php/Index/index.shtml | DEBUG: Tag[ view_template ] --START--
[ 2012-04-18T22:29:38+08:00 ] /admin.php/Index/index.shtml | DEBUG: Run LocationTemplate Behavior [ RunTime:0.002613s ]
[ 2012-04-18T22:29:38+08:00 ] /admin.php/Index/index.shtml | DEBUG: Tag[ view_template ] --END-- [ RunTime:0.002709s ]
[ 2012-04-18T22:29:38+08:00 ] /admin.php/Index/index.shtml | DEBUG: Tag[ view_parse ] --START--
[ 2012-04-18T22:29:38+08:00 ] /admin.php/Index/index.shtml | DEBUG: Run ParseTemplate Behavior [ RunTime:0.002693s ]
[ 2012-04-18T22:29:38+08:00 ] /admin.php/Index/index.shtml | DEBUG: Tag[ view_parse ] --END-- [ RunTime:0.002780s ]
[ 2012-04-18T22:29:38+08:00 ] /admin.php/Index/index.shtml | DEBUG: Tag[ view_filter ] --START--
[ 2012-04-18T22:29:38+08:00 ] /admin.php/Index/index.shtml | DEBUG: Run ContentReplace Behavior [ RunTime:0.001324s ]
[ 2012-04-18T22:29:38+08:00 ] /admin.php/Index/index.shtml | DEBUG: Run TokenBuild Behavior [ RunTime:0.001608s ]
[ 2012-04-18T22:29:38+08:00 ] /admin.php/Index/index.shtml | DEBUG: Run WriteHtmlCache Behavior [ RunTime:0.001361s ]
[ 2012-04-18T22:29:38+08:00 ] /admin.php/Index/index.shtml | DEBUG: Run ShowRuntime Behavior [ RunTime:0.001375s ]
[ 2012-04-18T22:29:38+08:00 ] /admin.php/Index/index.shtml | DEBUG: Tag[ view_filter ] --END-- [ RunTime:0.005843s ]
[ 2012-04-18T22:29:38+08:00 ] /admin.php/Index/index.shtml | DEBUG: Tag[ view_end ] --START--
[ 2012-04-18T22:29:38+08:00 ] /admin.php/Index/index.shtml | DEBUG: Run ShowPageTrace Behavior [ RunTime:0.003019s ]
[ 2012-04-18T22:29:38+08:00 ] /admin.php/Index/index.shtml | DEBUG: Tag[ view_end ] --END-- [ RunTime:0.003085s ]
[ 2012-04-18T22:29:38+08:00 ] /admin.php/Index/verify/ | DEBUG: Tag[ route_check ] --START--
[ 2012-04-18T22:29:38+08:00 ] /admin.php/Index/verify/ | DEBUG: Run CheckRoute Behavior [ RunTime:0.000888s ]
[ 2012-04-18T22:29:38+08:00 ] /admin.php/Index/verify/ | DEBUG: Tag[ route_check ] --END-- [ RunTime:0.001014s ]
[ 2012-04-18T22:29:38+08:00 ] /admin.php/Index/verify/ | DEBUG: Tag[ app_begin ] --START--
[ 2012-04-18T22:29:38+08:00 ] /admin.php/Index/verify/ | DEBUG: Run ReadHtmlCache Behavior [ RunTime:0.000591s ]
[ 2012-04-18T22:29:38+08:00 ] /admin.php/Index/verify/ | DEBUG: Run CheckTemplate Behavior [ RunTime:0.000499s ]
[ 2012-04-18T22:29:38+08:00 ] /admin.php/Index/verify/ | DEBUG: Tag[ app_begin ] --END-- [ RunTime:0.001192s ]
[ 2012-04-18T22:29:40+08:00 ] /admin.php/Index/index.shtml | DEBUG: Tag[ route_check ] --START--
[ 2012-04-18T22:29:40+08:00 ] /admin.php/Index/index.shtml | DEBUG: Run CheckRoute Behavior [ RunTime:0.001232s ]
[ 2012-04-18T22:29:40+08:00 ] /admin.php/Index/index.shtml | DEBUG: Tag[ route_check ] --END-- [ RunTime:0.001372s ]
[ 2012-04-18T22:29:40+08:00 ] /admin.php/Index/index.shtml | DEBUG: Tag[ app_begin ] --START--
[ 2012-04-18T22:29:40+08:00 ] /admin.php/Index/index.shtml | DEBUG: Run ReadHtmlCache Behavior [ RunTime:0.000896s ]
[ 2012-04-18T22:29:40+08:00 ] /admin.php/Index/index.shtml | DEBUG: Run CheckTemplate Behavior [ RunTime:0.000723s ]
[ 2012-04-18T22:29:40+08:00 ] /admin.php/Index/index.shtml | DEBUG: Tag[ app_begin ] --END-- [ RunTime:0.001743s ]
[ 2012-04-18T22:29:40+08:00 ] /admin.php/Index/index.shtml | DEBUG: Tag[ view_template ] --START--
[ 2012-04-18T22:29:40+08:00 ] /admin.php/Index/index.shtml | DEBUG: Run LocationTemplate Behavior [ RunTime:0.000927s ]
[ 2012-04-18T22:29:40+08:00 ] /admin.php/Index/index.shtml | DEBUG: Tag[ view_template ] --END-- [ RunTime:0.001011s ]
[ 2012-04-18T22:29:40+08:00 ] /admin.php/Index/index.shtml | DEBUG: Tag[ view_parse ] --START--
[ 2012-04-18T22:29:40+08:00 ] /admin.php/Index/index.shtml | DEBUG: Run ParseTemplate Behavior [ RunTime:0.001252s ]
[ 2012-04-18T22:29:40+08:00 ] /admin.php/Index/index.shtml | DEBUG: Tag[ view_parse ] --END-- [ RunTime:0.001333s ]
[ 2012-04-18T22:29:40+08:00 ] /admin.php/Index/index.shtml | DEBUG: Tag[ view_filter ] --START--
[ 2012-04-18T22:29:40+08:00 ] /admin.php/Index/index.shtml | DEBUG: Run ContentReplace Behavior [ RunTime:0.000571s ]
[ 2012-04-18T22:29:40+08:00 ] /admin.php/Index/index.shtml | DEBUG: Run TokenBuild Behavior [ RunTime:0.000589s ]
[ 2012-04-18T22:29:40+08:00 ] /admin.php/Index/index.shtml | DEBUG: Run WriteHtmlCache Behavior [ RunTime:0.000450s ]
[ 2012-04-18T22:29:40+08:00 ] /admin.php/Index/index.shtml | DEBUG: Run ShowRuntime Behavior [ RunTime:0.000676s ]
[ 2012-04-18T22:29:40+08:00 ] /admin.php/Index/index.shtml | DEBUG: Tag[ view_filter ] --END-- [ RunTime:0.002495s ]
[ 2012-04-18T22:29:40+08:00 ] /admin.php/Index/index.shtml | DEBUG: Tag[ view_end ] --START--
[ 2012-04-18T22:29:40+08:00 ] /admin.php/Index/index.shtml | DEBUG: Run ShowPageTrace Behavior [ RunTime:0.002202s ]
[ 2012-04-18T22:29:40+08:00 ] /admin.php/Index/index.shtml | DEBUG: Tag[ view_end ] --END-- [ RunTime:0.002284s ]
[ 2012-04-18T22:29:40+08:00 ] /admin.php/Index/verify/ | DEBUG: Tag[ route_check ] --START--
[ 2012-04-18T22:29:40+08:00 ] /admin.php/Index/verify/ | DEBUG: Run CheckRoute Behavior [ RunTime:0.000904s ]
[ 2012-04-18T22:29:40+08:00 ] /admin.php/Index/verify/ | DEBUG: Tag[ route_check ] --END-- [ RunTime:0.001040s ]
[ 2012-04-18T22:29:40+08:00 ] /admin.php/Index/verify/ | DEBUG: Tag[ app_begin ] --START--
[ 2012-04-18T22:29:40+08:00 ] /admin.php/Index/verify/ | DEBUG: Run ReadHtmlCache Behavior [ RunTime:0.000654s ]
[ 2012-04-18T22:29:40+08:00 ] /admin.php/Index/verify/ | DEBUG: Run CheckTemplate Behavior [ RunTime:0.000487s ]
[ 2012-04-18T22:29:40+08:00 ] /admin.php/Index/verify/ | DEBUG: Tag[ app_begin ] --END-- [ RunTime:0.001243s ]
[ 2012-04-18T22:30:00+08:00 ] /admin.php/Introduction/introList | DEBUG: Tag[ route_check ] --START--
[ 2012-04-18T22:30:00+08:00 ] /admin.php/Introduction/introList | DEBUG: Run CheckRoute Behavior [ RunTime:0.001212s ]
[ 2012-04-18T22:30:00+08:00 ] /admin.php/Introduction/introList | DEBUG: Tag[ route_check ] --END-- [ RunTime:0.001348s ]
[ 2012-04-18T22:30:00+08:00 ] /admin.php/Introduction/introList | DEBUG: Tag[ app_begin ] --START--
[ 2012-04-18T22:30:00+08:00 ] /admin.php/Introduction/introList | DEBUG: Run ReadHtmlCache Behavior [ RunTime:0.000633s ]
[ 2012-04-18T22:30:00+08:00 ] /admin.php/Introduction/introList | DEBUG: Run CheckTemplate Behavior [ RunTime:0.000501s ]
[ 2012-04-18T22:30:00+08:00 ] /admin.php/Introduction/introList | DEBUG: Tag[ app_begin ] --END-- [ RunTime:0.001238s ]
[ 2012-04-18T22:30:00+08:00 ] /admin.php/Introduction/introList | NOTIC: [8] Undefined index:  authId IntroductionAction.class.php 第 5 行.
[ 2012-04-18T22:30:00+08:00 ] /admin.php/Index/index.shtml | DEBUG: Tag[ route_check ] --START--
[ 2012-04-18T22:30:00+08:00 ] /admin.php/Index/index.shtml | DEBUG: Run CheckRoute Behavior [ RunTime:0.001228s ]
[ 2012-04-18T22:30:00+08:00 ] /admin.php/Index/index.shtml | DEBUG: Tag[ route_check ] --END-- [ RunTime:0.001344s ]
[ 2012-04-18T22:30:00+08:00 ] /admin.php/Index/index.shtml | DEBUG: Tag[ app_begin ] --START--
[ 2012-04-18T22:30:00+08:00 ] /admin.php/Index/index.shtml | DEBUG: Run ReadHtmlCache Behavior [ RunTime:0.000914s ]
[ 2012-04-18T22:30:00+08:00 ] /admin.php/Index/index.shtml | DEBUG: Run CheckTemplate Behavior [ RunTime:0.000630s ]
[ 2012-04-18T22:30:00+08:00 ] /admin.php/Index/index.shtml | DEBUG: Tag[ app_begin ] --END-- [ RunTime:0.001644s ]
[ 2012-04-18T22:30:00+08:00 ] /admin.php/Index/index.shtml | DEBUG: Tag[ view_template ] --START--
[ 2012-04-18T22:30:00+08:00 ] /admin.php/Index/index.shtml | DEBUG: Run LocationTemplate Behavior [ RunTime:0.000843s ]
[ 2012-04-18T22:30:00+08:00 ] /admin.php/Index/index.shtml | DEBUG: Tag[ view_template ] --END-- [ RunTime:0.000908s ]
[ 2012-04-18T22:30:00+08:00 ] /admin.php/Index/index.shtml | DEBUG: Tag[ view_parse ] --START--
[ 2012-04-18T22:30:00+08:00 ] /admin.php/Index/index.shtml | DEBUG: Run ParseTemplate Behavior [ RunTime:0.001186s ]
[ 2012-04-18T22:30:00+08:00 ] /admin.php/Index/index.shtml | DEBUG: Tag[ view_parse ] --END-- [ RunTime:0.001251s ]
[ 2012-04-18T22:30:00+08:00 ] /admin.php/Index/index.shtml | DEBUG: Tag[ view_filter ] --START--
[ 2012-04-18T22:30:00+08:00 ] /admin.php/Index/index.shtml | DEBUG: Run ContentReplace Behavior [ RunTime:0.000585s ]
[ 2012-04-18T22:30:00+08:00 ] /admin.php/Index/index.shtml | DEBUG: Run TokenBuild Behavior [ RunTime:0.000633s ]
[ 2012-04-18T22:30:00+08:00 ] /admin.php/Index/index.shtml | DEBUG: Run WriteHtmlCache Behavior [ RunTime:0.000317s ]
[ 2012-04-18T22:30:00+08:00 ] /admin.php/Index/index.shtml | DEBUG: Run ShowRuntime Behavior [ RunTime:0.000666s ]
[ 2012-04-18T22:30:00+08:00 ] /admin.php/Index/index.shtml | DEBUG: Tag[ view_filter ] --END-- [ RunTime:0.002371s ]
[ 2012-04-18T22:30:00+08:00 ] /admin.php/Index/index.shtml | DEBUG: Tag[ view_end ] --START--
[ 2012-04-18T22:30:00+08:00 ] /admin.php/Index/index.shtml | DEBUG: Run ShowPageTrace Behavior [ RunTime:0.002263s ]
[ 2012-04-18T22:30:00+08:00 ] /admin.php/Index/index.shtml | DEBUG: Tag[ view_end ] --END-- [ RunTime:0.002330s ]
[ 2012-04-18T22:30:00+08:00 ] /admin.php/Index/verify/ | DEBUG: Tag[ route_check ] --START--
[ 2012-04-18T22:30:00+08:00 ] /admin.php/Index/verify/ | DEBUG: Run CheckRoute Behavior [ RunTime:0.000915s ]
[ 2012-04-18T22:30:00+08:00 ] /admin.php/Index/verify/ | DEBUG: Tag[ route_check ] --END-- [ RunTime:0.001033s ]
[ 2012-04-18T22:30:00+08:00 ] /admin.php/Index/verify/ | DEBUG: Tag[ app_begin ] --START--
[ 2012-04-18T22:30:00+08:00 ] /admin.php/Index/verify/ | DEBUG: Run ReadHtmlCache Behavior [ RunTime:0.000612s ]
[ 2012-04-18T22:30:00+08:00 ] /admin.php/Index/verify/ | DEBUG: Run CheckTemplate Behavior [ RunTime:0.000496s ]
[ 2012-04-18T22:30:00+08:00 ] /admin.php/Index/verify/ | DEBUG: Tag[ app_begin ] --END-- [ RunTime:0.001224s ]
[ 2012-04-18T22:30:07+08:00 ] /admin.php/Introduction/introList | DEBUG: Tag[ route_check ] --START--
[ 2012-04-18T22:30:07+08:00 ] /admin.php/Introduction/introList | DEBUG: Run CheckRoute Behavior [ RunTime:0.002160s ]
[ 2012-04-18T22:30:07+08:00 ] /admin.php/Introduction/introList | DEBUG: Tag[ route_check ] --END-- [ RunTime:0.002330s ]
[ 2012-04-18T22:30:07+08:00 ] /admin.php/Introduction/introList | DEBUG: Tag[ app_begin ] --START--
[ 2012-04-18T22:30:07+08:00 ] /admin.php/Introduction/introList | DEBUG: Run ReadHtmlCache Behavior [ RunTime:0.002008s ]
[ 2012-04-18T22:30:07+08:00 ] /admin.php/Introduction/introList | DEBUG: Run CheckTemplate Behavior [ RunTime:0.001396s ]
[ 2012-04-18T22:30:07+08:00 ] /admin.php/Introduction/introList | DEBUG: Tag[ app_begin ] --END-- [ RunTime:0.003509s ]
[ 2012-04-18T22:30:07+08:00 ] /admin.php/Introduction/introList | SQL: SHOW COLUMNS FROM `qilihai_introduction` [ RunTime:0.005692s ]
[ 2012-04-18T22:30:07+08:00 ] /admin.php/Introduction/introList | SQL: SELECT * FROM `qilihai_introduction`  [ RunTime:0.001096s ]
[ 2012-04-18T22:30:07+08:00 ] /admin.php/Introduction/introList | DEBUG: Tag[ view_template ] --START--
[ 2012-04-18T22:30:07+08:00 ] /admin.php/Introduction/introList | DEBUG: Run LocationTemplate Behavior [ RunTime:0.002672s ]
[ 2012-04-18T22:30:07+08:00 ] /admin.php/Introduction/introList | DEBUG: Tag[ view_template ] --END-- [ RunTime:0.002747s ]
[ 2012-04-18T22:30:07+08:00 ] /admin.php/Introduction/introList | DEBUG: Tag[ view_parse ] --START--
[ 2012-04-18T22:30:07+08:00 ] /admin.php/Introduction/introList | DEBUG: Run ParseTemplate Behavior [ RunTime:0.002470s ]
[ 2012-04-18T22:30:07+08:00 ] /admin.php/Introduction/introList | DEBUG: Tag[ view_parse ] --END-- [ RunTime:0.002537s ]
[ 2012-04-18T22:30:07+08:00 ] /admin.php/Introduction/introList | DEBUG: Tag[ view_filter ] --START--
[ 2012-04-18T22:30:07+08:00 ] /admin.php/Introduction/introList | DEBUG: Run ContentReplace Behavior [ RunTime:0.001295s ]
[ 2012-04-18T22:30:07+08:00 ] /admin.php/Introduction/introList | DEBUG: Run TokenBuild Behavior [ RunTime:0.001822s ]
[ 2012-04-18T22:30:07+08:00 ] /admin.php/Introduction/introList | DEBUG: Run WriteHtmlCache Behavior [ RunTime:0.001551s ]
[ 2012-04-18T22:30:08+08:00 ] /admin.php/Introduction/introList | DEBUG: Run ShowRuntime Behavior [ RunTime:0.001411s ]
[ 2012-04-18T22:30:08+08:00 ] /admin.php/Introduction/introList | DEBUG: Tag[ view_filter ] --END-- [ RunTime:0.006308s ]
[ 2012-04-18T22:30:08+08:00 ] /admin.php/Introduction/introList | DEBUG: Tag[ view_end ] --START--
[ 2012-04-18T22:30:08+08:00 ] /admin.php/Introduction/introList | DEBUG: Run ShowPageTrace Behavior [ RunTime:0.003292s ]
[ 2012-04-18T22:30:08+08:00 ] /admin.php/Introduction/introList | DEBUG: Tag[ view_end ] --END-- [ RunTime:0.003399s ]
[ 2012-04-18T22:30:08+08:00 ] /admin.php/js/jquery-1.4.1.js | ERR: (ThinkException) 无法加载模块js
[ 2012-04-18T22:30:08+08:00 ] /admin.php/Introduction/introList | DEBUG: Tag[ route_check ] --START--
[ 2012-04-18T22:30:08+08:00 ] /admin.php/Introduction/introList | DEBUG: Run CheckRoute Behavior [ RunTime:0.000909s ]
[ 2012-04-18T22:30:08+08:00 ] /admin.php/Introduction/introList | DEBUG: Tag[ route_check ] --END-- [ RunTime:0.001029s ]
[ 2012-04-18T22:30:08+08:00 ] /admin.php/Introduction/introList | DEBUG: Tag[ app_begin ] --START--
[ 2012-04-18T22:30:08+08:00 ] /admin.php/Introduction/introList | DEBUG: Run ReadHtmlCache Behavior [ RunTime:0.000640s ]
[ 2012-04-18T22:30:08+08:00 ] /admin.php/Introduction/introList | DEBUG: Run CheckTemplate Behavior [ RunTime:0.000543s ]
[ 2012-04-18T22:30:08+08:00 ] /admin.php/Introduction/introList | DEBUG: Tag[ app_begin ] --END-- [ RunTime:0.001286s ]
[ 2012-04-18T22:30:08+08:00 ] /admin.php/Introduction/introList | SQL: SHOW COLUMNS FROM `qilihai_introduction` [ RunTime:0.004968s ]
[ 2012-04-18T22:30:08+08:00 ] /admin.php/Introduction/introList | SQL: SELECT * FROM `qilihai_introduction`  [ RunTime:0.001312s ]
[ 2012-04-18T22:30:08+08:00 ] /admin.php/Introduction/introList | DEBUG: Tag[ view_template ] --START--
[ 2012-04-18T22:30:08+08:00 ] /admin.php/Introduction/introList | DEBUG: Run LocationTemplate Behavior [ RunTime:0.000906s ]
[ 2012-04-18T22:30:08+08:00 ] /admin.php/Introduction/introList | DEBUG: Tag[ view_template ] --END-- [ RunTime:0.000976s ]
[ 2012-04-18T22:30:08+08:00 ] /admin.php/Introduction/introList | DEBUG: Tag[ view_parse ] --START--
[ 2012-04-18T22:30:08+08:00 ] /admin.php/Introduction/introList | DEBUG: Run ParseTemplate Behavior [ RunTime:0.001198s ]
[ 2012-04-18T22:30:08+08:00 ] /admin.php/Introduction/introList | DEBUG: Tag[ view_parse ] --END-- [ RunTime:0.001263s ]
[ 2012-04-18T22:30:08+08:00 ] /admin.php/Introduction/introList | DEBUG: Tag[ view_filter ] --START--
[ 2012-04-18T22:30:08+08:00 ] /admin.php/Introduction/introList | DEBUG: Run ContentReplace Behavior [ RunTime:0.000507s ]
[ 2012-04-18T22:30:08+08:00 ] /admin.php/Introduction/introList | DEBUG: Run TokenBuild Behavior [ RunTime:0.000524s ]
[ 2012-04-18T22:30:08+08:00 ] /admin.php/Introduction/introList | DEBUG: Run WriteHtmlCache Behavior [ RunTime:0.000319s ]
[ 2012-04-18T22:30:08+08:00 ] /admin.php/Introduction/introList | DEBUG: Run ShowRuntime Behavior [ RunTime:0.000523s ]
[ 2012-04-18T22:30:08+08:00 ] /admin.php/Introduction/introList | DEBUG: Tag[ view_filter ] --END-- [ RunTime:0.002056s ]
[ 2012-04-18T22:30:08+08:00 ] /admin.php/Introduction/introList | DEBUG: Tag[ view_end ] --START--
[ 2012-04-18T22:30:08+08:00 ] /admin.php/Introduction/introList | DEBUG: Run ShowPageTrace Behavior [ RunTime:0.001963s ]
[ 2012-04-18T22:30:08+08:00 ] /admin.php/Introduction/introList | DEBUG: Tag[ view_end ] --END-- [ RunTime:0.002040s ]
[ 2012-04-18T22:30:08+08:00 ] /admin.php/js/jquery-1.4.1.js | ERR: (ThinkException) 无法加载模块js
[ 2012-04-18T22:30:09+08:00 ] /admin.php/Introduction/introList | DEBUG: Tag[ route_check ] --START--
[ 2012-04-18T22:30:09+08:00 ] /admin.php/Introduction/introList | DEBUG: Run CheckRoute Behavior [ RunTime:0.001135s ]
[ 2012-04-18T22:30:09+08:00 ] /admin.php/Introduction/introList | DEBUG: Tag[ route_check ] --END-- [ RunTime:0.001273s ]
[ 2012-04-18T22:30:09+08:00 ] /admin.php/Introduction/introList | DEBUG: Tag[ app_begin ] --START--
[ 2012-04-18T22:30:09+08:00 ] /admin.php/Introduction/introList | DEBUG: Run ReadHtmlCache Behavior [ RunTime:0.000779s ]
[ 2012-04-18T22:30:09+08:00 ] /admin.php/Introduction/introList | DEBUG: Run CheckTemplate Behavior [ RunTime:0.000676s ]
[ 2012-04-18T22:30:09+08:00 ] /admin.php/Introduction/introList | DEBUG: Tag[ app_begin ] --END-- [ RunTime:0.001560s ]
[ 2012-04-18T22:30:09+08:00 ] /admin.php/Introduction/introList | SQL: SHOW COLUMNS FROM `qilihai_introduction` [ RunTime:0.003581s ]
[ 2012-04-18T22:30:09+08:00 ] /admin.php/Introduction/introList | SQL: SELECT * FROM `qilihai_introduction`  [ RunTime:0.001264s ]
[ 2012-04-18T22:30:09+08:00 ] /admin.php/Introduction/introList | DEBUG: Tag[ view_template ] --START--
[ 2012-04-18T22:30:09+08:00 ] /admin.php/Introduction/introList | DEBUG: Run LocationTemplate Behavior [ RunTime:0.001001s ]
[ 2012-04-18T22:30:09+08:00 ] /admin.php/Introduction/introList | DEBUG: Tag[ view_template ] --END-- [ RunTime:0.001103s ]
[ 2012-04-18T22:30:09+08:00 ] /admin.php/Introduction/introList | DEBUG: Tag[ view_parse ] --START--
[ 2012-04-18T22:30:09+08:00 ] /admin.php/Introduction/introList | DEBUG: Run ParseTemplate Behavior [ RunTime:0.001396s ]
[ 2012-04-18T22:30:09+08:00 ] /admin.php/Introduction/introList | DEBUG: Tag[ view_parse ] --END-- [ RunTime:0.001460s ]
[ 2012-04-18T22:30:09+08:00 ] /admin.php/Introduction/introList | DEBUG: Tag[ view_filter ] --START--
[ 2012-04-18T22:30:09+08:00 ] /admin.php/Introduction/introList | DEBUG: Run ContentReplace Behavior [ RunTime:0.000552s ]
[ 2012-04-18T22:30:09+08:00 ] /admin.php/Introduction/introList | DEBUG: Run TokenBuild Behavior [ RunTime:0.000509s ]
[ 2012-04-18T22:30:09+08:00 ] /admin.php/Introduction/introList | DEBUG: Run WriteHtmlCache Behavior [ RunTime:0.000387s ]
[ 2012-04-18T22:30:09+08:00 ] /admin.php/Introduction/introList | DEBUG: Run ShowRuntime Behavior [ RunTime:0.000576s ]
[ 2012-04-18T22:30:09+08:00 ] /admin.php/Introduction/introList | DEBUG: Tag[ view_filter ] --END-- [ RunTime:0.002223s ]
[ 2012-04-18T22:30:09+08:00 ] /admin.php/Introduction/introList | DEBUG: Tag[ view_end ] --START--
[ 2012-04-18T22:30:09+08:00 ] /admin.php/Introduction/introList | DEBUG: Run ShowPageTrace Behavior [ RunTime:0.002545s ]
[ 2012-04-18T22:30:09+08:00 ] /admin.php/Introduction/introList | DEBUG: Tag[ view_end ] --END-- [ RunTime:0.002620s ]
[ 2012-04-18T22:30:09+08:00 ] /admin.php/js/jquery-1.4.1.js | ERR: (ThinkException) 无法加载模块js
[ 2012-04-18T22:30:09+08:00 ] /admin.php/Introduction/introList | DEBUG: Tag[ route_check ] --START--
[ 2012-04-18T22:30:09+08:00 ] /admin.php/Introduction/introList | DEBUG: Run CheckRoute Behavior [ RunTime:0.001481s ]
[ 2012-04-18T22:30:09+08:00 ] /admin.php/Introduction/introList | DEBUG: Tag[ route_check ] --END-- [ RunTime:0.001604s ]
[ 2012-04-18T22:30:09+08:00 ] /admin.php/Introduction/introList | DEBUG: Tag[ app_begin ] --START--
[ 2012-04-18T22:30:09+08:00 ] /admin.php/Introduction/introList | DEBUG: Run ReadHtmlCache Behavior [ RunTime:0.000655s ]
[ 2012-04-18T22:30:09+08:00 ] /admin.php/Introduction/introList | DEBUG: Run CheckTemplate Behavior [ RunTime:0.000619s ]
[ 2012-04-18T22:30:09+08:00 ] /admin.php/Introduction/introList | DEBUG: Tag[ app_begin ] --END-- [ RunTime:0.001373s ]
[ 2012-04-18T22:30:09+08:00 ] /admin.php/Introduction/introList | SQL: SHOW COLUMNS FROM `qilihai_introduction` [ RunTime:0.003618s ]
[ 2012-04-18T22:30:09+08:00 ] /admin.php/Introduction/introList | SQL: SELECT * FROM `qilihai_introduction`  [ RunTime:0.001298s ]
[ 2012-04-18T22:30:09+08:00 ] /admin.php/Introduction/introList | DEBUG: Tag[ view_template ] --START--
[ 2012-04-18T22:30:09+08:00 ] /admin.php/Introduction/introList | DEBUG: Run LocationTemplate Behavior [ RunTime:0.001248s ]
[ 2012-04-18T22:30:09+08:00 ] /admin.php/Introduction/introList | DEBUG: Tag[ view_template ] --END-- [ RunTime:0.001355s ]
[ 2012-04-18T22:30:09+08:00 ] /admin.php/Introduction/introList | DEBUG: Tag[ view_parse ] --START--
[ 2012-04-18T22:30:09+08:00 ] /admin.php/Introduction/introList | DEBUG: Run ParseTemplate Behavior [ RunTime:0.001724s ]
[ 2012-04-18T22:30:09+08:00 ] /admin.php/Introduction/introList | DEBUG: Tag[ view_parse ] --END-- [ RunTime:0.001826s ]
[ 2012-04-18T22:30:09+08:00 ] /admin.php/Introduction/introList | DEBUG: Tag[ view_filter ] --START--
[ 2012-04-18T22:30:09+08:00 ] /admin.php/Introduction/introList | DEBUG: Run ContentReplace Behavior [ RunTime:0.000611s ]
[ 2012-04-18T22:30:09+08:00 ] /admin.php/Introduction/introList | DEBUG: Run TokenBuild Behavior [ RunTime:0.000560s ]
[ 2012-04-18T22:30:09+08:00 ] /admin.php/Introduction/introList | DEBUG: Run WriteHtmlCache Behavior [ RunTime:0.000391s ]
[ 2012-04-18T22:30:09+08:00 ] /admin.php/Introduction/introList | DEBUG: Run ShowRuntime Behavior [ RunTime:0.000543s ]
[ 2012-04-18T22:30:09+08:00 ] /admin.php/Introduction/introList | DEBUG: Tag[ view_filter ] --END-- [ RunTime:0.002312s ]
[ 2012-04-18T22:30:09+08:00 ] /admin.php/Introduction/introList | DEBUG: Tag[ view_end ] --START--
[ 2012-04-18T22:30:09+08:00 ] /admin.php/Introduction/introList | DEBUG: Run ShowPageTrace Behavior [ RunTime:0.002206s ]
[ 2012-04-18T22:30:09+08:00 ] /admin.php/Introduction/introList | DEBUG: Tag[ view_end ] --END-- [ RunTime:0.002340s ]
[ 2012-04-18T22:30:09+08:00 ] /admin.php/js/jquery-1.4.1.js | ERR: (ThinkException) 无法加载模块js
[ 2012-04-18T22:30:10+08:00 ] /admin.php/Introduction/introList | DEBUG: Tag[ route_check ] --START--
[ 2012-04-18T22:30:10+08:00 ] /admin.php/Introduction/introList | DEBUG: Run CheckRoute Behavior [ RunTime:0.000951s ]
[ 2012-04-18T22:30:10+08:00 ] /admin.php/Introduction/introList | DEBUG: Tag[ route_check ] --END-- [ RunTime:0.001081s ]
[ 2012-04-18T22:30:10+08:00 ] /admin.php/Introduction/introList | DEBUG: Tag[ app_begin ] --START--
[ 2012-04-18T22:30:10+08:00 ] /admin.php/Introduction/introList | DEBUG: Run ReadHtmlCache Behavior [ RunTime:0.000676s ]
[ 2012-04-18T22:30:10+08:00 ] /admin.php/Introduction/introList | DEBUG: Run CheckTemplate Behavior [ RunTime:0.000532s ]
[ 2012-04-18T22:30:10+08:00 ] /admin.php/Introduction/introList | DEBUG: Tag[ app_begin ] --END-- [ RunTime:0.001319s ]
[ 2012-04-18T22:30:10+08:00 ] /admin.php/Introduction/introList | SQL: SHOW COLUMNS FROM `qilihai_introduction` [ RunTime:0.003630s ]
[ 2012-04-18T22:30:10+08:00 ] /admin.php/Introduction/introList | SQL: SELECT * FROM `qilihai_introduction`  [ RunTime:0.001539s ]
[ 2012-04-18T22:30:10+08:00 ] /admin.php/Introduction/introList | DEBUG: Tag[ view_template ] --START--
[ 2012-04-18T22:30:10+08:00 ] /admin.php/Introduction/introList | DEBUG: Run LocationTemplate Behavior [ RunTime:0.000890s ]
[ 2012-04-18T22:30:10+08:00 ] /admin.php/Introduction/introList | DEBUG: Tag[ view_template ] --END-- [ RunTime:0.000962s ]
[ 2012-04-18T22:30:10+08:00 ] /admin.php/Introduction/introList | DEBUG: Tag[ view_parse ] --START--
[ 2012-04-18T22:30:10+08:00 ] /admin.php/Introduction/introList | DEBUG: Run ParseTemplate Behavior [ RunTime:0.001252s ]
[ 2012-04-18T22:30:10+08:00 ] /admin.php/Introduction/introList | DEBUG: Tag[ view_parse ] --END-- [ RunTime:0.001317s ]
[ 2012-04-18T22:30:10+08:00 ] /admin.php/Introduction/introList | DEBUG: Tag[ view_filter ] --START--
[ 2012-04-18T22:30:10+08:00 ] /admin.php/Introduction/introList | DEBUG: Run ContentReplace Behavior [ RunTime:0.000484s ]
[ 2012-04-18T22:30:10+08:00 ] /admin.php/Introduction/introList | DEBUG: Run TokenBuild Behavior [ RunTime:0.000510s ]
[ 2012-04-18T22:30:10+08:00 ] /admin.php/Introduction/introList | DEBUG: Run WriteHtmlCache Behavior [ RunTime:0.000320s ]
[ 2012-04-18T22:30:10+08:00 ] /admin.php/Introduction/introList | DEBUG: Run ShowRuntime Behavior [ RunTime:0.000513s ]
[ 2012-04-18T22:30:10+08:00 ] /admin.php/Introduction/introList | DEBUG: Tag[ view_filter ] --END-- [ RunTime:0.001997s ]
[ 2012-04-18T22:30:10+08:00 ] /admin.php/Introduction/introList | DEBUG: Tag[ view_end ] --START--
[ 2012-04-18T22:30:10+08:00 ] /admin.php/Introduction/introList | DEBUG: Run ShowPageTrace Behavior [ RunTime:0.001971s ]
[ 2012-04-18T22:30:10+08:00 ] /admin.php/Introduction/introList | DEBUG: Tag[ view_end ] --END-- [ RunTime:0.002047s ]
[ 2012-04-18T22:30:10+08:00 ] /admin.php/js/jquery-1.4.1.js | ERR: (ThinkException) 无法加载模块js
[ 2012-04-18T22:30:10+08:00 ] /admin.php/Introduction/introList | DEBUG: Tag[ route_check ] --START--
[ 2012-04-18T22:30:10+08:00 ] /admin.php/Introduction/introList | DEBUG: Run CheckRoute Behavior [ RunTime:0.000974s ]
[ 2012-04-18T22:30:10+08:00 ] /admin.php/Introduction/introList | DEBUG: Tag[ route_check ] --END-- [ RunTime:0.001103s ]
[ 2012-04-18T22:30:10+08:00 ] /admin.php/Introduction/introList | DEBUG: Tag[ app_begin ] --START--
[ 2012-04-18T22:30:10+08:00 ] /admin.php/Introduction/introList | DEBUG: Run ReadHtmlCache Behavior [ RunTime:0.000799s ]
[ 2012-04-18T22:30:10+08:00 ] /admin.php/Introduction/introList | DEBUG: Run CheckTemplate Behavior [ RunTime:0.000746s ]
[ 2012-04-18T22:30:10+08:00 ] /admin.php/Introduction/introList | DEBUG: Tag[ app_begin ] --END-- [ RunTime:0.001701s ]
[ 2012-04-18T22:30:10+08:00 ] /admin.php/Introduction/introList | SQL: SHOW COLUMNS FROM `qilihai_introduction` [ RunTime:0.003761s ]
[ 2012-04-18T22:30:10+08:00 ] /admin.php/Introduction/introList | SQL: SELECT * FROM `qilihai_introduction`  [ RunTime:0.001247s ]
[ 2012-04-18T22:30:10+08:00 ] /admin.php/Introduction/introList | DEBUG: Tag[ view_template ] --START--
[ 2012-04-18T22:30:10+08:00 ] /admin.php/Introduction/introList | DEBUG: Run LocationTemplate Behavior [ RunTime:0.001000s ]
[ 2012-04-18T22:30:10+08:00 ] /admin.php/Introduction/introList | DEBUG: Tag[ view_template ] --END-- [ RunTime:0.001069s ]
[ 2012-04-18T22:30:10+08:00 ] /admin.php/Introduction/introList | DEBUG: Tag[ view_parse ] --START--
[ 2012-04-18T22:30:10+08:00 ] /admin.php/Introduction/introList | DEBUG: Run ParseTemplate Behavior [ RunTime:0.001459s ]
[ 2012-04-18T22:30:10+08:00 ] /admin.php/Introduction/introList | DEBUG: Tag[ view_parse ] --END-- [ RunTime:0.001523s ]
[ 2012-04-18T22:30:10+08:00 ] /admin.php/Introduction/introList | DEBUG: Tag[ view_filter ] --START--
[ 2012-04-18T22:30:10+08:00 ] /admin.php/Introduction/introList | DEBUG: Run ContentReplace Behavior [ RunTime:0.000542s ]
[ 2012-04-18T22:30:10+08:00 ] /admin.php/Introduction/introList | DEBUG: Run TokenBuild Behavior [ RunTime:0.000510s ]
[ 2012-04-18T22:30:10+08:00 ] /admin.php/Introduction/introList | DEBUG: Run WriteHtmlCache Behavior [ RunTime:0.000318s ]
[ 2012-04-18T22:30:10+08:00 ] /admin.php/Introduction/introList | DEBUG: Run ShowRuntime Behavior [ RunTime:0.000602s ]
[ 2012-04-18T22:30:10+08:00 ] /admin.php/Introduction/introList | DEBUG: Tag[ view_filter ] --END-- [ RunTime:0.002163s ]
[ 2012-04-18T22:30:10+08:00 ] /admin.php/Introduction/introList | DEBUG: Tag[ view_end ] --START--
[ 2012-04-18T22:30:10+08:00 ] /admin.php/Introduction/introList | DEBUG: Run ShowPageTrace Behavior [ RunTime:0.002404s ]
[ 2012-04-18T22:30:10+08:00 ] /admin.php/Introduction/introList | DEBUG: Tag[ view_end ] --END-- [ RunTime:0.002481s ]
[ 2012-04-18T22:30:10+08:00 ] /admin.php/Introduction/introList | DEBUG: Tag[ route_check ] --START--
[ 2012-04-18T22:30:10+08:00 ] /admin.php/Introduction/introList | DEBUG: Run CheckRoute Behavior [ RunTime:0.000995s ]
[ 2012-04-18T22:30:10+08:00 ] /admin.php/Introduction/introList | DEBUG: Tag[ route_check ] --END-- [ RunTime:0.001133s ]
[ 2012-04-18T22:30:10+08:00 ] /admin.php/Introduction/introList | DEBUG: Tag[ app_begin ] --START--
[ 2012-04-18T22:30:10+08:00 ] /admin.php/Introduction/introList | DEBUG: Run ReadHtmlCache Behavior [ RunTime:0.000677s ]
[ 2012-04-18T22:30:10+08:00 ] /admin.php/Introduction/introList | DEBUG: Run CheckTemplate Behavior [ RunTime:0.000541s ]
[ 2012-04-18T22:30:10+08:00 ] /admin.php/Introduction/introList | DEBUG: Tag[ app_begin ] --END-- [ RunTime:0.001333s ]
[ 2012-04-18T22:30:10+08:00 ] /admin.php/Introduction/introList | SQL: SHOW COLUMNS FROM `qilihai_introduction` [ RunTime:0.004792s ]
[ 2012-04-18T22:30:10+08:00 ] /admin.php/Introduction/introList | SQL: SELECT * FROM `qilihai_introduction`  [ RunTime:0.001649s ]
[ 2012-04-18T22:30:10+08:00 ] /admin.php/Introduction/introList | DEBUG: Tag[ view_template ] --START--
[ 2012-04-18T22:30:10+08:00 ] /admin.php/Introduction/introList | DEBUG: Run LocationTemplate Behavior [ RunTime:0.000911s ]
[ 2012-04-18T22:30:10+08:00 ] /admin.php/Introduction/introList | DEBUG: Tag[ view_template ] --END-- [ RunTime:0.000982s ]
[ 2012-04-18T22:30:10+08:00 ] /admin.php/Introduction/introList | DEBUG: Tag[ view_parse ] --START--
[ 2012-04-18T22:30:10+08:00 ] /admin.php/Introduction/introList | DEBUG: Run ParseTemplate Behavior [ RunTime:0.001235s ]
[ 2012-04-18T22:30:10+08:00 ] /admin.php/Introduction/introList | DEBUG: Tag[ view_parse ] --END-- [ RunTime:0.001329s ]
[ 2012-04-18T22:30:10+08:00 ] /admin.php/Introduction/introList | DEBUG: Tag[ view_filter ] --START--
[ 2012-04-18T22:30:10+08:00 ] /admin.php/Introduction/introList | DEBUG: Run ContentReplace Behavior [ RunTime:0.000482s ]
[ 2012-04-18T22:30:10+08:00 ] /admin.php/Introduction/introList | DEBUG: Run TokenBuild Behavior [ RunTime:0.000514s ]
[ 2012-04-18T22:30:10+08:00 ] /admin.php/Introduction/introList | DEBUG: Run WriteHtmlCache Behavior [ RunTime:0.000318s ]
[ 2012-04-18T22:30:10+08:00 ] /admin.php/Introduction/introList | DEBUG: Run ShowRuntime Behavior [ RunTime:0.000560s ]
[ 2012-04-18T22:30:10+08:00 ] /admin.php/Introduction/introList | DEBUG: Tag[ view_filter ] --END-- [ RunTime:0.002049s ]
[ 2012-04-18T22:30:10+08:00 ] /admin.php/Introduction/introList | DEBUG: Tag[ view_end ] --START--
[ 2012-04-18T22:30:10+08:00 ] /admin.php/Introduction/introList | DEBUG: Run ShowPageTrace Behavior [ RunTime:0.002316s ]
[ 2012-04-18T22:30:10+08:00 ] /admin.php/Introduction/introList | DEBUG: Tag[ view_end ] --END-- [ RunTime:0.002408s ]
[ 2012-04-18T22:30:10+08:00 ] /admin.php/js/jquery-1.4.1.js | ERR: (ThinkException) 无法加载模块js
[ 2012-04-18T22:30:10+08:00 ] /admin.php/Introduction/introList | DEBUG: Tag[ route_check ] --START--
[ 2012-04-18T22:30:10+08:00 ] /admin.php/Introduction/introList | DEBUG: Run CheckRoute Behavior [ RunTime:0.001218s ]
[ 2012-04-18T22:30:10+08:00 ] /admin.php/Introduction/introList | DEBUG: Tag[ route_check ] --END-- [ RunTime:0.001344s ]
[ 2012-04-18T22:30:10+08:00 ] /admin.php/Introduction/introList | DEBUG: Tag[ app_begin ] --START--
[ 2012-04-18T22:30:10+08:00 ] /admin.php/Introduction/introList | DEBUG: Run ReadHtmlCache Behavior [ RunTime:0.000783s ]
[ 2012-04-18T22:30:10+08:00 ] /admin.php/Introduction/introList | DEBUG: Run CheckTemplate Behavior [ RunTime:0.000625s ]
[ 2012-04-18T22:30:10+08:00 ] /admin.php/Introduction/introList | DEBUG: Tag[ app_begin ] --END-- [ RunTime:0.001511s ]
[ 2012-04-18T22:30:10+08:00 ] /admin.php/Introduction/introList | SQL: SHOW COLUMNS FROM `qilihai_introduction` [ RunTime:0.004067s ]
[ 2012-04-18T22:30:10+08:00 ] /admin.php/Introduction/introList | SQL: SELECT * FROM `qilihai_introduction`  [ RunTime:0.001179s ]
[ 2012-04-18T22:30:10+08:00 ] /admin.php/Introduction/introList | DEBUG: Tag[ view_template ] --START--
[ 2012-04-18T22:30:10+08:00 ] /admin.php/Introduction/introList | DEBUG: Run LocationTemplate Behavior [ RunTime:0.001014s ]
[ 2012-04-18T22:30:10+08:00 ] /admin.php/Introduction/introList | DEBUG: Tag[ view_template ] --END-- [ RunTime:0.001083s ]
[ 2012-04-18T22:30:10+08:00 ] /admin.php/Introduction/introList | DEBUG: Tag[ view_parse ] --START--
[ 2012-04-18T22:30:10+08:00 ] /admin.php/Introduction/introList | DEBUG: Run ParseTemplate Behavior [ RunTime:0.001550s ]
[ 2012-04-18T22:30:10+08:00 ] /admin.php/Introduction/introList | DEBUG: Tag[ view_parse ] --END-- [ RunTime:0.001616s ]
[ 2012-04-18T22:30:10+08:00 ] /admin.php/Introduction/introList | DEBUG: Tag[ view_filter ] --START--
[ 2012-04-18T22:30:10+08:00 ] /admin.php/Introduction/introList | DEBUG: Run ContentReplace Behavior [ RunTime:0.000587s ]
[ 2012-04-18T22:30:10+08:00 ] /admin.php/Introduction/introList | DEBUG: Run TokenBuild Behavior [ RunTime:0.000542s ]
[ 2012-04-18T22:30:10+08:00 ] /admin.php/Introduction/introList | DEBUG: Run WriteHtmlCache Behavior [ RunTime:0.000463s ]
[ 2012-04-18T22:30:10+08:00 ] /admin.php/Introduction/introList | DEBUG: Run ShowRuntime Behavior [ RunTime:0.000672s ]
[ 2012-04-18T22:30:10+08:00 ] /admin.php/Introduction/introList | DEBUG: Tag[ view_filter ] --END-- [ RunTime:0.002497s ]
[ 2012-04-18T22:30:10+08:00 ] /admin.php/Introduction/introList | DEBUG: Tag[ view_end ] --START--
[ 2012-04-18T22:30:10+08:00 ] /admin.php/Introduction/introList | DEBUG: Run ShowPageTrace Behavior [ RunTime:0.002271s ]
[ 2012-04-18T22:30:10+08:00 ] /admin.php/Introduction/introList | DEBUG: Tag[ view_end ] --END-- [ RunTime:0.002346s ]
[ 2012-04-18T22:30:10+08:00 ] /admin.php/js/jquery-1.4.1.js | ERR: (ThinkException) 无法加载模块js
[ 2012-04-18T22:30:11+08:00 ] /admin.php/Introduction/introList | DEBUG: Tag[ route_check ] --START--
[ 2012-04-18T22:30:11+08:00 ] /admin.php/Introduction/introList | DEBUG: Run CheckRoute Behavior [ RunTime:0.000960s ]
[ 2012-04-18T22:30:11+08:00 ] /admin.php/Introduction/introList | DEBUG: Tag[ route_check ] --END-- [ RunTime:0.001080s ]
[ 2012-04-18T22:30:11+08:00 ] /admin.php/Introduction/introList | DEBUG: Tag[ app_begin ] --START--
[ 2012-04-18T22:30:11+08:00 ] /admin.php/Introduction/introList | DEBUG: Run ReadHtmlCache Behavior [ RunTime:0.000604s ]
[ 2012-04-18T22:30:11+08:00 ] /admin.php/Introduction/introList | DEBUG: Run CheckTemplate Behavior [ RunTime:0.000508s ]
[ 2012-04-18T22:30:11+08:00 ] /admin.php/Introduction/introList | DEBUG: Tag[ app_begin ] --END-- [ RunTime:0.001211s ]
[ 2012-04-18T22:30:11+08:00 ] /admin.php/Introduction/introList | SQL: SHOW COLUMNS FROM `qilihai_introduction` [ RunTime:0.005147s ]
[ 2012-04-18T22:30:11+08:00 ] /admin.php/Introduction/introList | SQL: SELECT * FROM `qilihai_introduction`  [ RunTime:0.001844s ]
[ 2012-04-18T22:30:11+08:00 ] /admin.php/Introduction/introList | DEBUG: Tag[ view_template ] --START--
[ 2012-04-18T22:30:11+08:00 ] /admin.php/Introduction/introList | DEBUG: Run LocationTemplate Behavior [ RunTime:0.001003s ]
[ 2012-04-18T22:30:11+08:00 ] /admin.php/Introduction/introList | DEBUG: Tag[ view_template ] --END-- [ RunTime:0.001083s ]
[ 2012-04-18T22:30:11+08:00 ] /admin.php/Introduction/introList | DEBUG: Tag[ view_parse ] --START--
[ 2012-04-18T22:30:11+08:00 ] /admin.php/Introduction/introList | DEBUG: Run ParseTemplate Behavior [ RunTime:0.001565s ]
[ 2012-04-18T22:30:11+08:00 ] /admin.php/Introduction/introList | DEBUG: Tag[ view_parse ] --END-- [ RunTime:0.001653s ]
[ 2012-04-18T22:30:11+08:00 ] /admin.php/Introduction/introList | DEBUG: Tag[ view_filter ] --START--
[ 2012-04-18T22:30:11+08:00 ] /admin.php/Introduction/introList | DEBUG: Run ContentReplace Behavior [ RunTime:0.000613s ]
[ 2012-04-18T22:30:11+08:00 ] /admin.php/Introduction/introList | DEBUG: Run TokenBuild Behavior [ RunTime:0.000687s ]
[ 2012-04-18T22:30:11+08:00 ] /admin.php/Introduction/introList | DEBUG: Run WriteHtmlCache Behavior [ RunTime:0.000376s ]
[ 2012-04-18T22:30:11+08:00 ] /admin.php/Introduction/introList | DEBUG: Run ShowRuntime Behavior [ RunTime:0.000552s ]
[ 2012-04-18T22:30:11+08:00 ] /admin.php/Introduction/introList | DEBUG: Tag[ view_filter ] --END-- [ RunTime:0.002442s ]
[ 2012-04-18T22:30:11+08:00 ] /admin.php/Introduction/introList | DEBUG: Tag[ view_end ] --START--
[ 2012-04-18T22:30:11+08:00 ] /admin.php/Introduction/introList | DEBUG: Run ShowPageTrace Behavior [ RunTime:0.002178s ]
[ 2012-04-18T22:30:11+08:00 ] /admin.php/Introduction/introList | DEBUG: Tag[ view_end ] --END-- [ RunTime:0.002277s ]
[ 2012-04-18T22:30:11+08:00 ] /admin.php/Introduction/introList | DEBUG: Tag[ route_check ] --START--
[ 2012-04-18T22:30:11+08:00 ] /admin.php/Introduction/introList | DEBUG: Run CheckRoute Behavior [ RunTime:0.000932s ]
[ 2012-04-18T22:30:11+08:00 ] /admin.php/Introduction/introList | DEBUG: Tag[ route_check ] --END-- [ RunTime:0.001044s ]
[ 2012-04-18T22:30:11+08:00 ] /admin.php/Introduction/introList | DEBUG: Tag[ app_begin ] --START--
[ 2012-04-18T22:30:11+08:00 ] /admin.php/Introduction/introList | DEBUG: Run ReadHtmlCache Behavior [ RunTime:0.000611s ]
[ 2012-04-18T22:30:11+08:00 ] /admin.php/Introduction/introList | DEBUG: Run CheckTemplate Behavior [ RunTime:0.000501s ]
[ 2012-04-18T22:30:11+08:00 ] /admin.php/Introduction/introList | DEBUG: Tag[ app_begin ] --END-- [ RunTime:0.001216s ]
[ 2012-04-18T22:30:11+08:00 ] /admin.php/Introduction/introList | SQL: SHOW COLUMNS FROM `qilihai_introduction` [ RunTime:0.003579s ]
[ 2012-04-18T22:30:11+08:00 ] /admin.php/Introduction/introList | SQL: SELECT * FROM `qilihai_introduction`  [ RunTime:0.001038s ]
[ 2012-04-18T22:30:11+08:00 ] /admin.php/Introduction/introList | DEBUG: Tag[ view_template ] --START--
[ 2012-04-18T22:30:11+08:00 ] /admin.php/Introduction/introList | DEBUG: Run LocationTemplate Behavior [ RunTime:0.002627s ]
[ 2012-04-18T22:30:11+08:00 ] /admin.php/Introduction/introList | DEBUG: Tag[ view_template ] --END-- [ RunTime:0.002701s ]
[ 2012-04-18T22:30:11+08:00 ] /admin.php/Introduction/introList | DEBUG: Tag[ view_parse ] --START--
[ 2012-04-18T22:30:11+08:00 ] /admin.php/Introduction/introList | DEBUG: Run ParseTemplate Behavior [ RunTime:0.002516s ]
[ 2012-04-18T22:30:11+08:00 ] /admin.php/Introduction/introList | DEBUG: Tag[ view_parse ] --END-- [ RunTime:0.002582s ]
[ 2012-04-18T22:30:11+08:00 ] /admin.php/Introduction/introList | DEBUG: Tag[ view_filter ] --START--
[ 2012-04-18T22:30:11+08:00 ] /admin.php/Introduction/introList | DEBUG: Run ContentReplace Behavior [ RunTime:0.001298s ]
[ 2012-04-18T22:30:11+08:00 ] /admin.php/Introduction/introList | DEBUG: Run TokenBuild Behavior [ RunTime:0.001473s ]
[ 2012-04-18T22:30:11+08:00 ] /admin.php/Introduction/introList | DEBUG: Run WriteHtmlCache Behavior [ RunTime:0.001140s ]
[ 2012-04-18T22:30:11+08:00 ] /admin.php/Introduction/introList | DEBUG: Run ShowRuntime Behavior [ RunTime:0.001368s ]
[ 2012-04-18T22:30:11+08:00 ] /admin.php/Introduction/introList | DEBUG: Tag[ view_filter ] --END-- [ RunTime:0.005451s ]
[ 2012-04-18T22:30:11+08:00 ] /admin.php/Introduction/introList | DEBUG: Tag[ view_end ] --START--
[ 2012-04-18T22:30:11+08:00 ] /admin.php/Introduction/introList | DEBUG: Run ShowPageTrace Behavior [ RunTime:0.003183s ]
[ 2012-04-18T22:30:11+08:00 ] /admin.php/Introduction/introList | DEBUG: Tag[ view_end ] --END-- [ RunTime:0.003281s ]
[ 2012-04-18T22:30:11+08:00 ] /admin.php/js/jquery-1.4.1.js | ERR: (ThinkException) 无法加载模块js
